# JRE version: OpenJDK Runtime Environment Temurin-17.0.15+6 (17.0.15+6) (build 17.0.15+6)
# Java VM: OpenJDK 64-Bit Server VM Temurin-17.0.15+6 (17.0.15+6, mixed mode, sharing, tiered, compressed oops, compressed class ptrs, g1 gc, windows-amd64)
GC Precious Log:
 CPUs: 4 total, 4 available
 Memory: 3964M
 Large Page Support: Disabled
 NUMA Support: Disabled
 Compressed Oops: Enabled (32-bit)
 Heap Region Size: 1M
 Heap Min Capacity: 8M
 Heap Initial Capacity: 62M
 Heap Max Capacity: 992M
 Pre-touch: Disabled
 Parallel Workers: 4
 Concurrent Workers: 1
 Concurrent Refinement Workers: 4
 Periodic GC: Disabled
Heap:
 garbage-first heap   total 517120K, used 335872K [0x00000000c2000000, 0x0000000100000000)
  region size 1024K, 116 young (118784K), 19 survivors (19456K)
 Metaspace       used 77652K, committed 78336K, reserved 1179648K
  class space    used 8592K, committed 8960K, reserved 1048576K
GC Heap History (20 events):
Event: 75.571 GC heap before
{Heap before GC invocations=58 (full 0):
 garbage-first heap   total 183296K, used 148130K [0x00000000c2000000, 0x0000000100000000)
  region size 1024K, 49 young (50176K), 6 survivors (6144K)
 Metaspace       used 72633K, committed 73280K, reserved 1114112K
  class space    used 8425K, committed 8768K, reserved 1048576K
}
Event: 75.602 GC heap after
{Heap after GC invocations=59 (full 0):
 garbage-first heap   total 183296K, used 107727K [0x00000000c2000000, 0x0000000100000000)
  region size 1024K, 5 young (5120K), 5 survivors (5120K)
 Metaspace       used 72633K, committed 73280K, reserved 1114112K
  class space    used 8425K, committed 8768K, reserved 1048576K
}
Event: 78.996 GC heap before
{Heap before GC invocations=59 (full 0):
 garbage-first heap   total 183296K, used 149711K [0x00000000c2000000, 0x0000000100000000)
  region size 1024K, 45 young (46080K), 5 survivors (5120K)
 Metaspace       used 73058K, committed 73664K, reserved 1114112K
  class space    used 8445K, committed 8768K, reserved 1048576K
}
Event: 79.008 GC heap after
{Heap after GC invocations=60 (full 0):
 garbage-first heap   total 183296K, used 110527K [0x00000000c2000000, 0x0000000100000000)
  region size 1024K, 5 young (5120K), 5 survivors (5120K)
 Metaspace       used 73058K, committed 73664K, reserved 1114112K
  class space    used 8445K, committed 8768K, reserved 1048576K
}
Event: 84.605 GC heap before
{Heap before GC invocations=60 (full 0):
 garbage-first heap   total 183296K, used 149439K [0x00000000c2000000, 0x0000000100000000)
  region size 1024K, 42 young (43008K), 5 survivors (5120K)
 Metaspace       used 73622K, committed 74240K, reserved 1179648K
  class space    used 8470K, committed 8768K, reserved 1048576K
}
Event: 84.629 GC heap after
{Heap after GC invocations=61 (full 0):
 garbage-first heap   total 183296K, used 117747K [0x00000000c2000000, 0x0000000100000000)
  region size 1024K, 6 young (6144K), 6 survivors (6144K)
 Metaspace       used 73622K, committed 74240K, reserved 1179648K
  class space    used 8470K, committed 8768K, reserved 1048576K
}
Event: 87.857 GC heap before
{Heap before GC invocations=61 (full 0):
 garbage-first heap   total 183296K, used 149491K [0x00000000c2000000, 0x0000000100000000)
  region size 1024K, 37 young (37888K), 6 survivors (6144K)
 Metaspace       used 74032K, committed 74624K, reserved 1179648K
  class space    used 8477K, committed 8768K, reserved 1048576K
}
Event: 88.011 GC heap after
{Heap after GC invocations=62 (full 0):
 garbage-first heap   total 183296K, used 119508K [0x00000000c2000000, 0x0000000100000000)
  region size 1024K, 4 young (4096K), 4 survivors (4096K)
 Metaspace       used 74032K, committed 74624K, reserved 1179648K
  class space    used 8477K, committed 8768K, reserved 1048576K
}
Event: 89.589 GC heap before
{Heap before GC invocations=62 (full 0):
 garbage-first heap   total 183296K, used 151252K [0x00000000c2000000, 0x0000000100000000)
  region size 1024K, 34 young (34816K), 4 survivors (4096K)
 Metaspace       used 74192K, committed 74816K, reserved 1179648K
  class space    used 8487K, committed 8832K, reserved 1048576K
}
Event: 89.622 GC heap after
{Heap after GC invocations=63 (full 0):
 garbage-first heap   total 517120K, used 126748K [0x00000000c2000000, 0x0000000100000000)
  region size 1024K, 5 young (5120K), 5 survivors (5120K)
 Metaspace       used 74192K, committed 74816K, reserved 1179648K
  class space    used 8487K, committed 8832K, reserved 1048576K
}
Event: 94.729 GC heap before
{Heap before GC invocations=63 (full 0):
 garbage-first heap   total 517120K, used 372508K [0x00000000c2000000, 0x0000000100000000)
  region size 1024K, 242 young (247808K), 5 survivors (5120K)
 Metaspace       used 74724K, committed 75328K, reserved 1179648K
  class space    used 8492K, committed 8832K, reserved 1048576K
}
Event: 94.814 GC heap after
{Heap after GC invocations=64 (full 0):
 garbage-first heap   total 517120K, used 151974K [0x00000000c2000000, 0x0000000100000000)
  region size 1024K, 30 young (30720K), 30 survivors (30720K)
 Metaspace       used 74724K, committed 75328K, reserved 1179648K
  class space    used 8492K, committed 8832K, reserved 1048576K
}
Event: 97.277 GC heap before
{Heap before GC invocations=64 (full 0):
 garbage-first heap   total 517120K, used 369062K [0x00000000c2000000, 0x0000000100000000)
  region size 1024K, 238 young (243712K), 30 survivors (30720K)
 Metaspace       used 75029K, committed 75648K, reserved 1179648K
  class space    used 8495K, committed 8832K, reserved 1048576K
}
Event: 97.359 GC heap after
{Heap after GC invocations=65 (full 0):
 garbage-first heap   total 517120K, used 175796K [0x00000000c2000000, 0x0000000100000000)
  region size 1024K, 24 young (24576K), 24 survivors (24576K)
 Metaspace       used 75029K, committed 75648K, reserved 1179648K
  class space    used 8495K, committed 8832K, reserved 1048576K
}
Event: 111.362 GC heap before
{Heap before GC invocations=65 (full 0):
 garbage-first heap   total 517120K, used 384692K [0x00000000c2000000, 0x0000000100000000)
  region size 1024K, 225 young (230400K), 24 survivors (24576K)
 Metaspace       used 76284K, committed 76928K, reserved 1179648K
  class space    used 8565K, committed 8896K, reserved 1048576K
}
Event: 111.422 GC heap after
{Heap after GC invocations=66 (full 0):
 garbage-first heap   total 517120K, used 196608K [0x00000000c2000000, 0x0000000100000000)
  region size 1024K, 21 young (21504K), 21 survivors (21504K)
 Metaspace       used 76284K, committed 76928K, reserved 1179648K
  class space    used 8565K, committed 8896K, reserved 1048576K
}
Event: 121.680 GC heap before
{Heap before GC invocations=66 (full 0):
 garbage-first heap   total 517120K, used 400384K [0x00000000c2000000, 0x0000000100000000)
  region size 1024K, 216 young (221184K), 21 survivors (21504K)
 Metaspace       used 77018K, committed 77632K, reserved 1179648K
  class space    used 8576K, committed 8896K, reserved 1048576K
}
Event: 121.743 GC heap after
{Heap after GC invocations=67 (full 0):
 garbage-first heap   total 517120K, used 219648K [0x00000000c2000000, 0x0000000100000000)
  region size 1024K, 23 young (23552K), 23 survivors (23552K)
 Metaspace       used 77018K, committed 77632K, reserved 1179648K
  class space    used 8576K, committed 8896K, reserved 1048576K
}
Event: 131.069 GC heap before
{Heap before GC invocations=67 (full 0):
 garbage-first heap   total 517120K, used 408064K [0x00000000c2000000, 0x0000000100000000)
  region size 1024K, 203 young (207872K), 23 survivors (23552K)
 Metaspace       used 77380K, committed 78080K, reserved 1179648K
  class space    used 8586K, committed 8960K, reserved 1048576K
}
Event: 131.367 GC heap after
{Heap after GC invocations=68 (full 0):
 garbage-first heap   total 517120K, used 236544K [0x00000000c2000000, 0x0000000100000000)
  region size 1024K, 19 young (19456K), 19 survivors (19456K)
 Metaspace       used 77380K, committed 78080K, reserved 1179648K
  class space    used 8586K, committed 8960K, reserved 1048576K
}

