# JRE version: OpenJDK Runtime Environment Temurin-21.0.9+10 (21.0.9+10) (build 21.0.9+10-LTS)
# Java VM: OpenJDK 64-Bit Server VM Temurin-21.0.9+10 (21.0.9+10-LTS, mixed mode, sharing, tiered, compressed oops, compressed class ptrs, parallel gc, windows-amd64)
GC Precious Log:
 CardTable entry size: 512
 CPUs: 4 total, 4 available
 Memory: 3964M
 Large Page Support: Disabled
 NUMA Support: Disabled
 Compressed Oops: Enabled (32-bit)
 Alignments: Space 512K, Generation 512K, Heap 2M
 Heap Min Capacity: 100M
 Heap Initial Capacity: 100M
 Heap Max Capacity: 2G
 Pre-touch: Disabled
 Parallel Workers: 4
Heap:
 PSYoungGen      total 18944K, used 14008K [0x00000000d5580000, 0x00000000d6a80000, 0x0000000100000000)
  eden space 17920K, 74% used [0x00000000d5580000,0x00000000d629e160,0x00000000d6700000)
  from space 1024K, 56% used [0x00000000d6980000,0x00000000d6a10040,0x00000000d6a80000)
  to   space 1024K, 0% used [0x00000000d6880000,0x00000000d6880000,0x00000000d6980000)
 ParOldGen       total 68608K, used 60358K [0x0000000080000000, 0x0000000084300000, 0x00000000d5580000)
  object space 68608K, 87% used [0x0000000080000000,0x0000000083af18a8,0x0000000084300000)
 Metaspace       used 72817K, committed 74432K, reserved 1114112K
  class space    used 9057K, committed 9728K, reserved 1048576K
GC Heap History (20 events):
Event: 18.853 GC heap before
{Heap before GC invocations=52 (full 3):
 PSYoungGen      total 20992K, used 20689K [0x00000000d5580000, 0x00000000d6d80000, 0x0000000100000000)
  eden space 20480K, 100% used [0x00000000d5580000,0x00000000d6980000,0x00000000d6980000)
  from space 512K, 40% used [0x00000000d6d00000,0x00000000d6d34640,0x00000000d6d80000)
  to   space 512K, 0% used [0x00000000d6c80000,0x00000000d6c80000,0x00000000d6d00000)
 ParOldGen       total 68608K, used 52762K [0x0000000080000000, 0x0000000084300000, 0x00000000d5580000)
  object space 68608K, 76% used [0x0000000080000000,0x0000000083386aa8,0x0000000084300000)
 Metaspace       used 61138K, committed 62464K, reserved 1114112K
  class space    used 7613K, committed 8192K, reserved 1048576K
}
Event: 18.854 GC heap after
{Heap after GC invocations=52 (full 3):
 PSYoungGen      total 20992K, used 405K [0x00000000d5580000, 0x00000000d6d80000, 0x0000000100000000)
  eden space 20480K, 0% used [0x00000000d5580000,0x00000000d5580000,0x00000000d6980000)
  from space 512K, 79% used [0x00000000d6c80000,0x00000000d6ce5780,0x00000000d6d00000)
  to   space 512K, 0% used [0x00000000d6d00000,0x00000000d6d00000,0x00000000d6d80000)
 ParOldGen       total 68608K, used 52810K [0x0000000080000000, 0x0000000084300000, 0x00000000d5580000)
  object space 68608K, 76% used [0x0000000080000000,0x0000000083392ab8,0x0000000084300000)
 Metaspace       used 61138K, committed 62464K, reserved 1114112K
  class space    used 7613K, committed 8192K, reserved 1048576K
}
Event: 18.992 GC heap before
{Heap before GC invocations=53 (full 3):
 PSYoungGen      total 20992K, used 20885K [0x00000000d5580000, 0x00000000d6d80000, 0x0000000100000000)
  eden space 20480K, 100% used [0x00000000d5580000,0x00000000d6980000,0x00000000d6980000)
  from space 512K, 79% used [0x00000000d6c80000,0x00000000d6ce5780,0x00000000d6d00000)
  to   space 512K, 0% used [0x00000000d6d00000,0x00000000d6d00000,0x00000000d6d80000)
 ParOldGen       total 68608K, used 52810K [0x0000000080000000, 0x0000000084300000, 0x00000000d5580000)
  object space 68608K, 76% used [0x0000000080000000,0x0000000083392ab8,0x0000000084300000)
 Metaspace       used 61138K, committed 62464K, reserved 1114112K
  class space    used 7613K, committed 8192K, reserved 1048576K
}
Event: 18.993 GC heap after
{Heap after GC invocations=53 (full 3):
 PSYoungGen      total 20992K, used 494K [0x00000000d5580000, 0x00000000d6d80000, 0x0000000100000000)
  eden space 20480K, 0% used [0x00000000d5580000,0x00000000d5580000,0x00000000d6980000)
  from space 512K, 96% used [0x00000000d6d00000,0x00000000d6d7bb68,0x00000000d6d80000)
  to   space 1024K, 0% used [0x00000000d6b80000,0x00000000d6b80000,0x00000000d6c80000)
 ParOldGen       total 68608K, used 53208K [0x0000000080000000, 0x0000000084300000, 0x00000000d5580000)
  object space 68608K, 77% used [0x0000000080000000,0x00000000833f6340,0x0000000084300000)
 Metaspace       used 61138K, committed 62464K, reserved 1114112K
  class space    used 7613K, committed 8192K, reserved 1048576K
}
Event: 19.104 GC heap before
{Heap before GC invocations=54 (full 3):
 PSYoungGen      total 20992K, used 20974K [0x00000000d5580000, 0x00000000d6d80000, 0x0000000100000000)
  eden space 20480K, 100% used [0x00000000d5580000,0x00000000d6980000,0x00000000d6980000)
  from space 512K, 96% used [0x00000000d6d00000,0x00000000d6d7bb68,0x00000000d6d80000)
  to   space 1024K, 0% used [0x00000000d6b80000,0x00000000d6b80000,0x00000000d6c80000)
 ParOldGen       total 68608K, used 53208K [0x0000000080000000, 0x0000000084300000, 0x00000000d5580000)
  object space 68608K, 77% used [0x0000000080000000,0x00000000833f6340,0x0000000084300000)
 Metaspace       used 61138K, committed 62464K, reserved 1114112K
  class space    used 7613K, committed 8192K, reserved 1048576K
}
Event: 19.105 GC heap after
{Heap after GC invocations=54 (full 3):
 PSYoungGen      total 21504K, used 1013K [0x00000000d5580000, 0x00000000d6d80000, 0x0000000100000000)
  eden space 20480K, 0% used [0x00000000d5580000,0x00000000d5580000,0x00000000d6980000)
  from space 1024K, 98% used [0x00000000d6b80000,0x00000000d6c7d620,0x00000000d6c80000)
  to   space 1024K, 0% used [0x00000000d6c80000,0x00000000d6c80000,0x00000000d6d80000)
 ParOldGen       total 68608K, used 53369K [0x0000000080000000, 0x0000000084300000, 0x00000000d5580000)
  object space 68608K, 77% used [0x0000000080000000,0x000000008341e470,0x0000000084300000)
 Metaspace       used 61138K, committed 62464K, reserved 1114112K
  class space    used 7613K, committed 8192K, reserved 1048576K
}
Event: 19.330 GC heap before
{Heap before GC invocations=55 (full 3):
 PSYoungGen      total 21504K, used 21493K [0x00000000d5580000, 0x00000000d6d80000, 0x0000000100000000)
  eden space 20480K, 100% used [0x00000000d5580000,0x00000000d6980000,0x00000000d6980000)
  from space 1024K, 98% used [0x00000000d6b80000,0x00000000d6c7d620,0x00000000d6c80000)
  to   space 1024K, 0% used [0x00000000d6c80000,0x00000000d6c80000,0x00000000d6d80000)
 ParOldGen       total 68608K, used 53369K [0x0000000080000000, 0x0000000084300000, 0x00000000d5580000)
  object space 68608K, 77% used [0x0000000080000000,0x000000008341e470,0x0000000084300000)
 Metaspace       used 62554K, committed 64000K, reserved 1114112K
  class space    used 7829K, committed 8512K, reserved 1048576K
}
Event: 19.332 GC heap after
{Heap after GC invocations=55 (full 3):
 PSYoungGen      total 20992K, used 512K [0x00000000d5580000, 0x00000000d6d00000, 0x0000000100000000)
  eden space 20480K, 0% used [0x00000000d5580000,0x00000000d5580000,0x00000000d6980000)
  from space 512K, 100% used [0x00000000d6c80000,0x00000000d6d00000,0x00000000d6d00000)
  to   space 1024K, 0% used [0x00000000d6b00000,0x00000000d6b00000,0x00000000d6c00000)
 ParOldGen       total 68608K, used 53401K [0x0000000080000000, 0x0000000084300000, 0x00000000d5580000)
  object space 68608K, 77% used [0x0000000080000000,0x0000000083426470,0x0000000084300000)
 Metaspace       used 62554K, committed 64000K, reserved 1114112K
  class space    used 7829K, committed 8512K, reserved 1048576K
}
Event: 24.312 GC heap before
{Heap before GC invocations=56 (full 3):
 PSYoungGen      total 20992K, used 20992K [0x00000000d5580000, 0x00000000d6d00000, 0x0000000100000000)
  eden space 20480K, 100% used [0x00000000d5580000,0x00000000d6980000,0x00000000d6980000)
  from space 512K, 100% used [0x00000000d6c80000,0x00000000d6d00000,0x00000000d6d00000)
  to   space 1024K, 0% used [0x00000000d6b00000,0x00000000d6b00000,0x00000000d6c00000)
 ParOldGen       total 68608K, used 53401K [0x0000000080000000, 0x0000000084300000, 0x00000000d5580000)
  object space 68608K, 77% used [0x0000000080000000,0x0000000083426470,0x0000000084300000)
 Metaspace       used 64746K, committed 66240K, reserved 1114112K
  class space    used 8127K, committed 8832K, reserved 1048576K
}
Event: 24.315 GC heap after
{Heap after GC invocations=56 (full 3):
 PSYoungGen      total 21504K, used 992K [0x00000000d5580000, 0x00000000d6d00000, 0x0000000100000000)
  eden space 20480K, 0% used [0x00000000d5580000,0x00000000d5580000,0x00000000d6980000)
  from space 1024K, 96% used [0x00000000d6b00000,0x00000000d6bf8010,0x00000000d6c00000)
  to   space 1024K, 0% used [0x00000000d6c00000,0x00000000d6c00000,0x00000000d6d00000)
 ParOldGen       total 68608K, used 53880K [0x0000000080000000, 0x0000000084300000, 0x00000000d5580000)
  object space 68608K, 78% used [0x0000000080000000,0x000000008349e180,0x0000000084300000)
 Metaspace       used 64746K, committed 66240K, reserved 1114112K
  class space    used 8127K, committed 8832K, reserved 1048576K
}
Event: 33.600 GC heap before
{Heap before GC invocations=57 (full 3):
 PSYoungGen      total 21504K, used 21472K [0x00000000d5580000, 0x00000000d6d00000, 0x0000000100000000)
  eden space 20480K, 100% used [0x00000000d5580000,0x00000000d6980000,0x00000000d6980000)
  from space 1024K, 96% used [0x00000000d6b00000,0x00000000d6bf8010,0x00000000d6c00000)
  to   space 1024K, 0% used [0x00000000d6c00000,0x00000000d6c00000,0x00000000d6d00000)
 ParOldGen       total 68608K, used 53880K [0x0000000080000000, 0x0000000084300000, 0x00000000d5580000)
  object space 68608K, 78% used [0x0000000080000000,0x000000008349e180,0x0000000084300000)
 Metaspace       used 66489K, committed 68032K, reserved 1114112K
  class space    used 8326K, committed 9024K, reserved 1048576K
}
Event: 33.606 GC heap after
{Heap after GC invocations=57 (full 3):
 PSYoungGen      total 18944K, used 1024K [0x00000000d5580000, 0x00000000d7380000, 0x0000000100000000)
  eden space 17920K, 0% used [0x00000000d5580000,0x00000000d5580000,0x00000000d6700000)
  from space 1024K, 100% used [0x00000000d6c00000,0x00000000d6d00000,0x00000000d6d00000)
  to   space 5120K, 0% used [0x00000000d6700000,0x00000000d6700000,0x00000000d6c00000)
 ParOldGen       total 68608K, used 57309K [0x0000000080000000, 0x0000000084300000, 0x00000000d5580000)
  object space 68608K, 83% used [0x0000000080000000,0x00000000837f77f8,0x0000000084300000)
 Metaspace       used 66489K, committed 68032K, reserved 1114112K
  class space    used 8326K, committed 9024K, reserved 1048576K
}
Event: 33.950 GC heap before
{Heap before GC invocations=58 (full 3):
 PSYoungGen      total 18944K, used 18944K [0x00000000d5580000, 0x00000000d7380000, 0x0000000100000000)
  eden space 17920K, 100% used [0x00000000d5580000,0x00000000d6700000,0x00000000d6700000)
  from space 1024K, 100% used [0x00000000d6c00000,0x00000000d6d00000,0x00000000d6d00000)
  to   space 5120K, 0% used [0x00000000d6700000,0x00000000d6700000,0x00000000d6c00000)
 ParOldGen       total 68608K, used 57309K [0x0000000080000000, 0x0000000084300000, 0x00000000d5580000)
  object space 68608K, 83% used [0x0000000080000000,0x00000000837f77f8,0x0000000084300000)
 Metaspace       used 68509K, committed 69952K, reserved 1114112K
  class space    used 8581K, committed 9216K, reserved 1048576K
}
Event: 33.955 GC heap after
{Heap after GC invocations=58 (full 3):
 PSYoungGen      total 19456K, used 1401K [0x00000000d5580000, 0x00000000d6c80000, 0x0000000100000000)
  eden space 17920K, 0% used [0x00000000d5580000,0x00000000d5580000,0x00000000d6700000)
  from space 1536K, 91% used [0x00000000d6700000,0x00000000d685e470,0x00000000d6880000)
  to   space 2560K, 0% used [0x00000000d6a00000,0x00000000d6a00000,0x00000000d6c80000)
 ParOldGen       total 68608K, used 58289K [0x0000000080000000, 0x0000000084300000, 0x00000000d5580000)
  object space 68608K, 84% used [0x0000000080000000,0x00000000838ec420,0x0000000084300000)
 Metaspace       used 68509K, committed 69952K, reserved 1114112K
  class space    used 8581K, committed 9216K, reserved 1048576K
}
Event: 36.465 GC heap before
{Heap before GC invocations=59 (full 3):
 PSYoungGen      total 19456K, used 19321K [0x00000000d5580000, 0x00000000d6c80000, 0x0000000100000000)
  eden space 17920K, 100% used [0x00000000d5580000,0x00000000d6700000,0x00000000d6700000)
  from space 1536K, 91% used [0x00000000d6700000,0x00000000d685e470,0x00000000d6880000)
  to   space 2560K, 0% used [0x00000000d6a00000,0x00000000d6a00000,0x00000000d6c80000)
 ParOldGen       total 68608K, used 58289K [0x0000000080000000, 0x0000000084300000, 0x00000000d5580000)
  object space 68608K, 84% used [0x0000000080000000,0x00000000838ec420,0x0000000084300000)
 Metaspace       used 69938K, committed 71424K, reserved 1114112K
  class space    used 8754K, committed 9408K, reserved 1048576K
}
Event: 36.469 GC heap after
{Heap after GC invocations=59 (full 3):
 PSYoungGen      total 19456K, used 1047K [0x00000000d5580000, 0x00000000d6b80000, 0x0000000100000000)
  eden space 17920K, 0% used [0x00000000d5580000,0x00000000d5580000,0x00000000d6700000)
  from space 1536K, 68% used [0x00000000d6a00000,0x00000000d6b05fb0,0x00000000d6b80000)
  to   space 1536K, 0% used [0x00000000d6700000,0x00000000d6700000,0x00000000d6880000)
 ParOldGen       total 68608K, used 59627K [0x0000000080000000, 0x0000000084300000, 0x00000000d5580000)
  object space 68608K, 86% used [0x0000000080000000,0x0000000083a3af78,0x0000000084300000)
 Metaspace       used 69938K, committed 71424K, reserved 1114112K
  class space    used 8754K, committed 9408K, reserved 1048576K
}
Event: 51.156 GC heap before
{Heap before GC invocations=60 (full 3):
 PSYoungGen      total 19456K, used 18965K [0x00000000d5580000, 0x00000000d6b80000, 0x0000000100000000)
  eden space 17920K, 99% used [0x00000000d5580000,0x00000000d66ff7c8,0x00000000d6700000)
  from space 1536K, 68% used [0x00000000d6a00000,0x00000000d6b05fb0,0x00000000d6b80000)
  to   space 1536K, 0% used [0x00000000d6700000,0x00000000d6700000,0x00000000d6880000)
 ParOldGen       total 68608K, used 59627K [0x0000000080000000, 0x0000000084300000, 0x00000000d5580000)
  object space 68608K, 86% used [0x0000000080000000,0x0000000083a3af78,0x0000000084300000)
 Metaspace       used 71008K, committed 72576K, reserved 1114112K
  class space    used 8850K, committed 9536K, reserved 1048576K
}
Event: 51.159 GC heap after
{Heap after GC invocations=60 (full 3):
 PSYoungGen      total 19456K, used 456K [0x00000000d5580000, 0x00000000d6a80000, 0x0000000100000000)
  eden space 17920K, 0% used [0x00000000d5580000,0x00000000d5580000,0x00000000d6700000)
  from space 1536K, 29% used [0x00000000d6700000,0x00000000d67721b8,0x00000000d6880000)
  to   space 1024K, 0% used [0x00000000d6980000,0x00000000d6980000,0x00000000d6a80000)
 ParOldGen       total 68608K, used 60039K [0x0000000080000000, 0x0000000084300000, 0x00000000d5580000)
  object space 68608K, 87% used [0x0000000080000000,0x0000000083aa1fa8,0x0000000084300000)
 Metaspace       used 71008K, committed 72576K, reserved 1114112K
  class space    used 8850K, committed 9536K, reserved 1048576K
}
Event: 52.455 GC heap before
{Heap before GC invocations=61 (full 3):
 PSYoungGen      total 19456K, used 18376K [0x00000000d5580000, 0x00000000d6a80000, 0x0000000100000000)
  eden space 17920K, 100% used [0x00000000d5580000,0x00000000d6700000,0x00000000d6700000)
  from space 1536K, 29% used [0x00000000d6700000,0x00000000d67721b8,0x00000000d6880000)
  to   space 1024K, 0% used [0x00000000d6980000,0x00000000d6980000,0x00000000d6a80000)
 ParOldGen       total 68608K, used 60039K [0x0000000080000000, 0x0000000084300000, 0x00000000d5580000)
  object space 68608K, 87% used [0x0000000080000000,0x0000000083aa1fa8,0x0000000084300000)
 Metaspace       used 71881K, committed 73408K, reserved 1114112K
  class space    used 8954K, committed 9664K, reserved 1048576K
}
Event: 52.456 GC heap after
{Heap after GC invocations=61 (full 3):
 PSYoungGen      total 18944K, used 576K [0x00000000d5580000, 0x00000000d6a80000, 0x0000000100000000)
  eden space 17920K, 0% used [0x00000000d5580000,0x00000000d5580000,0x00000000d6700000)
  from space 1024K, 56% used [0x00000000d6980000,0x00000000d6a10040,0x00000000d6a80000)
  to   space 1024K, 0% used [0x00000000d6880000,0x00000000d6880000,0x00000000d6980000)
 ParOldGen       total 68608K, used 60358K [0x0000000080000000, 0x0000000084300000, 0x00000000d5580000)
  object space 68608K, 87% used [0x0000000080000000,0x0000000083af18a8,0x0000000084300000)
 Metaspace       used 71881K, committed 73408K, reserved 1114112K
  class space    used 8954K, committed 9664K, reserved 1048576K
}

