# JRE version: OpenJDK Runtime Environment Temurin-17.0.15+6 (17.0.15+6) (build 17.0.15+6)
# Java VM: OpenJDK 64-Bit Server VM Temurin-17.0.15+6 (17.0.15+6, mixed mode, sharing, tiered, compressed oops, compressed class ptrs, g1 gc, windows-amd64)
GC Precious Log:
 CPUs: 4 total, 4 available
 Memory: 3964M
 Large Page Support: Disabled
 NUMA Support: Disabled
 Compressed Oops: Enabled (32-bit)
 Heap Region Size: 1M
 Heap Min Capacity: 8M
 Heap Initial Capacity: 62M
 Heap Max Capacity: 2G
 Pre-touch: Disabled
 Parallel Workers: 4
 Concurrent Workers: 1
 Concurrent Refinement Workers: 4
 Periodic GC: Disabled
Heap:
 garbage-first heap   total 76800K, used 36786K [0x0000000080000000, 0x0000000100000000)
  region size 1024K, 2 young (2048K), 2 survivors (2048K)
 Metaspace       used 38936K, committed 39424K, reserved 1114112K
  class space    used 5267K, committed 5504K, reserved 1048576K
GC Heap History (20 events):
Event: 5.320 GC heap after
{Heap after GC invocations=6 (full 0):
 garbage-first heap   total 63488K, used 21479K [0x0000000080000000, 0x0000000100000000)
  region size 1024K, 2 young (2048K), 2 survivors (2048K)
 Metaspace       used 14842K, committed 15168K, reserved 1114112K
  class space    used 2037K, committed 2176K, reserved 1048576K
}
Event: 6.457 GC heap before
{Heap before GC invocations=6 (full 0):
 garbage-first heap   total 63488K, used 47079K [0x0000000080000000, 0x0000000100000000)
  region size 1024K, 27 young (27648K), 2 survivors (2048K)
 Metaspace       used 18204K, committed 18496K, reserved 1114112K
  class space    used 2609K, committed 2752K, reserved 1048576K
}
Event: 6.467 GC heap after
{Heap after GC invocations=7 (full 0):
 garbage-first heap   total 76800K, used 22638K [0x0000000080000000, 0x0000000100000000)
  region size 1024K, 3 young (3072K), 3 survivors (3072K)
 Metaspace       used 18204K, committed 18496K, reserved 1114112K
  class space    used 2609K, committed 2752K, reserved 1048576K
}
Event: 7.672 GC heap before
{Heap before GC invocations=7 (full 0):
 garbage-first heap   total 76800K, used 50286K [0x0000000080000000, 0x0000000100000000)
  region size 1024K, 31 young (31744K), 3 survivors (3072K)
 Metaspace       used 21194K, committed 21504K, reserved 1114112K
  class space    used 3096K, committed 3264K, reserved 1048576K
}
Event: 7.680 GC heap after
{Heap after GC invocations=8 (full 0):
 garbage-first heap   total 76800K, used 24356K [0x0000000080000000, 0x0000000100000000)
  region size 1024K, 5 young (5120K), 5 survivors (5120K)
 Metaspace       used 21194K, committed 21504K, reserved 1114112K
  class space    used 3096K, committed 3264K, reserved 1048576K
}
Event: 9.117 GC heap before
{Heap before GC invocations=9 (full 0):
 garbage-first heap   total 76800K, used 58148K [0x0000000080000000, 0x0000000100000000)
  region size 1024K, 39 young (39936K), 5 survivors (5120K)
 Metaspace       used 25690K, committed 26176K, reserved 1114112K
  class space    used 3758K, committed 3968K, reserved 1048576K
}
Event: 9.127 GC heap after
{Heap after GC invocations=10 (full 0):
 garbage-first heap   total 76800K, used 27544K [0x0000000080000000, 0x0000000100000000)
  region size 1024K, 5 young (5120K), 5 survivors (5120K)
 Metaspace       used 25690K, committed 26176K, reserved 1114112K
  class space    used 3758K, committed 3968K, reserved 1048576K
}
Event: 9.152 GC heap before
{Heap before GC invocations=10 (full 0):
 garbage-first heap   total 76800K, used 28568K [0x0000000080000000, 0x0000000100000000)
  region size 1024K, 6 young (6144K), 5 survivors (5120K)
 Metaspace       used 25881K, committed 26304K, reserved 1114112K
  class space    used 3764K, committed 3968K, reserved 1048576K
}
Event: 9.159 GC heap after
{Heap after GC invocations=11 (full 0):
 garbage-first heap   total 76800K, used 27737K [0x0000000080000000, 0x0000000100000000)
  region size 1024K, 1 young (1024K), 1 survivors (1024K)
 Metaspace       used 25881K, committed 26304K, reserved 1114112K
  class space    used 3764K, committed 3968K, reserved 1048576K
}
Event: 10.295 GC heap before
{Heap before GC invocations=11 (full 0):
 garbage-first heap   total 76800K, used 57433K [0x0000000080000000, 0x0000000100000000)
  region size 1024K, 31 young (31744K), 1 survivors (1024K)
 Metaspace       used 29884K, committed 30336K, reserved 1114112K
  class space    used 4326K, committed 4544K, reserved 1048576K
}
Event: 10.303 GC heap after
{Heap after GC invocations=12 (full 0):
 garbage-first heap   total 76800K, used 29098K [0x0000000080000000, 0x0000000100000000)
  region size 1024K, 3 young (3072K), 3 survivors (3072K)
 Metaspace       used 29884K, committed 30336K, reserved 1114112K
  class space    used 4326K, committed 4544K, reserved 1048576K
}
Event: 11.133 GC heap before
{Heap before GC invocations=12 (full 0):
 garbage-first heap   total 76800K, used 57770K [0x0000000080000000, 0x0000000100000000)
  region size 1024K, 32 young (32768K), 3 survivors (3072K)
 Metaspace       used 33653K, committed 34112K, reserved 1114112K
  class space    used 4713K, committed 4928K, reserved 1048576K
}
Event: 11.142 GC heap after
{Heap after GC invocations=13 (full 0):
 garbage-first heap   total 76800K, used 32826K [0x0000000080000000, 0x0000000100000000)
  region size 1024K, 4 young (4096K), 4 survivors (4096K)
 Metaspace       used 33653K, committed 34112K, reserved 1114112K
  class space    used 4713K, committed 4928K, reserved 1048576K
}
Event: 11.937 GC heap before
{Heap before GC invocations=13 (full 0):
 garbage-first heap   total 76800K, used 56378K [0x0000000080000000, 0x0000000100000000)
  region size 1024K, 24 young (24576K), 4 survivors (4096K)
 Metaspace       used 35737K, committed 36160K, reserved 1114112K
  class space    used 4901K, committed 5120K, reserved 1048576K
}
Event: 11.945 GC heap after
{Heap after GC invocations=14 (full 0):
 garbage-first heap   total 76800K, used 34633K [0x0000000080000000, 0x0000000100000000)
  region size 1024K, 3 young (3072K), 3 survivors (3072K)
 Metaspace       used 35737K, committed 36160K, reserved 1114112K
  class space    used 4901K, committed 5120K, reserved 1048576K
}
Event: 12.771 GC heap before
{Heap before GC invocations=15 (full 0):
 garbage-first heap   total 76800K, used 60233K [0x0000000080000000, 0x0000000100000000)
  region size 1024K, 27 young (27648K), 3 survivors (3072K)
 Metaspace       used 38372K, committed 38848K, reserved 1114112K
  class space    used 5185K, committed 5376K, reserved 1048576K
}
Event: 12.779 GC heap after
{Heap after GC invocations=16 (full 0):
 garbage-first heap   total 76800K, used 35907K [0x0000000080000000, 0x0000000100000000)
  region size 1024K, 2 young (2048K), 2 survivors (2048K)
 Metaspace       used 38372K, committed 38848K, reserved 1114112K
  class space    used 5185K, committed 5376K, reserved 1048576K
}
Event: 12.785 GC heap before
{Heap before GC invocations=16 (full 0):
 garbage-first heap   total 76800K, used 36931K [0x0000000080000000, 0x0000000100000000)
  region size 1024K, 3 young (3072K), 2 survivors (2048K)
 Metaspace       used 38372K, committed 38848K, reserved 1114112K
  class space    used 5185K, committed 5376K, reserved 1048576K
}
Event: 12.791 GC heap after
{Heap after GC invocations=17 (full 0):
 garbage-first heap   total 76800K, used 35734K [0x0000000080000000, 0x0000000100000000)
  region size 1024K, 1 young (1024K), 1 survivors (1024K)
 Metaspace       used 38372K, committed 38848K, reserved 1114112K
  class space    used 5185K, committed 5376K, reserved 1048576K
}
Event: 13.188 GC heap before
{Heap before GC invocations=17 (full 0):
 garbage-first heap   total 76800K, used 60310K [0x0000000080000000, 0x0000000100000000)
  region size 1024K, 25 young (25600K), 1 survivors (1024K)
 Metaspace       used 38936K, committed 39424K, reserved 1114112K
  class space    used 5267K, committed 5504K, reserved 1048576K
}

