# JRE version: OpenJDK Runtime Environment Temurin-17.0.15+6 (17.0.15+6) (build 17.0.15+6)
# Java VM: OpenJDK 64-Bit Server VM Temurin-17.0.15+6 (17.0.15+6, mixed mode, sharing, tiered, compressed oops, compressed class ptrs, g1 gc, windows-amd64)
GC Precious Log:
 CPUs: 4 total, 4 available
 Memory: 3964M
 Large Page Support: Disabled
 NUMA Support: Disabled
 Compressed Oops: Enabled (32-bit)
 Heap Region Size: 1M
 Heap Min Capacity: 8M
 Heap Initial Capacity: 62M
 Heap Max Capacity: 2G
 Pre-touch: Disabled
 Parallel Workers: 4
 Concurrent Workers: 1
 Concurrent Refinement Workers: 4
 Periodic GC: Disabled
Heap:
 garbage-first heap   total 156672K, used 89814K [0x0000000080000000, 0x0000000100000000)
  region size 1024K, 18 young (18432K), 1 survivors (1024K)
 Metaspace       used 61279K, committed 62016K, reserved 1114112K
  class space    used 8358K, committed 8704K, reserved 1048576K
GC Heap History (20 events):
Event: 10.159 GC heap before
{Heap before GC invocations=16 (full 0):
 garbage-first heap   total 130048K, used 101212K [0x0000000080000000, 0x0000000100000000)
  region size 1024K, 68 young (69632K), 6 survivors (6144K)
 Metaspace       used 47530K, committed 48192K, reserved 1114112K
  class space    used 6559K, committed 6912K, reserved 1048576K
}
Event: 10.170 GC heap after
{Heap after GC invocations=17 (full 0):
 garbage-first heap   total 130048K, used 40475K [0x0000000080000000, 0x0000000100000000)
  region size 1024K, 6 young (6144K), 6 survivors (6144K)
 Metaspace       used 47530K, committed 48192K, reserved 1114112K
  class space    used 6559K, committed 6912K, reserved 1048576K
}
Event: 11.582 GC heap before
{Heap before GC invocations=17 (full 0):
 garbage-first heap   total 130048K, used 102939K [0x0000000080000000, 0x0000000100000000)
  region size 1024K, 67 young (68608K), 6 survivors (6144K)
 Metaspace       used 53235K, committed 53888K, reserved 1114112K
  class space    used 7420K, committed 7744K, reserved 1048576K
}
Event: 11.594 GC heap after
{Heap after GC invocations=18 (full 0):
 garbage-first heap   total 130048K, used 44336K [0x0000000080000000, 0x0000000100000000)
  region size 1024K, 7 young (7168K), 7 survivors (7168K)
 Metaspace       used 53235K, committed 53888K, reserved 1114112K
  class space    used 7420K, committed 7744K, reserved 1048576K
}
Event: 13.394 GC heap before
{Heap before GC invocations=18 (full 0):
 garbage-first heap   total 130048K, used 103728K [0x0000000080000000, 0x0000000100000000)
  region size 1024K, 65 young (66560K), 7 survivors (7168K)
 Metaspace       used 56323K, committed 56960K, reserved 1114112K
  class space    used 7836K, committed 8128K, reserved 1048576K
}
Event: 13.415 GC heap after
{Heap after GC invocations=19 (full 0):
 garbage-first heap   total 130048K, used 50087K [0x0000000080000000, 0x0000000100000000)
  region size 1024K, 9 young (9216K), 9 survivors (9216K)
 Metaspace       used 56323K, committed 56960K, reserved 1114112K
  class space    used 7836K, committed 8128K, reserved 1048576K
}
Event: 14.879 GC heap before
{Heap before GC invocations=19 (full 0):
 garbage-first heap   total 130048K, used 101287K [0x0000000080000000, 0x0000000100000000)
  region size 1024K, 60 young (61440K), 9 survivors (9216K)
 Metaspace       used 56852K, committed 57536K, reserved 1114112K
  class space    used 7862K, committed 8192K, reserved 1048576K
}
Event: 14.899 GC heap after
{Heap after GC invocations=20 (full 0):
 garbage-first heap   total 130048K, used 52495K [0x0000000080000000, 0x0000000100000000)
  region size 1024K, 5 young (5120K), 5 survivors (5120K)
 Metaspace       used 56852K, committed 57536K, reserved 1114112K
  class space    used 7862K, committed 8192K, reserved 1048576K
}
Event: 15.680 GC heap before
{Heap before GC invocations=20 (full 0):
 garbage-first heap   total 130048K, used 101647K [0x0000000080000000, 0x0000000100000000)
  region size 1024K, 54 young (55296K), 5 survivors (5120K)
 Metaspace       used 56928K, committed 57600K, reserved 1114112K
  class space    used 7862K, committed 8192K, reserved 1048576K
}
Event: 15.687 GC heap after
{Heap after GC invocations=21 (full 0):
 garbage-first heap   total 130048K, used 52786K [0x0000000080000000, 0x0000000100000000)
  region size 1024K, 5 young (5120K), 5 survivors (5120K)
 Metaspace       used 56928K, committed 57600K, reserved 1114112K
  class space    used 7862K, committed 8192K, reserved 1048576K
}
Event: 16.544 GC heap before
{Heap before GC invocations=21 (full 0):
 garbage-first heap   total 130048K, used 102962K [0x0000000080000000, 0x0000000100000000)
  region size 1024K, 55 young (56320K), 5 survivors (5120K)
 Metaspace       used 56939K, committed 57600K, reserved 1114112K
  class space    used 7862K, committed 8192K, reserved 1048576K
}
Event: 16.551 GC heap after
{Heap after GC invocations=22 (full 0):
 garbage-first heap   total 130048K, used 53872K [0x0000000080000000, 0x0000000100000000)
  region size 1024K, 5 young (5120K), 5 survivors (5120K)
 Metaspace       used 56939K, committed 57600K, reserved 1114112K
  class space    used 7862K, committed 8192K, reserved 1048576K
}
Event: 17.481 GC heap before
{Heap before GC invocations=22 (full 0):
 garbage-first heap   total 130048K, used 99952K [0x0000000080000000, 0x0000000100000000)
  region size 1024K, 45 young (46080K), 5 survivors (5120K)
 Metaspace       used 57983K, committed 58688K, reserved 1114112K
  class space    used 7985K, committed 8320K, reserved 1048576K
}
Event: 17.490 GC heap after
{Heap after GC invocations=23 (full 0):
 garbage-first heap   total 130048K, used 64347K [0x0000000080000000, 0x0000000100000000)
  region size 1024K, 7 young (7168K), 7 survivors (7168K)
 Metaspace       used 57983K, committed 58688K, reserved 1114112K
  class space    used 7985K, committed 8320K, reserved 1048576K
}
Event: 17.508 GC heap before
{Heap before GC invocations=23 (full 0):
 garbage-first heap   total 130048K, used 67419K [0x0000000080000000, 0x0000000100000000)
  region size 1024K, 8 young (8192K), 7 survivors (7168K)
 Metaspace       used 57983K, committed 58688K, reserved 1114112K
  class space    used 7985K, committed 8320K, reserved 1048576K
}
Event: 17.515 GC heap after
{Heap after GC invocations=24 (full 0):
 garbage-first heap   total 130048K, used 68409K [0x0000000080000000, 0x0000000100000000)
  region size 1024K, 2 young (2048K), 2 survivors (2048K)
 Metaspace       used 57983K, committed 58688K, reserved 1114112K
  class space    used 7985K, committed 8320K, reserved 1048576K
}
Event: 18.035 GC heap before
{Heap before GC invocations=25 (full 0):
 garbage-first heap   total 130048K, used 95033K [0x0000000080000000, 0x0000000100000000)
  region size 1024K, 27 young (27648K), 2 survivors (2048K)
 Metaspace       used 59480K, committed 60160K, reserved 1114112K
  class space    used 8186K, committed 8512K, reserved 1048576K
}
Event: 18.038 GC heap after
{Heap after GC invocations=26 (full 0):
 garbage-first heap   total 130048K, used 73882K [0x0000000080000000, 0x0000000100000000)
  region size 1024K, 4 young (4096K), 4 survivors (4096K)
 Metaspace       used 59480K, committed 60160K, reserved 1114112K
  class space    used 8186K, committed 8512K, reserved 1048576K
}
Event: 18.076 GC heap before
{Heap before GC invocations=26 (full 0):
 garbage-first heap   total 130048K, used 74906K [0x0000000080000000, 0x0000000100000000)
  region size 1024K, 6 young (6144K), 4 survivors (4096K)
 Metaspace       used 59642K, committed 60352K, reserved 1114112K
  class space    used 8204K, committed 8512K, reserved 1048576K
}
Event: 18.080 GC heap after
{Heap after GC invocations=27 (full 0):
 garbage-first heap   total 156672K, used 73430K [0x0000000080000000, 0x0000000100000000)
  region size 1024K, 1 young (1024K), 1 survivors (1024K)
 Metaspace       used 59642K, committed 60352K, reserved 1114112K
  class space    used 8204K, committed 8512K, reserved 1048576K
}

