# JRE version: OpenJDK Runtime Environment Temurin-21.0.9+10 (21.0.9+10) (build 21.0.9+10-LTS)
# Java VM: OpenJDK 64-Bit Server VM Temurin-21.0.9+10 (21.0.9+10-LTS, mixed mode, sharing, tiered, compressed oops, compressed class ptrs, parallel gc, windows-amd64)
GC Precious Log:
 CardTable entry size: 512
 CPUs: 4 total, 4 available
 Memory: 3964M
 Large Page Support: Disabled
 NUMA Support: Disabled
 Compressed Oops: Enabled (32-bit)
 Alignments: Space 512K, Generation 512K, Heap 2M
 Heap Min Capacity: 100M
 Heap Initial Capacity: 100M
 Heap Max Capacity: 2G
 Pre-touch: Disabled
 Parallel Workers: 4
Heap:
 PSYoungGen      total 13824K, used 12526K [0x00000000d5580000, 0x00000000d6480000, 0x0000000100000000)
  eden space 12288K, 94% used [0x00000000d5580000,0x00000000d60dba18,0x00000000d6180000)
  from space 1536K, 58% used [0x00000000d6300000,0x00000000d63e0000,0x00000000d6480000)
  to   space 1536K, 0% used [0x00000000d6180000,0x00000000d6180000,0x00000000d6300000)
 ParOldGen       total 68608K, used 54689K [0x0000000080000000, 0x0000000084300000, 0x00000000d5580000)
  object space 68608K, 79% used [0x0000000080000000,0x0000000083568488,0x0000000084300000)
 Metaspace       used 61995K, committed 63296K, reserved 1114112K
  class space    used 7249K, committed 7744K, reserved 1048576K
GC Heap History (20 events):
Event: 59.354 GC heap before
{Heap before GC invocations=34 (full 2):
 PSYoungGen      total 15360K, used 14810K [0x00000000d5580000, 0x00000000d6800000, 0x0000000100000000)
  eden space 13824K, 96% used [0x00000000d5580000,0x00000000d627ead0,0x00000000d6300000)
  from space 1536K, 97% used [0x00000000d6580000,0x00000000d66f8030,0x00000000d6700000)
  to   space 1024K, 0% used [0x00000000d6700000,0x00000000d6700000,0x00000000d6800000)
 ParOldGen       total 68608K, used 45639K [0x0000000080000000, 0x0000000084300000, 0x00000000d5580000)
  object space 68608K, 66% used [0x0000000080000000,0x0000000082c91f38,0x0000000084300000)
 Metaspace       used 58446K, committed 59776K, reserved 1114112K
  class space    used 6806K, committed 7424K, reserved 1048576K
}
Event: 59.362 GC heap after
{Heap after GC invocations=34 (full 2):
 PSYoungGen      total 14848K, used 1009K [0x00000000d5580000, 0x00000000d6a00000, 0x0000000100000000)
  eden space 13824K, 0% used [0x00000000d5580000,0x00000000d5580000,0x00000000d6300000)
  from space 1024K, 98% used [0x00000000d6700000,0x00000000d67fc420,0x00000000d6800000)
  to   space 3584K, 0% used [0x00000000d6300000,0x00000000d6300000,0x00000000d6680000)
 ParOldGen       total 68608K, used 47559K [0x0000000080000000, 0x0000000084300000, 0x00000000d5580000)
  object space 68608K, 69% used [0x0000000080000000,0x0000000082e71f78,0x0000000084300000)
 Metaspace       used 58446K, committed 59776K, reserved 1114112K
  class space    used 6806K, committed 7424K, reserved 1048576K
}
Event: 59.362 GC heap before
{Heap before GC invocations=35 (full 3):
 PSYoungGen      total 14848K, used 1009K [0x00000000d5580000, 0x00000000d6a00000, 0x0000000100000000)
  eden space 13824K, 0% used [0x00000000d5580000,0x00000000d5580000,0x00000000d6300000)
  from space 1024K, 98% used [0x00000000d6700000,0x00000000d67fc420,0x00000000d6800000)
  to   space 3584K, 0% used [0x00000000d6300000,0x00000000d6300000,0x00000000d6680000)
 ParOldGen       total 68608K, used 47559K [0x0000000080000000, 0x0000000084300000, 0x00000000d5580000)
  object space 68608K, 69% used [0x0000000080000000,0x0000000082e71f78,0x0000000084300000)
 Metaspace       used 58446K, committed 59776K, reserved 1114112K
  class space    used 6806K, committed 7424K, reserved 1048576K
}
Event: 59.536 GC heap after
{Heap after GC invocations=35 (full 3):
 PSYoungGen      total 14848K, used 0K [0x00000000d5580000, 0x00000000d6a00000, 0x0000000100000000)
  eden space 13824K, 0% used [0x00000000d5580000,0x00000000d5580000,0x00000000d6300000)
  from space 1024K, 0% used [0x00000000d6700000,0x00000000d6700000,0x00000000d6800000)
  to   space 3584K, 0% used [0x00000000d6300000,0x00000000d6300000,0x00000000d6680000)
 ParOldGen       total 68608K, used 45409K [0x0000000080000000, 0x0000000084300000, 0x00000000d5580000)
  object space 68608K, 66% used [0x0000000080000000,0x0000000082c586b8,0x0000000084300000)
 Metaspace       used 58446K, committed 59776K, reserved 1114112K
  class space    used 6806K, committed 7424K, reserved 1048576K
}
Event: 59.914 GC heap before
{Heap before GC invocations=36 (full 3):
 PSYoungGen      total 14848K, used 13824K [0x00000000d5580000, 0x00000000d6a00000, 0x0000000100000000)
  eden space 13824K, 100% used [0x00000000d5580000,0x00000000d6300000,0x00000000d6300000)
  from space 1024K, 0% used [0x00000000d6700000,0x00000000d6700000,0x00000000d6800000)
  to   space 3584K, 0% used [0x00000000d6300000,0x00000000d6300000,0x00000000d6680000)
 ParOldGen       total 68608K, used 45409K [0x0000000080000000, 0x0000000084300000, 0x00000000d5580000)
  object space 68608K, 66% used [0x0000000080000000,0x0000000082c586b8,0x0000000084300000)
 Metaspace       used 58587K, committed 59968K, reserved 1114112K
  class space    used 6824K, committed 7424K, reserved 1048576K
}
Event: 59.920 GC heap after
{Heap after GC invocations=36 (full 3):
 PSYoungGen      total 15872K, used 1568K [0x00000000d5580000, 0x00000000d6800000, 0x0000000100000000)
  eden space 13824K, 0% used [0x00000000d5580000,0x00000000d5580000,0x00000000d6300000)
  from space 2048K, 76% used [0x00000000d6300000,0x00000000d6488010,0x00000000d6500000)
  to   space 2560K, 0% used [0x00000000d6580000,0x00000000d6580000,0x00000000d6800000)
 ParOldGen       total 68608K, used 45409K [0x0000000080000000, 0x0000000084300000, 0x00000000d5580000)
  object space 68608K, 66% used [0x0000000080000000,0x0000000082c586b8,0x0000000084300000)
 Metaspace       used 58587K, committed 59968K, reserved 1114112K
  class space    used 6824K, committed 7424K, reserved 1048576K
}
Event: 60.481 GC heap before
{Heap before GC invocations=37 (full 3):
 PSYoungGen      total 15872K, used 15392K [0x00000000d5580000, 0x00000000d6800000, 0x0000000100000000)
  eden space 13824K, 100% used [0x00000000d5580000,0x00000000d6300000,0x00000000d6300000)
  from space 2048K, 76% used [0x00000000d6300000,0x00000000d6488010,0x00000000d6500000)
  to   space 2560K, 0% used [0x00000000d6580000,0x00000000d6580000,0x00000000d6800000)
 ParOldGen       total 68608K, used 45409K [0x0000000080000000, 0x0000000084300000, 0x00000000d5580000)
  object space 68608K, 66% used [0x0000000080000000,0x0000000082c586b8,0x0000000084300000)
 Metaspace       used 59383K, committed 60736K, reserved 1114112K
  class space    used 6955K, committed 7552K, reserved 1048576K
}
Event: 60.504 GC heap after
{Heap after GC invocations=37 (full 3):
 PSYoungGen      total 15360K, used 1436K [0x00000000d5580000, 0x00000000d6700000, 0x0000000100000000)
  eden space 13824K, 0% used [0x00000000d5580000,0x00000000d5580000,0x00000000d6300000)
  from space 1536K, 93% used [0x00000000d6580000,0x00000000d66e7338,0x00000000d6700000)
  to   space 2048K, 0% used [0x00000000d6300000,0x00000000d6300000,0x00000000d6500000)
 ParOldGen       total 68608K, used 46857K [0x0000000080000000, 0x0000000084300000, 0x00000000d5580000)
  object space 68608K, 68% used [0x0000000080000000,0x0000000082dc26c8,0x0000000084300000)
 Metaspace       used 59383K, committed 60736K, reserved 1114112K
  class space    used 6955K, committed 7552K, reserved 1048576K
}
Event: 60.978 GC heap before
{Heap before GC invocations=38 (full 3):
 PSYoungGen      total 15360K, used 15260K [0x00000000d5580000, 0x00000000d6700000, 0x0000000100000000)
  eden space 13824K, 100% used [0x00000000d5580000,0x00000000d6300000,0x00000000d6300000)
  from space 1536K, 93% used [0x00000000d6580000,0x00000000d66e7338,0x00000000d6700000)
  to   space 2048K, 0% used [0x00000000d6300000,0x00000000d6300000,0x00000000d6500000)
 ParOldGen       total 68608K, used 46857K [0x0000000080000000, 0x0000000084300000, 0x00000000d5580000)
  object space 68608K, 68% used [0x0000000080000000,0x0000000082dc26c8,0x0000000084300000)
 Metaspace       used 59639K, committed 61056K, reserved 1114112K
  class space    used 6981K, committed 7616K, reserved 1048576K
}
Event: 60.985 GC heap after
{Heap after GC invocations=38 (full 3):
 PSYoungGen      total 15360K, used 1248K [0x00000000d5580000, 0x00000000d6600000, 0x0000000100000000)
  eden space 13824K, 0% used [0x00000000d5580000,0x00000000d5580000,0x00000000d6300000)
  from space 1536K, 81% used [0x00000000d6300000,0x00000000d6438000,0x00000000d6480000)
  to   space 1536K, 0% used [0x00000000d6480000,0x00000000d6480000,0x00000000d6600000)
 ParOldGen       total 68608K, used 48259K [0x0000000080000000, 0x0000000084300000, 0x00000000d5580000)
  object space 68608K, 70% used [0x0000000080000000,0x0000000082f20c50,0x0000000084300000)
 Metaspace       used 59639K, committed 61056K, reserved 1114112K
  class space    used 6981K, committed 7616K, reserved 1048576K
}
Event: 61.585 GC heap before
{Heap before GC invocations=39 (full 3):
 PSYoungGen      total 15360K, used 15072K [0x00000000d5580000, 0x00000000d6600000, 0x0000000100000000)
  eden space 13824K, 100% used [0x00000000d5580000,0x00000000d6300000,0x00000000d6300000)
  from space 1536K, 81% used [0x00000000d6300000,0x00000000d6438000,0x00000000d6480000)
  to   space 1536K, 0% used [0x00000000d6480000,0x00000000d6480000,0x00000000d6600000)
 ParOldGen       total 68608K, used 48259K [0x0000000080000000, 0x0000000084300000, 0x00000000d5580000)
  object space 68608K, 70% used [0x0000000080000000,0x0000000082f20c50,0x0000000084300000)
 Metaspace       used 59664K, committed 61056K, reserved 1114112K
  class space    used 6981K, committed 7616K, reserved 1048576K
}
Event: 61.592 GC heap after
{Heap after GC invocations=39 (full 3):
 PSYoungGen      total 13824K, used 1508K [0x00000000d5580000, 0x00000000d6900000, 0x0000000100000000)
  eden space 12288K, 0% used [0x00000000d5580000,0x00000000d5580000,0x00000000d6180000)
  from space 1536K, 98% used [0x00000000d6480000,0x00000000d65f9000,0x00000000d6600000)
  to   space 3072K, 0% used [0x00000000d6180000,0x00000000d6180000,0x00000000d6480000)
 ParOldGen       total 68608K, used 49459K [0x0000000080000000, 0x0000000084300000, 0x00000000d5580000)
  object space 68608K, 72% used [0x0000000080000000,0x000000008304cc50,0x0000000084300000)
 Metaspace       used 59664K, committed 61056K, reserved 1114112K
  class space    used 6981K, committed 7616K, reserved 1048576K
}
Event: 61.861 GC heap before
{Heap before GC invocations=40 (full 3):
 PSYoungGen      total 13824K, used 13796K [0x00000000d5580000, 0x00000000d6900000, 0x0000000100000000)
  eden space 12288K, 100% used [0x00000000d5580000,0x00000000d6180000,0x00000000d6180000)
  from space 1536K, 98% used [0x00000000d6480000,0x00000000d65f9000,0x00000000d6600000)
  to   space 3072K, 0% used [0x00000000d6180000,0x00000000d6180000,0x00000000d6480000)
 ParOldGen       total 68608K, used 49459K [0x0000000080000000, 0x0000000084300000, 0x00000000d5580000)
  object space 68608K, 72% used [0x0000000080000000,0x000000008304cc50,0x0000000084300000)
 Metaspace       used 59686K, committed 61056K, reserved 1114112K
  class space    used 6983K, committed 7616K, reserved 1048576K
}
Event: 61.869 GC heap after
{Heap after GC invocations=40 (full 3):
 PSYoungGen      total 13824K, used 1216K [0x00000000d5580000, 0x00000000d6580000, 0x0000000100000000)
  eden space 12288K, 0% used [0x00000000d5580000,0x00000000d5580000,0x00000000d6180000)
  from space 1536K, 79% used [0x00000000d6180000,0x00000000d62b0000,0x00000000d6300000)
  to   space 2048K, 0% used [0x00000000d6380000,0x00000000d6380000,0x00000000d6580000)
 ParOldGen       total 68608K, used 50960K [0x0000000080000000, 0x0000000084300000, 0x00000000d5580000)
  object space 68608K, 74% used [0x0000000080000000,0x00000000831c4278,0x0000000084300000)
 Metaspace       used 59686K, committed 61056K, reserved 1114112K
  class space    used 6983K, committed 7616K, reserved 1048576K
}
Event: 62.269 GC heap before
{Heap before GC invocations=41 (full 3):
 PSYoungGen      total 13824K, used 13504K [0x00000000d5580000, 0x00000000d6580000, 0x0000000100000000)
  eden space 12288K, 100% used [0x00000000d5580000,0x00000000d6180000,0x00000000d6180000)
  from space 1536K, 79% used [0x00000000d6180000,0x00000000d62b0000,0x00000000d6300000)
  to   space 2048K, 0% used [0x00000000d6380000,0x00000000d6380000,0x00000000d6580000)
 ParOldGen       total 68608K, used 50960K [0x0000000080000000, 0x0000000084300000, 0x00000000d5580000)
  object space 68608K, 74% used [0x0000000080000000,0x00000000831c4278,0x0000000084300000)
 Metaspace       used 59711K, committed 61056K, reserved 1114112K
  class space    used 6983K, committed 7616K, reserved 1048576K
}
Event: 62.278 GC heap after
{Heap after GC invocations=41 (full 3):
 PSYoungGen      total 13824K, used 1408K [0x00000000d5580000, 0x00000000d6500000, 0x0000000100000000)
  eden space 12288K, 0% used [0x00000000d5580000,0x00000000d5580000,0x00000000d6180000)
  from space 1536K, 91% used [0x00000000d6380000,0x00000000d64e0010,0x00000000d6500000)
  to   space 1536K, 0% used [0x00000000d6180000,0x00000000d6180000,0x00000000d6300000)
 ParOldGen       total 68608K, used 52152K [0x0000000080000000, 0x0000000084300000, 0x00000000d5580000)
  object space 68608K, 76% used [0x0000000080000000,0x00000000832ee278,0x0000000084300000)
 Metaspace       used 59711K, committed 61056K, reserved 1114112K
  class space    used 6983K, committed 7616K, reserved 1048576K
}
Event: 62.527 GC heap before
{Heap before GC invocations=42 (full 3):
 PSYoungGen      total 13824K, used 13696K [0x00000000d5580000, 0x00000000d6500000, 0x0000000100000000)
  eden space 12288K, 100% used [0x00000000d5580000,0x00000000d6180000,0x00000000d6180000)
  from space 1536K, 91% used [0x00000000d6380000,0x00000000d64e0010,0x00000000d6500000)
  to   space 1536K, 0% used [0x00000000d6180000,0x00000000d6180000,0x00000000d6300000)
 ParOldGen       total 68608K, used 52152K [0x0000000080000000, 0x0000000084300000, 0x00000000d5580000)
  object space 68608K, 76% used [0x0000000080000000,0x00000000832ee278,0x0000000084300000)
 Metaspace       used 59730K, committed 61120K, reserved 1114112K
  class space    used 6985K, committed 7616K, reserved 1048576K
}
Event: 62.539 GC heap after
{Heap after GC invocations=42 (full 3):
 PSYoungGen      total 13824K, used 1216K [0x00000000d5580000, 0x00000000d6480000, 0x0000000100000000)
  eden space 12288K, 0% used [0x00000000d5580000,0x00000000d5580000,0x00000000d6180000)
  from space 1536K, 79% used [0x00000000d6180000,0x00000000d62b0000,0x00000000d6300000)
  to   space 1536K, 0% used [0x00000000d6300000,0x00000000d6300000,0x00000000d6480000)
 ParOldGen       total 68608K, used 53512K [0x0000000080000000, 0x0000000084300000, 0x00000000d5580000)
  object space 68608K, 77% used [0x0000000080000000,0x0000000083442288,0x0000000084300000)
 Metaspace       used 59730K, committed 61120K, reserved 1114112K
  class space    used 6985K, committed 7616K, reserved 1048576K
}
Event: 63.261 GC heap before
{Heap before GC invocations=43 (full 3):
 PSYoungGen      total 13824K, used 13504K [0x00000000d5580000, 0x00000000d6480000, 0x0000000100000000)
  eden space 12288K, 100% used [0x00000000d5580000,0x00000000d6180000,0x00000000d6180000)
  from space 1536K, 79% used [0x00000000d6180000,0x00000000d62b0000,0x00000000d6300000)
  to   space 1536K, 0% used [0x00000000d6300000,0x00000000d6300000,0x00000000d6480000)
 ParOldGen       total 68608K, used 53512K [0x0000000080000000, 0x0000000084300000, 0x00000000d5580000)
  object space 68608K, 77% used [0x0000000080000000,0x0000000083442288,0x0000000084300000)
 Metaspace       used 60323K, committed 61632K, reserved 1114112K
  class space    used 7045K, committed 7616K, reserved 1048576K
}
Event: 63.269 GC heap after
{Heap after GC invocations=43 (full 3):
 PSYoungGen      total 13824K, used 896K [0x00000000d5580000, 0x00000000d6480000, 0x0000000100000000)
  eden space 12288K, 0% used [0x00000000d5580000,0x00000000d5580000,0x00000000d6180000)
  from space 1536K, 58% used [0x00000000d6300000,0x00000000d63e0000,0x00000000d6480000)
  to   space 1536K, 0% used [0x00000000d6180000,0x00000000d6180000,0x00000000d6300000)
 ParOldGen       total 68608K, used 54689K [0x0000000080000000, 0x0000000084300000, 0x00000000d5580000)
  object space 68608K, 79% used [0x0000000080000000,0x0000000083568488,0x0000000084300000)
 Metaspace       used 60323K, committed 61632K, reserved 1114112K
  class space    used 7045K, committed 7616K, reserved 1048576K
}

