# JRE version: OpenJDK Runtime Environment Temurin-17.0.15+6 (17.0.15+6) (build 17.0.15+6)
# Java VM: OpenJDK 64-Bit Server VM Temurin-17.0.15+6 (17.0.15+6, mixed mode, sharing, tiered, compressed oops, compressed class ptrs, g1 gc, windows-amd64)
GC Precious Log:
 CPUs: 4 total, 4 available
 Memory: 3964M
 Large Page Support: Disabled
 NUMA Support: Disabled
 Compressed Oops: Enabled (32-bit)
 Heap Region Size: 1M
 Heap Min Capacity: 8M
 Heap Initial Capacity: 62M
 Heap Max Capacity: 992M
 Pre-touch: Disabled
 Parallel Workers: 4
 Concurrent Workers: 1
 Concurrent Refinement Workers: 4
 Periodic GC: Disabled
Heap:
 garbage-first heap   total 650240K, used 574172K [0x00000000c2000000, 0x0000000100000000)
  region size 1024K, 12 young (12288K), 3 survivors (3072K)
 Metaspace       used 81206K, committed 81856K, reserved 1179648K
  class space    used 8743K, committed 9088K, reserved 1048576K
GC Heap History (20 events):
Event: 124.699 GC heap before
{Heap before GC invocations=104 (full 0):
 garbage-first heap   total 650240K, used 581028K [0x00000000c2000000, 0x0000000100000000)
  region size 1024K, 31 young (31744K), 4 survivors (4096K)
 Metaspace       used 81139K, committed 81792K, reserved 1179648K
  class space    used 8743K, committed 9088K, reserved 1048576K
}
Event: 124.707 GC heap after
{Heap after GC invocations=105 (full 0):
 garbage-first heap   total 650240K, used 556565K [0x00000000c2000000, 0x0000000100000000)
  region size 1024K, 4 young (4096K), 4 survivors (4096K)
 Metaspace       used 81139K, committed 81792K, reserved 1179648K
  class space    used 8743K, committed 9088K, reserved 1048576K
}
Event: 125.148 GC heap before
{Heap before GC invocations=105 (full 0):
 garbage-first heap   total 650240K, used 584213K [0x00000000c2000000, 0x0000000100000000)
  region size 1024K, 31 young (31744K), 4 survivors (4096K)
 Metaspace       used 81150K, committed 81792K, reserved 1179648K
  class space    used 8743K, committed 9088K, reserved 1048576K
}
Event: 125.155 GC heap after
{Heap after GC invocations=106 (full 0):
 garbage-first heap   total 650240K, used 558948K [0x00000000c2000000, 0x0000000100000000)
  region size 1024K, 4 young (4096K), 4 survivors (4096K)
 Metaspace       used 81150K, committed 81792K, reserved 1179648K
  class space    used 8743K, committed 9088K, reserved 1048576K
}
Event: 125.648 GC heap before
{Heap before GC invocations=106 (full 0):
 garbage-first heap   total 650240K, used 586596K [0x00000000c2000000, 0x0000000100000000)
  region size 1024K, 31 young (31744K), 4 survivors (4096K)
 Metaspace       used 81152K, committed 81792K, reserved 1179648K
  class space    used 8743K, committed 9088K, reserved 1048576K
}
Event: 125.658 GC heap after
{Heap after GC invocations=107 (full 0):
 garbage-first heap   total 650240K, used 562687K [0x00000000c2000000, 0x0000000100000000)
  region size 1024K, 3 young (3072K), 3 survivors (3072K)
 Metaspace       used 81152K, committed 81792K, reserved 1179648K
  class space    used 8743K, committed 9088K, reserved 1048576K
}
Event: 126.287 GC heap before
{Heap before GC invocations=107 (full 0):
 garbage-first heap   total 650240K, used 591359K [0x00000000c2000000, 0x0000000100000000)
  region size 1024K, 31 young (31744K), 3 survivors (3072K)
 Metaspace       used 81192K, committed 81856K, reserved 1179648K
  class space    used 8743K, committed 9088K, reserved 1048576K
}
Event: 126.299 GC heap after
{Heap after GC invocations=108 (full 0):
 garbage-first heap   total 650240K, used 563907K [0x00000000c2000000, 0x0000000100000000)
  region size 1024K, 3 young (3072K), 3 survivors (3072K)
 Metaspace       used 81192K, committed 81856K, reserved 1179648K
  class space    used 8743K, committed 9088K, reserved 1048576K
}
Event: 126.886 GC heap before
{Heap before GC invocations=108 (full 0):
 garbage-first heap   total 650240K, used 592579K [0x00000000c2000000, 0x0000000100000000)
  region size 1024K, 31 young (31744K), 3 survivors (3072K)
 Metaspace       used 81195K, committed 81856K, reserved 1179648K
  class space    used 8743K, committed 9088K, reserved 1048576K
}
Event: 126.892 GC heap after
{Heap after GC invocations=109 (full 0):
 garbage-first heap   total 650240K, used 565467K [0x00000000c2000000, 0x0000000100000000)
  region size 1024K, 2 young (2048K), 2 survivors (2048K)
 Metaspace       used 81195K, committed 81856K, reserved 1179648K
  class space    used 8743K, committed 9088K, reserved 1048576K
}
Event: 127.668 GC heap before
{Heap before GC invocations=109 (full 0):
 garbage-first heap   total 650240K, used 595163K [0x00000000c2000000, 0x0000000100000000)
  region size 1024K, 31 young (31744K), 2 survivors (2048K)
 Metaspace       used 81196K, committed 81856K, reserved 1179648K
  class space    used 8743K, committed 9088K, reserved 1048576K
}
Event: 127.679 GC heap after
{Heap after GC invocations=110 (full 0):
 garbage-first heap   total 650240K, used 566211K [0x00000000c2000000, 0x0000000100000000)
  region size 1024K, 3 young (3072K), 3 survivors (3072K)
 Metaspace       used 81196K, committed 81856K, reserved 1179648K
  class space    used 8743K, committed 9088K, reserved 1048576K
}
Event: 129.235 GC heap before
{Heap before GC invocations=110 (full 0):
 garbage-first heap   total 650240K, used 596931K [0x00000000c2000000, 0x0000000100000000)
  region size 1024K, 31 young (31744K), 3 survivors (3072K)
 Metaspace       used 81203K, committed 81856K, reserved 1179648K
  class space    used 8743K, committed 9088K, reserved 1048576K
}
Event: 129.250 GC heap after
{Heap after GC invocations=111 (full 0):
 garbage-first heap   total 650240K, used 569661K [0x00000000c2000000, 0x0000000100000000)
  region size 1024K, 3 young (3072K), 3 survivors (3072K)
 Metaspace       used 81203K, committed 81856K, reserved 1179648K
  class space    used 8743K, committed 9088K, reserved 1048576K
}
Event: 132.194 GC heap before
{Heap before GC invocations=111 (full 0):
 garbage-first heap   total 650240K, used 598333K [0x00000000c2000000, 0x0000000100000000)
  region size 1024K, 31 young (31744K), 3 survivors (3072K)
 Metaspace       used 81205K, committed 81856K, reserved 1179648K
  class space    used 8743K, committed 9088K, reserved 1048576K
}
Event: 132.231 GC heap after
{Heap after GC invocations=112 (full 0):
 garbage-first heap   total 650240K, used 570994K [0x00000000c2000000, 0x0000000100000000)
  region size 1024K, 3 young (3072K), 3 survivors (3072K)
 Metaspace       used 81205K, committed 81856K, reserved 1179648K
  class space    used 8743K, committed 9088K, reserved 1048576K
}
Event: 133.073 GC heap before
{Heap before GC invocations=112 (full 0):
 garbage-first heap   total 650240K, used 599666K [0x00000000c2000000, 0x0000000100000000)
  region size 1024K, 31 young (31744K), 3 survivors (3072K)
 Metaspace       used 81205K, committed 81856K, reserved 1179648K
  class space    used 8743K, committed 9088K, reserved 1048576K
}
Event: 133.086 GC heap after
{Heap after GC invocations=113 (full 0):
 garbage-first heap   total 650240K, used 572654K [0x00000000c2000000, 0x0000000100000000)
  region size 1024K, 3 young (3072K), 3 survivors (3072K)
 Metaspace       used 81205K, committed 81856K, reserved 1179648K
  class space    used 8743K, committed 9088K, reserved 1048576K
}
Event: 134.177 GC heap before
{Heap before GC invocations=113 (full 0):
 garbage-first heap   total 650240K, used 601326K [0x00000000c2000000, 0x0000000100000000)
  region size 1024K, 31 young (31744K), 3 survivors (3072K)
 Metaspace       used 81206K, committed 81856K, reserved 1179648K
  class space    used 8743K, committed 9088K, reserved 1048576K
}
Event: 134.194 GC heap after
{Heap after GC invocations=114 (full 0):
 garbage-first heap   total 650240K, used 574172K [0x00000000c2000000, 0x0000000100000000)
  region size 1024K, 3 young (3072K), 3 survivors (3072K)
 Metaspace       used 81206K, committed 81856K, reserved 1179648K
  class space    used 8743K, committed 9088K, reserved 1048576K
}

