# JRE version: OpenJDK Runtime Environment Temurin-17.0.15+6 (17.0.15+6) (build 17.0.15+6)
# Java VM: OpenJDK 64-Bit Server VM Temurin-17.0.15+6 (17.0.15+6, mixed mode, sharing, tiered, compressed oops, compressed class ptrs, g1 gc, windows-amd64)
GC Precious Log:
 CPUs: 4 total, 4 available
 Memory: 3964M
 Large Page Support: Disabled
 NUMA Support: Disabled
 Compressed Oops: Enabled (32-bit)
 Heap Region Size: 1M
 Heap Min Capacity: 8M
 Heap Initial Capacity: 62M
 Heap Max Capacity: 992M
 Pre-touch: Disabled
 Parallel Workers: 4
 Concurrent Workers: 1
 Concurrent Refinement Workers: 4
 Periodic GC: Disabled
Heap:
 garbage-first heap   total 527360K, used 404332K [0x00000000c2000000, 0x0000000100000000)
  region size 1024K, 97 young (99328K), 15 survivors (15360K)
 Metaspace       used 79642K, committed 80256K, reserved 1179648K
  class space    used 8649K, committed 8960K, reserved 1048576K
GC Heap History (20 events):
Event: 236.311 GC heap before
{Heap before GC invocations=104 (full 0):
 garbage-first heap   total 353280K, used 321757K [0x00000000c2000000, 0x0000000100000000)
  region size 1024K, 17 young (17408K), 3 survivors (3072K)
 Metaspace       used 79379K, committed 80000K, reserved 1179648K
  class space    used 8641K, committed 8960K, reserved 1048576K
}
Event: 236.334 GC heap after
{Heap after GC invocations=105 (full 0):
 garbage-first heap   total 353280K, used 308606K [0x00000000c2000000, 0x0000000100000000)
  region size 1024K, 2 young (2048K), 2 survivors (2048K)
 Metaspace       used 79379K, committed 80000K, reserved 1179648K
  class space    used 8641K, committed 8960K, reserved 1048576K
}
Event: 237.056 GC heap before
{Heap before GC invocations=105 (full 0):
 garbage-first heap   total 353280K, used 323966K [0x00000000c2000000, 0x0000000100000000)
  region size 1024K, 17 young (17408K), 2 survivors (2048K)
 Metaspace       used 79379K, committed 80000K, reserved 1179648K
  class space    used 8641K, committed 8960K, reserved 1048576K
}
Event: 237.069 GC heap after
{Heap after GC invocations=106 (full 0):
 garbage-first heap   total 353280K, used 308754K [0x00000000c2000000, 0x0000000100000000)
  region size 1024K, 2 young (2048K), 2 survivors (2048K)
 Metaspace       used 79379K, committed 80000K, reserved 1179648K
  class space    used 8641K, committed 8960K, reserved 1048576K
}
Event: 238.233 GC heap before
{Heap before GC invocations=106 (full 0):
 garbage-first heap   total 353280K, used 324114K [0x00000000c2000000, 0x0000000100000000)
  region size 1024K, 17 young (17408K), 2 survivors (2048K)
 Metaspace       used 79397K, committed 80000K, reserved 1179648K
  class space    used 8641K, committed 8960K, reserved 1048576K
}
Event: 238.241 GC heap after
{Heap after GC invocations=107 (full 0):
 garbage-first heap   total 353280K, used 311460K [0x00000000c2000000, 0x0000000100000000)
  region size 1024K, 3 young (3072K), 3 survivors (3072K)
 Metaspace       used 79397K, committed 80000K, reserved 1179648K
  class space    used 8641K, committed 8960K, reserved 1048576K
}
Event: 238.323 GC heap before
{Heap before GC invocations=107 (full 0):
 garbage-first heap   total 353280K, used 326820K [0x00000000c2000000, 0x0000000100000000)
  region size 1024K, 17 young (17408K), 3 survivors (3072K)
 Metaspace       used 79397K, committed 80000K, reserved 1179648K
  class space    used 8641K, committed 8960K, reserved 1048576K
}
Event: 238.336 GC heap after
{Heap after GC invocations=108 (full 0):
 garbage-first heap   total 353280K, used 315415K [0x00000000c2000000, 0x0000000100000000)
  region size 1024K, 3 young (3072K), 3 survivors (3072K)
 Metaspace       used 79397K, committed 80000K, reserved 1179648K
  class space    used 8641K, committed 8960K, reserved 1048576K
}
Event: 238.388 GC heap before
{Heap before GC invocations=108 (full 0):
 garbage-first heap   total 353280K, used 329751K [0x00000000c2000000, 0x0000000100000000)
  region size 1024K, 17 young (17408K), 3 survivors (3072K)
 Metaspace       used 79397K, committed 80000K, reserved 1179648K
  class space    used 8641K, committed 8960K, reserved 1048576K
}
Event: 238.392 GC heap after
{Heap after GC invocations=109 (full 0):
 garbage-first heap   total 353280K, used 314766K [0x00000000c2000000, 0x0000000100000000)
  region size 1024K, 1 young (1024K), 1 survivors (1024K)
 Metaspace       used 79397K, committed 80000K, reserved 1179648K
  class space    used 8641K, committed 8960K, reserved 1048576K
}
Event: 239.662 GC heap before
{Heap before GC invocations=109 (full 0):
 garbage-first heap   total 353280K, used 331150K [0x00000000c2000000, 0x0000000100000000)
  region size 1024K, 17 young (17408K), 1 survivors (1024K)
 Metaspace       used 79490K, committed 80128K, reserved 1179648K
  class space    used 8643K, committed 8960K, reserved 1048576K
}
Event: 239.668 GC heap after
{Heap after GC invocations=110 (full 0):
 garbage-first heap   total 353280K, used 316533K [0x00000000c2000000, 0x0000000100000000)
  region size 1024K, 3 young (3072K), 3 survivors (3072K)
 Metaspace       used 79490K, committed 80128K, reserved 1179648K
  class space    used 8643K, committed 8960K, reserved 1048576K
}
Event: 240.494 GC heap before
{Heap before GC invocations=110 (full 0):
 garbage-first heap   total 353280K, used 329845K [0x00000000c2000000, 0x0000000100000000)
  region size 1024K, 17 young (17408K), 3 survivors (3072K)
 Metaspace       used 79523K, committed 80128K, reserved 1179648K
  class space    used 8643K, committed 8960K, reserved 1048576K
}
Event: 240.505 GC heap after
{Heap after GC invocations=111 (full 0):
 garbage-first heap   total 353280K, used 319380K [0x00000000c2000000, 0x0000000100000000)
  region size 1024K, 3 young (3072K), 3 survivors (3072K)
 Metaspace       used 79523K, committed 80128K, reserved 1179648K
  class space    used 8643K, committed 8960K, reserved 1048576K
}
Event: 242.283 GC heap before
{Heap before GC invocations=112 (full 0):
 garbage-first heap   total 527360K, used 336788K [0x00000000c2000000, 0x0000000100000000)
  region size 1024K, 25 young (25600K), 3 survivors (3072K)
 Metaspace       used 79527K, committed 80128K, reserved 1179648K
  class space    used 8643K, committed 8960K, reserved 1048576K
}
Event: 242.305 GC heap after
{Heap after GC invocations=113 (full 0):
 garbage-first heap   total 527360K, used 316148K [0x00000000c2000000, 0x0000000100000000)
  region size 1024K, 3 young (3072K), 3 survivors (3072K)
 Metaspace       used 79527K, committed 80128K, reserved 1179648K
  class space    used 8643K, committed 8960K, reserved 1048576K
}
Event: 243.438 GC heap before
{Heap before GC invocations=113 (full 0):
 garbage-first heap   total 527360K, used 339700K [0x00000000c2000000, 0x0000000100000000)
  region size 1024K, 25 young (25600K), 3 survivors (3072K)
 Metaspace       used 79527K, committed 80128K, reserved 1179648K
  class space    used 8643K, committed 8960K, reserved 1048576K
}
Event: 243.469 GC heap after
{Heap after GC invocations=114 (full 0):
 garbage-first heap   total 527360K, used 307755K [0x00000000c2000000, 0x0000000100000000)
  region size 1024K, 3 young (3072K), 3 survivors (3072K)
 Metaspace       used 79527K, committed 80128K, reserved 1179648K
  class space    used 8643K, committed 8960K, reserved 1048576K
}
Event: 252.554 GC heap before
{Heap before GC invocations=114 (full 0):
 garbage-first heap   total 527360K, used 423467K [0x00000000c2000000, 0x0000000100000000)
  region size 1024K, 115 young (117760K), 3 survivors (3072K)
 Metaspace       used 79592K, committed 80192K, reserved 1179648K
  class space    used 8648K, committed 8960K, reserved 1048576K
}
Event: 252.709 GC heap after
{Heap after GC invocations=115 (full 0):
 garbage-first heap   total 527360K, used 319340K [0x00000000c2000000, 0x0000000100000000)
  region size 1024K, 15 young (15360K), 15 survivors (15360K)
 Metaspace       used 79592K, committed 80192K, reserved 1179648K
  class space    used 8648K, committed 8960K, reserved 1048576K
}

