# JRE version: OpenJDK Runtime Environment Temurin-21.0.9+10 (21.0.9+10) (build 21.0.9+10-LTS)
# Java VM: OpenJDK 64-Bit Server VM Temurin-21.0.9+10 (21.0.9+10-LTS, mixed mode, sharing, tiered, compressed oops, compressed class ptrs, parallel gc, windows-amd64)
GC Precious Log:
 CardTable entry size: 512
 CPUs: 4 total, 4 available
 Memory: 3964M
 Large Page Support: Disabled
 NUMA Support: Disabled
 Compressed Oops: Enabled (32-bit)
 Alignments: Space 512K, Generation 512K, Heap 2M
 Heap Min Capacity: 100M
 Heap Initial Capacity: 100M
 Heap Max Capacity: 2G
 Pre-touch: Disabled
 Parallel Workers: 4
Heap:
 PSYoungGen      total 10752K, used 7530K [0x00000000d5580000, 0x00000000d6580000, 0x0000000100000000)
  eden space 10240K, 71% used [0x00000000d5580000,0x00000000d5cb29f8,0x00000000d5f80000)
  from space 512K, 31% used [0x00000000d6500000,0x00000000d6528000,0x00000000d6580000)
  to   space 512K, 0% used [0x00000000d6480000,0x00000000d6480000,0x00000000d6500000)
 ParOldGen       total 68608K, used 62419K [0x0000000080000000, 0x0000000084300000, 0x00000000d5580000)
  object space 68608K, 90% used [0x0000000080000000,0x0000000083cf4d18,0x0000000084300000)
 Metaspace       used 68071K, committed 69504K, reserved 1114112K
  class space    used 8475K, committed 9088K, reserved 1048576K
GC Heap History (20 events):
Event: 59.973 GC heap before
{Heap before GC invocations=76 (full 3):
 PSYoungGen      total 10752K, used 10738K [0x00000000d5580000, 0x00000000d6680000, 0x0000000100000000)
  eden space 10240K, 100% used [0x00000000d5580000,0x00000000d5f80000,0x00000000d5f80000)
  from space 512K, 97% used [0x00000000d6600000,0x00000000d667c810,0x00000000d6680000)
  to   space 1024K, 0% used [0x00000000d6480000,0x00000000d6480000,0x00000000d6580000)
 ParOldGen       total 68608K, used 56445K [0x0000000080000000, 0x0000000084300000, 0x00000000d5580000)
  object space 68608K, 82% used [0x0000000080000000,0x000000008371f690,0x0000000084300000)
 Metaspace       used 61297K, committed 62528K, reserved 1114112K
  class space    used 7611K, committed 8128K, reserved 1048576K
}
Event: 59.976 GC heap after
{Heap after GC invocations=76 (full 3):
 PSYoungGen      total 11264K, used 358K [0x00000000d5580000, 0x00000000d6680000, 0x0000000100000000)
  eden space 10240K, 0% used [0x00000000d5580000,0x00000000d5580000,0x00000000d5f80000)
  from space 1024K, 34% used [0x00000000d6480000,0x00000000d64d98b8,0x00000000d6580000)
  to   space 512K, 0% used [0x00000000d6600000,0x00000000d6600000,0x00000000d6680000)
 ParOldGen       total 68608K, used 56863K [0x0000000080000000, 0x0000000084300000, 0x00000000d5580000)
  object space 68608K, 82% used [0x0000000080000000,0x0000000083787e48,0x0000000084300000)
 Metaspace       used 61297K, committed 62528K, reserved 1114112K
  class space    used 7611K, committed 8128K, reserved 1048576K
}
Event: 60.287 GC heap before
{Heap before GC invocations=77 (full 3):
 PSYoungGen      total 11264K, used 10598K [0x00000000d5580000, 0x00000000d6680000, 0x0000000100000000)
  eden space 10240K, 100% used [0x00000000d5580000,0x00000000d5f80000,0x00000000d5f80000)
  from space 1024K, 34% used [0x00000000d6480000,0x00000000d64d98b8,0x00000000d6580000)
  to   space 512K, 0% used [0x00000000d6600000,0x00000000d6600000,0x00000000d6680000)
 ParOldGen       total 68608K, used 56863K [0x0000000080000000, 0x0000000084300000, 0x00000000d5580000)
  object space 68608K, 82% used [0x0000000080000000,0x0000000083787e48,0x0000000084300000)
 Metaspace       used 61297K, committed 62528K, reserved 1114112K
  class space    used 7611K, committed 8128K, reserved 1048576K
}
Event: 60.288 GC heap after
{Heap after GC invocations=77 (full 3):
 PSYoungGen      total 10752K, used 192K [0x00000000d5580000, 0x00000000d6680000, 0x0000000100000000)
  eden space 10240K, 0% used [0x00000000d5580000,0x00000000d5580000,0x00000000d5f80000)
  from space 512K, 37% used [0x00000000d6600000,0x00000000d6630000,0x00000000d6680000)
  to   space 512K, 0% used [0x00000000d6580000,0x00000000d6580000,0x00000000d6600000)
 ParOldGen       total 68608K, used 56887K [0x0000000080000000, 0x0000000084300000, 0x00000000d5580000)
  object space 68608K, 82% used [0x0000000080000000,0x000000008378de48,0x0000000084300000)
 Metaspace       used 61297K, committed 62528K, reserved 1114112K
  class space    used 7611K, committed 8128K, reserved 1048576K
}
Event: 60.541 GC heap before
{Heap before GC invocations=78 (full 3):
 PSYoungGen      total 10752K, used 10432K [0x00000000d5580000, 0x00000000d6680000, 0x0000000100000000)
  eden space 10240K, 100% used [0x00000000d5580000,0x00000000d5f80000,0x00000000d5f80000)
  from space 512K, 37% used [0x00000000d6600000,0x00000000d6630000,0x00000000d6680000)
  to   space 512K, 0% used [0x00000000d6580000,0x00000000d6580000,0x00000000d6600000)
 ParOldGen       total 68608K, used 56887K [0x0000000080000000, 0x0000000084300000, 0x00000000d5580000)
  object space 68608K, 82% used [0x0000000080000000,0x000000008378de48,0x0000000084300000)
 Metaspace       used 61297K, committed 62528K, reserved 1114112K
  class space    used 7611K, committed 8128K, reserved 1048576K
}
Event: 60.543 GC heap after
{Heap after GC invocations=78 (full 3):
 PSYoungGen      total 10752K, used 491K [0x00000000d5580000, 0x00000000d6680000, 0x0000000100000000)
  eden space 10240K, 0% used [0x00000000d5580000,0x00000000d5580000,0x00000000d5f80000)
  from space 512K, 96% used [0x00000000d6580000,0x00000000d65faff0,0x00000000d6600000)
  to   space 512K, 0% used [0x00000000d6600000,0x00000000d6600000,0x00000000d6680000)
 ParOldGen       total 68608K, used 57295K [0x0000000080000000, 0x0000000084300000, 0x00000000d5580000)
  object space 68608K, 83% used [0x0000000080000000,0x00000000837f3e10,0x0000000084300000)
 Metaspace       used 61297K, committed 62528K, reserved 1114112K
  class space    used 7611K, committed 8128K, reserved 1048576K
}
Event: 60.848 GC heap before
{Heap before GC invocations=79 (full 3):
 PSYoungGen      total 10752K, used 10731K [0x00000000d5580000, 0x00000000d6680000, 0x0000000100000000)
  eden space 10240K, 100% used [0x00000000d5580000,0x00000000d5f80000,0x00000000d5f80000)
  from space 512K, 96% used [0x00000000d6580000,0x00000000d65faff0,0x00000000d6600000)
  to   space 512K, 0% used [0x00000000d6600000,0x00000000d6600000,0x00000000d6680000)
 ParOldGen       total 68608K, used 57295K [0x0000000080000000, 0x0000000084300000, 0x00000000d5580000)
  object space 68608K, 83% used [0x0000000080000000,0x00000000837f3e10,0x0000000084300000)
 Metaspace       used 61425K, committed 62720K, reserved 1114112K
  class space    used 7631K, committed 8192K, reserved 1048576K
}
Event: 60.852 GC heap after
{Heap after GC invocations=79 (full 3):
 PSYoungGen      total 10752K, used 160K [0x00000000d5580000, 0x00000000d6680000, 0x0000000100000000)
  eden space 10240K, 0% used [0x00000000d5580000,0x00000000d5580000,0x00000000d5f80000)
  from space 512K, 31% used [0x00000000d6600000,0x00000000d6628000,0x00000000d6680000)
  to   space 512K, 0% used [0x00000000d6580000,0x00000000d6580000,0x00000000d6600000)
 ParOldGen       total 68608K, used 57328K [0x0000000080000000, 0x0000000084300000, 0x00000000d5580000)
  object space 68608K, 83% used [0x0000000080000000,0x00000000837fc390,0x0000000084300000)
 Metaspace       used 61425K, committed 62720K, reserved 1114112K
  class space    used 7631K, committed 8192K, reserved 1048576K
}
Event: 61.288 GC heap before
{Heap before GC invocations=80 (full 3):
 PSYoungGen      total 10752K, used 10400K [0x00000000d5580000, 0x00000000d6680000, 0x0000000100000000)
  eden space 10240K, 100% used [0x00000000d5580000,0x00000000d5f80000,0x00000000d5f80000)
  from space 512K, 31% used [0x00000000d6600000,0x00000000d6628000,0x00000000d6680000)
  to   space 512K, 0% used [0x00000000d6580000,0x00000000d6580000,0x00000000d6600000)
 ParOldGen       total 68608K, used 57328K [0x0000000080000000, 0x0000000084300000, 0x00000000d5580000)
  object space 68608K, 83% used [0x0000000080000000,0x00000000837fc390,0x0000000084300000)
 Metaspace       used 62657K, committed 64000K, reserved 1114112K
  class space    used 7816K, committed 8384K, reserved 1048576K
}
Event: 61.290 GC heap after
{Heap after GC invocations=80 (full 3):
 PSYoungGen      total 10752K, used 464K [0x00000000d5580000, 0x00000000d6680000, 0x0000000100000000)
  eden space 10240K, 0% used [0x00000000d5580000,0x00000000d5580000,0x00000000d5f80000)
  from space 512K, 90% used [0x00000000d6580000,0x00000000d65f4010,0x00000000d6600000)
  to   space 512K, 0% used [0x00000000d6600000,0x00000000d6600000,0x00000000d6680000)
 ParOldGen       total 68608K, used 57424K [0x0000000080000000, 0x0000000084300000, 0x00000000d5580000)
  object space 68608K, 83% used [0x0000000080000000,0x00000000838143a0,0x0000000084300000)
 Metaspace       used 62657K, committed 64000K, reserved 1114112K
  class space    used 7816K, committed 8384K, reserved 1048576K
}
Event: 61.912 GC heap before
{Heap before GC invocations=81 (full 3):
 PSYoungGen      total 10752K, used 10704K [0x00000000d5580000, 0x00000000d6680000, 0x0000000100000000)
  eden space 10240K, 100% used [0x00000000d5580000,0x00000000d5f80000,0x00000000d5f80000)
  from space 512K, 90% used [0x00000000d6580000,0x00000000d65f4010,0x00000000d6600000)
  to   space 512K, 0% used [0x00000000d6600000,0x00000000d6600000,0x00000000d6680000)
 ParOldGen       total 68608K, used 57424K [0x0000000080000000, 0x0000000084300000, 0x00000000d5580000)
  object space 68608K, 83% used [0x0000000080000000,0x00000000838143a0,0x0000000084300000)
 Metaspace       used 63826K, committed 65280K, reserved 1114112K
  class space    used 8008K, committed 8640K, reserved 1048576K
}
Event: 61.917 GC heap after
{Heap after GC invocations=81 (full 3):
 PSYoungGen      total 10752K, used 288K [0x00000000d5580000, 0x00000000d6680000, 0x0000000100000000)
  eden space 10240K, 0% used [0x00000000d5580000,0x00000000d5580000,0x00000000d5f80000)
  from space 512K, 56% used [0x00000000d6600000,0x00000000d6648000,0x00000000d6680000)
  to   space 512K, 0% used [0x00000000d6580000,0x00000000d6580000,0x00000000d6600000)
 ParOldGen       total 68608K, used 57832K [0x0000000080000000, 0x0000000084300000, 0x00000000d5580000)
  object space 68608K, 84% used [0x0000000080000000,0x000000008387a0b0,0x0000000084300000)
 Metaspace       used 63826K, committed 65280K, reserved 1114112K
  class space    used 8008K, committed 8640K, reserved 1048576K
}
Event: 62.660 GC heap before
{Heap before GC invocations=82 (full 3):
 PSYoungGen      total 10752K, used 10528K [0x00000000d5580000, 0x00000000d6680000, 0x0000000100000000)
  eden space 10240K, 100% used [0x00000000d5580000,0x00000000d5f80000,0x00000000d5f80000)
  from space 512K, 56% used [0x00000000d6600000,0x00000000d6648000,0x00000000d6680000)
  to   space 512K, 0% used [0x00000000d6580000,0x00000000d6580000,0x00000000d6600000)
 ParOldGen       total 68608K, used 57832K [0x0000000080000000, 0x0000000084300000, 0x00000000d5580000)
  object space 68608K, 84% used [0x0000000080000000,0x000000008387a0b0,0x0000000084300000)
 Metaspace       used 64804K, committed 66176K, reserved 1114112K
  class space    used 8120K, committed 8704K, reserved 1048576K
}
Event: 62.667 GC heap after
{Heap after GC invocations=82 (full 3):
 PSYoungGen      total 10752K, used 512K [0x00000000d5580000, 0x00000000d6680000, 0x0000000100000000)
  eden space 10240K, 0% used [0x00000000d5580000,0x00000000d5580000,0x00000000d5f80000)
  from space 512K, 100% used [0x00000000d6580000,0x00000000d6600000,0x00000000d6600000)
  to   space 512K, 0% used [0x00000000d6600000,0x00000000d6600000,0x00000000d6680000)
 ParOldGen       total 68608K, used 58958K [0x0000000080000000, 0x0000000084300000, 0x00000000d5580000)
  object space 68608K, 85% used [0x0000000080000000,0x0000000083993938,0x0000000084300000)
 Metaspace       used 64804K, committed 66176K, reserved 1114112K
  class space    used 8120K, committed 8704K, reserved 1048576K
}
Event: 63.018 GC heap before
{Heap before GC invocations=83 (full 3):
 PSYoungGen      total 10752K, used 10752K [0x00000000d5580000, 0x00000000d6680000, 0x0000000100000000)
  eden space 10240K, 100% used [0x00000000d5580000,0x00000000d5f80000,0x00000000d5f80000)
  from space 512K, 100% used [0x00000000d6580000,0x00000000d6600000,0x00000000d6600000)
  to   space 512K, 0% used [0x00000000d6600000,0x00000000d6600000,0x00000000d6680000)
 ParOldGen       total 68608K, used 58958K [0x0000000080000000, 0x0000000084300000, 0x00000000d5580000)
  object space 68608K, 85% used [0x0000000080000000,0x0000000083993938,0x0000000084300000)
 Metaspace       used 65623K, committed 67072K, reserved 1114112K
  class space    used 8201K, committed 8832K, reserved 1048576K
}
Event: 63.022 GC heap after
{Heap after GC invocations=83 (full 3):
 PSYoungGen      total 10752K, used 505K [0x00000000d5580000, 0x00000000d6680000, 0x0000000100000000)
  eden space 10240K, 0% used [0x00000000d5580000,0x00000000d5580000,0x00000000d5f80000)
  from space 512K, 98% used [0x00000000d6600000,0x00000000d667e5d0,0x00000000d6680000)
  to   space 3584K, 0% used [0x00000000d5f80000,0x00000000d5f80000,0x00000000d6300000)
 ParOldGen       total 68608K, used 61630K [0x0000000080000000, 0x0000000084300000, 0x00000000d5580000)
  object space 68608K, 89% used [0x0000000080000000,0x0000000083c2f8a8,0x0000000084300000)
 Metaspace       used 65623K, committed 67072K, reserved 1114112K
  class space    used 8201K, committed 8832K, reserved 1048576K
}
Event: 63.472 GC heap before
{Heap before GC invocations=84 (full 3):
 PSYoungGen      total 10752K, used 10744K [0x00000000d5580000, 0x00000000d6680000, 0x0000000100000000)
  eden space 10240K, 99% used [0x00000000d5580000,0x00000000d5f7fcd8,0x00000000d5f80000)
  from space 512K, 98% used [0x00000000d6600000,0x00000000d667e5d0,0x00000000d6680000)
  to   space 3584K, 0% used [0x00000000d5f80000,0x00000000d5f80000,0x00000000d6300000)
 ParOldGen       total 68608K, used 61630K [0x0000000080000000, 0x0000000084300000, 0x00000000d5580000)
  object space 68608K, 89% used [0x0000000080000000,0x0000000083c2f8a8,0x0000000084300000)
 Metaspace       used 67201K, committed 68608K, reserved 1114112K
  class space    used 8383K, committed 8960K, reserved 1048576K
}
Event: 63.476 GC heap after
{Heap after GC invocations=84 (full 3):
 PSYoungGen      total 13824K, used 568K [0x00000000d5580000, 0x00000000d6680000, 0x0000000100000000)
  eden space 10240K, 0% used [0x00000000d5580000,0x00000000d5580000,0x00000000d5f80000)
  from space 3584K, 15% used [0x00000000d5f80000,0x00000000d600e1b8,0x00000000d6300000)
  to   space 1536K, 0% used [0x00000000d6500000,0x00000000d6500000,0x00000000d6680000)
 ParOldGen       total 68608K, used 61929K [0x0000000080000000, 0x0000000084300000, 0x00000000d5580000)
  object space 68608K, 90% used [0x0000000080000000,0x0000000083c7a448,0x0000000084300000)
 Metaspace       used 67201K, committed 68608K, reserved 1114112K
  class space    used 8383K, committed 8960K, reserved 1048576K
}
Event: 63.883 GC heap before
{Heap before GC invocations=85 (full 3):
 PSYoungGen      total 13824K, used 10808K [0x00000000d5580000, 0x00000000d6680000, 0x0000000100000000)
  eden space 10240K, 100% used [0x00000000d5580000,0x00000000d5f80000,0x00000000d5f80000)
  from space 3584K, 15% used [0x00000000d5f80000,0x00000000d600e1b8,0x00000000d6300000)
  to   space 1536K, 0% used [0x00000000d6500000,0x00000000d6500000,0x00000000d6680000)
 ParOldGen       total 68608K, used 61929K [0x0000000080000000, 0x0000000084300000, 0x00000000d5580000)
  object space 68608K, 90% used [0x0000000080000000,0x0000000083c7a448,0x0000000084300000)
 Metaspace       used 67753K, committed 69184K, reserved 1114112K
  class space    used 8440K, committed 9024K, reserved 1048576K
}
Event: 63.885 GC heap after
{Heap after GC invocations=85 (full 3):
 PSYoungGen      total 10752K, used 160K [0x00000000d5580000, 0x00000000d6580000, 0x0000000100000000)
  eden space 10240K, 0% used [0x00000000d5580000,0x00000000d5580000,0x00000000d5f80000)
  from space 512K, 31% used [0x00000000d6500000,0x00000000d6528000,0x00000000d6580000)
  to   space 512K, 0% used [0x00000000d6480000,0x00000000d6480000,0x00000000d6500000)
 ParOldGen       total 68608K, used 62419K [0x0000000080000000, 0x0000000084300000, 0x00000000d5580000)
  object space 68608K, 90% used [0x0000000080000000,0x0000000083cf4d18,0x0000000084300000)
 Metaspace       used 67753K, committed 69184K, reserved 1114112K
  class space    used 8440K, committed 9024K, reserved 1048576K
}

