# JRE version: OpenJDK Runtime Environment Temurin-17.0.15+6 (17.0.15+6) (build 17.0.15+6)
# Java VM: OpenJDK 64-Bit Server VM Temurin-17.0.15+6 (17.0.15+6, mixed mode, sharing, tiered, compressed oops, compressed class ptrs, g1 gc, windows-amd64)
GC Precious Log:
 CPUs: 4 total, 4 available
 Memory: 3964M
 Large Page Support: Disabled
 NUMA Support: Disabled
 Compressed Oops: Enabled (32-bit)
 Heap Region Size: 1M
 Heap Min Capacity: 8M
 Heap Initial Capacity: 62M
 Heap Max Capacity: 2G
 Pre-touch: Disabled
 Parallel Workers: 4
 Concurrent Workers: 1
 Concurrent Refinement Workers: 4
 Periodic GC: Disabled
Heap:
 garbage-first heap   total 122880K, used 75473K [0x0000000080000000, 0x0000000100000000)
  region size 1024K, 36 young (36864K), 6 survivors (6144K)
 Metaspace       used 54071K, committed 54592K, reserved 1114112K
  class space    used 7545K, committed 7808K, reserved 1048576K
GC Heap History (20 events):
Event: 5.762 GC heap before
{Heap before GC invocations=7 (full 0):
 garbage-first heap   total 76800K, used 49106K [0x0000000080000000, 0x0000000100000000)
  region size 1024K, 31 young (31744K), 3 survivors (3072K)
 Metaspace       used 21169K, committed 21504K, reserved 1114112K
  class space    used 3088K, committed 3264K, reserved 1048576K
}
Event: 5.771 GC heap after
{Heap after GC invocations=8 (full 0):
 garbage-first heap   total 76800K, used 24214K [0x0000000080000000, 0x0000000100000000)
  region size 1024K, 5 young (5120K), 5 survivors (5120K)
 Metaspace       used 21169K, committed 21504K, reserved 1114112K
  class space    used 3088K, committed 3264K, reserved 1048576K
}
Event: 6.536 GC heap before
{Heap before GC invocations=9 (full 0):
 garbage-first heap   total 76800K, used 59030K [0x0000000080000000, 0x0000000100000000)
  region size 1024K, 39 young (39936K), 5 survivors (5120K)
 Metaspace       used 25733K, committed 26048K, reserved 1114112K
  class space    used 3820K, committed 3968K, reserved 1048576K
}
Event: 6.546 GC heap after
{Heap after GC invocations=10 (full 0):
 garbage-first heap   total 76800K, used 25940K [0x0000000080000000, 0x0000000100000000)
  region size 1024K, 4 young (4096K), 4 survivors (4096K)
 Metaspace       used 25733K, committed 26048K, reserved 1114112K
  class space    used 3820K, committed 3968K, reserved 1048576K
}
Event: 6.578 GC heap before
{Heap before GC invocations=10 (full 0):
 garbage-first heap   total 76800K, used 26964K [0x0000000080000000, 0x0000000100000000)
  region size 1024K, 5 young (5120K), 4 survivors (4096K)
 Metaspace       used 25802K, committed 26176K, reserved 1114112K
  class space    used 3833K, committed 4032K, reserved 1048576K
}
Event: 6.588 GC heap after
{Heap after GC invocations=11 (full 0):
 garbage-first heap   total 76800K, used 25930K [0x0000000080000000, 0x0000000100000000)
  region size 1024K, 1 young (1024K), 1 survivors (1024K)
 Metaspace       used 25802K, committed 26176K, reserved 1114112K
  class space    used 3833K, committed 4032K, reserved 1048576K
}
Event: 7.261 GC heap before
{Heap before GC invocations=11 (full 0):
 garbage-first heap   total 76800K, used 59722K [0x0000000080000000, 0x0000000100000000)
  region size 1024K, 35 young (35840K), 1 survivors (1024K)
 Metaspace       used 31793K, committed 32192K, reserved 1114112K
  class space    used 4488K, committed 4672K, reserved 1048576K
}
Event: 7.268 GC heap after
{Heap after GC invocations=12 (full 0):
 garbage-first heap   total 76800K, used 29132K [0x0000000080000000, 0x0000000100000000)
  region size 1024K, 4 young (4096K), 4 survivors (4096K)
 Metaspace       used 31793K, committed 32192K, reserved 1114112K
  class space    used 4488K, committed 4672K, reserved 1048576K
}
Event: 7.889 GC heap before
{Heap before GC invocations=12 (full 0):
 garbage-first heap   total 76800K, used 63948K [0x0000000080000000, 0x0000000100000000)
  region size 1024K, 34 young (34816K), 4 survivors (4096K)
 Metaspace       used 34160K, committed 34624K, reserved 1114112K
  class space    used 4729K, committed 4928K, reserved 1048576K
}
Event: 7.898 GC heap after
{Heap after GC invocations=13 (full 0):
 garbage-first heap   total 76800K, used 31364K [0x0000000080000000, 0x0000000100000000)
  region size 1024K, 3 young (3072K), 3 survivors (3072K)
 Metaspace       used 34160K, committed 34624K, reserved 1114112K
  class space    used 4729K, committed 4928K, reserved 1048576K
}
Event: 8.036 GC heap before
{Heap before GC invocations=13 (full 0):
 garbage-first heap   total 76800K, used 40580K [0x0000000080000000, 0x0000000100000000)
  region size 1024K, 12 young (12288K), 3 survivors (3072K)
 Metaspace       used 35649K, committed 36096K, reserved 1114112K
  class space    used 4860K, committed 5056K, reserved 1048576K
}
Event: 8.042 GC heap after
{Heap after GC invocations=14 (full 0):
 garbage-first heap   total 136192K, used 33132K [0x0000000080000000, 0x0000000100000000)
  region size 1024K, 1 young (1024K), 1 survivors (1024K)
 Metaspace       used 35649K, committed 36096K, reserved 1114112K
  class space    used 4860K, committed 5056K, reserved 1048576K
}
Event: 9.170 GC heap before
{Heap before GC invocations=15 (full 0):
 garbage-first heap   total 122880K, used 105836K [0x0000000080000000, 0x0000000100000000)
  region size 1024K, 72 young (73728K), 1 survivors (1024K)
 Metaspace       used 40675K, committed 41216K, reserved 1114112K
  class space    used 5653K, committed 5888K, reserved 1048576K
}
Event: 9.177 GC heap after
{Heap after GC invocations=16 (full 0):
 garbage-first heap   total 122880K, used 34538K [0x0000000080000000, 0x0000000100000000)
  region size 1024K, 4 young (4096K), 4 survivors (4096K)
 Metaspace       used 40675K, committed 41216K, reserved 1114112K
  class space    used 5653K, committed 5888K, reserved 1048576K
}
Event: 10.375 GC heap before
{Heap before GC invocations=17 (full 0):
 garbage-first heap   total 122880K, used 95978K [0x0000000080000000, 0x0000000100000000)
  region size 1024K, 64 young (65536K), 4 survivors (4096K)
 Metaspace       used 48081K, committed 48704K, reserved 1114112K
  class space    used 6722K, committed 7040K, reserved 1048576K
}
Event: 10.390 GC heap after
{Heap after GC invocations=18 (full 0):
 garbage-first heap   total 122880K, used 36870K [0x0000000080000000, 0x0000000100000000)
  region size 1024K, 6 young (6144K), 6 survivors (6144K)
 Metaspace       used 48081K, committed 48704K, reserved 1114112K
  class space    used 6722K, committed 7040K, reserved 1048576K
}
Event: 11.987 GC heap before
{Heap before GC invocations=18 (full 0):
 garbage-first heap   total 122880K, used 98310K [0x0000000080000000, 0x0000000100000000)
  region size 1024K, 66 young (67584K), 6 survivors (6144K)
 Metaspace       used 52877K, committed 53504K, reserved 1114112K
  class space    used 7439K, committed 7744K, reserved 1048576K
}
Event: 12.003 GC heap after
{Heap after GC invocations=19 (full 0):
 garbage-first heap   total 122880K, used 43273K [0x0000000080000000, 0x0000000100000000)
  region size 1024K, 9 young (9216K), 9 survivors (9216K)
 Metaspace       used 52877K, committed 53504K, reserved 1114112K
  class space    used 7439K, committed 7744K, reserved 1048576K
}
Event: 13.058 GC heap before
{Heap before GC invocations=19 (full 0):
 garbage-first heap   total 122880K, used 96521K [0x0000000080000000, 0x0000000100000000)
  region size 1024K, 62 young (63488K), 9 survivors (9216K)
 Metaspace       used 53857K, committed 54400K, reserved 1114112K
  class space    used 7539K, committed 7808K, reserved 1048576K
}
Event: 13.074 GC heap after
{Heap after GC invocations=20 (full 0):
 garbage-first heap   total 122880K, used 46801K [0x0000000080000000, 0x0000000100000000)
  region size 1024K, 6 young (6144K), 6 survivors (6144K)
 Metaspace       used 53857K, committed 54400K, reserved 1114112K
  class space    used 7539K, committed 7808K, reserved 1048576K
}

