# JRE version: OpenJDK Runtime Environment Temurin-17.0.15+6 (17.0.15+6) (build 17.0.15+6)
# Java VM: OpenJDK 64-Bit Server VM Temurin-17.0.15+6 (17.0.15+6, mixed mode, sharing, tiered, compressed oops, compressed class ptrs, g1 gc, windows-amd64)
GC Precious Log:
 CPUs: 4 total, 4 available
 Memory: 3964M
 Large Page Support: Disabled
 NUMA Support: Disabled
 Compressed Oops: Enabled (32-bit)
 Heap Region Size: 1M
 Heap Min Capacity: 8M
 Heap Initial Capacity: 62M
 Heap Max Capacity: 2G
 Pre-touch: Disabled
 Parallel Workers: 4
 Concurrent Workers: 1
 Concurrent Refinement Workers: 4
 Periodic GC: Disabled
Heap:
 garbage-first heap   total 133120K, used 76555K [0x0000000080000000, 0x0000000100000000)
  region size 1024K, 3 young (3072K), 3 survivors (3072K)
 Metaspace       used 63755K, committed 64512K, reserved 1114112K
  class space    used 8591K, committed 8960K, reserved 1048576K
GC Heap History (20 events):
Event: 10.809 GC heap after
{Heap after GC invocations=18 (full 0):
 garbage-first heap   total 133120K, used 35397K [0x0000000080000000, 0x0000000100000000)
  region size 1024K, 1 young (1024K), 1 survivors (1024K)
 Metaspace       used 38330K, committed 38848K, reserved 1114112K
  class space    used 5183K, committed 5440K, reserved 1048576K
}
Event: 12.300 GC heap before
{Heap before GC invocations=18 (full 0):
 garbage-first heap   total 133120K, used 104005K [0x0000000080000000, 0x0000000100000000)
  region size 1024K, 68 young (69632K), 1 survivors (1024K)
 Metaspace       used 43703K, committed 44224K, reserved 1114112K
  class space    used 6044K, committed 6272K, reserved 1048576K
}
Event: 12.307 GC heap after
{Heap after GC invocations=19 (full 0):
 garbage-first heap   total 133120K, used 38100K [0x0000000080000000, 0x0000000100000000)
  region size 1024K, 3 young (3072K), 3 survivors (3072K)
 Metaspace       used 43703K, committed 44224K, reserved 1114112K
  class space    used 6044K, committed 6272K, reserved 1048576K
}
Event: 13.869 GC heap before
{Heap before GC invocations=19 (full 0):
 garbage-first heap   total 133120K, used 105684K [0x0000000080000000, 0x0000000100000000)
  region size 1024K, 69 young (70656K), 3 survivors (3072K)
 Metaspace       used 51245K, committed 51840K, reserved 1114112K
  class space    used 7125K, committed 7424K, reserved 1048576K
}
Event: 13.880 GC heap after
{Heap after GC invocations=20 (full 0):
 garbage-first heap   total 133120K, used 42428K [0x0000000080000000, 0x0000000100000000)
  region size 1024K, 7 young (7168K), 7 survivors (7168K)
 Metaspace       used 51245K, committed 51840K, reserved 1114112K
  class space    used 7125K, committed 7424K, reserved 1048576K
}
Event: 16.327 GC heap before
{Heap before GC invocations=20 (full 0):
 garbage-first heap   total 133120K, used 105916K [0x0000000080000000, 0x0000000100000000)
  region size 1024K, 69 young (70656K), 7 survivors (7168K)
 Metaspace       used 55748K, committed 56384K, reserved 1114112K
  class space    used 7763K, committed 8064K, reserved 1048576K
}
Event: 16.346 GC heap after
{Heap after GC invocations=21 (full 0):
 garbage-first heap   total 133120K, used 47453K [0x0000000080000000, 0x0000000100000000)
  region size 1024K, 9 young (9216K), 9 survivors (9216K)
 Metaspace       used 55748K, committed 56384K, reserved 1114112K
  class space    used 7763K, committed 8064K, reserved 1048576K
}
Event: 18.759 GC heap before
{Heap before GC invocations=21 (full 0):
 garbage-first heap   total 133120K, used 104797K [0x0000000080000000, 0x0000000100000000)
  region size 1024K, 66 young (67584K), 9 survivors (9216K)
 Metaspace       used 56729K, committed 57408K, reserved 1114112K
  class space    used 7858K, committed 8192K, reserved 1048576K
}
Event: 18.784 GC heap after
{Heap after GC invocations=22 (full 0):
 garbage-first heap   total 133120K, used 51200K [0x0000000080000000, 0x0000000100000000)
  region size 1024K, 5 young (5120K), 5 survivors (5120K)
 Metaspace       used 56729K, committed 57408K, reserved 1114112K
  class space    used 7858K, committed 8192K, reserved 1048576K
}
Event: 19.748 GC heap before
{Heap before GC invocations=22 (full 0):
 garbage-first heap   total 133120K, used 106496K [0x0000000080000000, 0x0000000100000000)
  region size 1024K, 59 young (60416K), 5 survivors (5120K)
 Metaspace       used 56922K, committed 57600K, reserved 1114112K
  class space    used 7858K, committed 8192K, reserved 1048576K
}
Event: 19.755 GC heap after
{Heap after GC invocations=23 (full 0):
 garbage-first heap   total 133120K, used 52632K [0x0000000080000000, 0x0000000100000000)
  region size 1024K, 4 young (4096K), 4 survivors (4096K)
 Metaspace       used 56922K, committed 57600K, reserved 1114112K
  class space    used 7858K, committed 8192K, reserved 1048576K
}
Event: 20.563 GC heap before
{Heap before GC invocations=23 (full 0):
 garbage-first heap   total 133120K, used 105880K [0x0000000080000000, 0x0000000100000000)
  region size 1024K, 57 young (58368K), 4 survivors (4096K)
 Metaspace       used 56937K, committed 57600K, reserved 1114112K
  class space    used 7858K, committed 8192K, reserved 1048576K
}
Event: 20.572 GC heap after
{Heap after GC invocations=24 (full 0):
 garbage-first heap   total 133120K, used 53233K [0x0000000080000000, 0x0000000100000000)
  region size 1024K, 5 young (5120K), 5 survivors (5120K)
 Metaspace       used 56937K, committed 57600K, reserved 1114112K
  class space    used 7858K, committed 8192K, reserved 1048576K
}
Event: 21.592 GC heap before
{Heap before GC invocations=24 (full 0):
 garbage-first heap   total 133120K, used 109553K [0x0000000080000000, 0x0000000100000000)
  region size 1024K, 52 young (53248K), 5 survivors (5120K)
 Metaspace       used 57970K, committed 58688K, reserved 1114112K
  class space    used 7983K, committed 8320K, reserved 1048576K
}
Event: 21.607 GC heap after
{Heap after GC invocations=25 (full 0):
 garbage-first heap   total 133120K, used 67545K [0x0000000080000000, 0x0000000100000000)
  region size 1024K, 8 young (8192K), 8 survivors (8192K)
 Metaspace       used 57970K, committed 58688K, reserved 1114112K
  class space    used 7983K, committed 8320K, reserved 1048576K
}
Event: 25.052 GC heap before
{Heap before GC invocations=26 (full 0):
 garbage-first heap   total 133120K, used 106457K [0x0000000080000000, 0x0000000100000000)
  region size 1024K, 45 young (46080K), 8 survivors (8192K)
 Metaspace       used 60658K, committed 61376K, reserved 1114112K
  class space    used 8289K, committed 8640K, reserved 1048576K
}
Event: 25.069 GC heap after
{Heap after GC invocations=27 (full 0):
 garbage-first heap   total 133120K, used 74095K [0x0000000080000000, 0x0000000100000000)
  region size 1024K, 5 young (5120K), 5 survivors (5120K)
 Metaspace       used 60658K, committed 61376K, reserved 1114112K
  class space    used 8289K, committed 8640K, reserved 1048576K
}
Event: 25.090 GC heap before
{Heap before GC invocations=27 (full 0):
 garbage-first heap   total 133120K, used 74095K [0x0000000080000000, 0x0000000100000000)
  region size 1024K, 6 young (6144K), 5 survivors (5120K)
 Metaspace       used 60766K, committed 61504K, reserved 1114112K
  class space    used 8298K, committed 8640K, reserved 1048576K
}
Event: 25.094 GC heap after
{Heap after GC invocations=28 (full 0):
 garbage-first heap   total 133120K, used 73906K [0x0000000080000000, 0x0000000100000000)
  region size 1024K, 1 young (1024K), 1 survivors (1024K)
 Metaspace       used 60766K, committed 61504K, reserved 1114112K
  class space    used 8298K, committed 8640K, reserved 1048576K
}
Event: 25.971 GC heap before
{Heap before GC invocations=28 (full 0):
 garbage-first heap   total 133120K, used 108722K [0x0000000080000000, 0x0000000100000000)
  region size 1024K, 34 young (34816K), 1 survivors (1024K)
 Metaspace       used 63755K, committed 64512K, reserved 1114112K
  class space    used 8591K, committed 8960K, reserved 1048576K
}

