# JRE version: OpenJDK Runtime Environment Temurin-21.0.9+10 (21.0.9+10) (build 21.0.9+10-LTS)
# Java VM: OpenJDK 64-Bit Server VM Temurin-21.0.9+10 (21.0.9+10-LTS, mixed mode, sharing, tiered, compressed oops, compressed class ptrs, parallel gc, windows-amd64)
GC Precious Log:
 CardTable entry size: 512
 CPUs: 4 total, 4 available
 Memory: 3964M
 Large Page Support: Disabled
 NUMA Support: Disabled
 Compressed Oops: Enabled (32-bit)
 Alignments: Space 512K, Generation 512K, Heap 2M
 Heap Min Capacity: 100M
 Heap Initial Capacity: 100M
 Heap Max Capacity: 2G
 Pre-touch: Disabled
 Parallel Workers: 4
Heap:
 PSYoungGen      total 18432K, used 3076K [0x00000000d5580000, 0x00000000d6a00000, 0x0000000100000000)
  eden space 17408K, 12% used [0x00000000d5580000,0x00000000d57a1248,0x00000000d6680000)
  from space 1024K, 87% used [0x00000000d6900000,0x00000000d69e0020,0x00000000d6a00000)
  to   space 1536K, 0% used [0x00000000d6700000,0x00000000d6700000,0x00000000d6880000)
 ParOldGen       total 68608K, used 54737K [0x0000000080000000, 0x0000000084300000, 0x00000000d5580000)
  object space 68608K, 79% used [0x0000000080000000,0x00000000835745a0,0x0000000084300000)
 Metaspace       used 61450K, committed 62720K, reserved 1114112K
  class space    used 7210K, committed 7744K, reserved 1048576K
GC Heap History (20 events):
Event: 56.903 GC heap before
{Heap before GC invocations=30 (full 2):
 PSYoungGen      total 19456K, used 19160K [0x00000000d5580000, 0x00000000d6b00000, 0x0000000100000000)
  eden space 17408K, 100% used [0x00000000d5580000,0x00000000d6680000,0x00000000d6680000)
  from space 2048K, 85% used [0x00000000d6880000,0x00000000d6a361a8,0x00000000d6a80000)
  to   space 512K, 0% used [0x00000000d6a80000,0x00000000d6a80000,0x00000000d6b00000)
 ParOldGen       total 68608K, used 41817K [0x0000000080000000, 0x0000000084300000, 0x00000000d5580000)
  object space 68608K, 60% used [0x0000000080000000,0x00000000828d64c8,0x0000000084300000)
 Metaspace       used 57615K, committed 59008K, reserved 1114112K
  class space    used 6726K, committed 7296K, reserved 1048576K
}
Event: 56.908 GC heap after
{Heap after GC invocations=30 (full 2):
 PSYoungGen      total 17920K, used 512K [0x00000000d5580000, 0x00000000d6c80000, 0x0000000100000000)
  eden space 17408K, 0% used [0x00000000d5580000,0x00000000d5580000,0x00000000d6680000)
  from space 512K, 100% used [0x00000000d6a80000,0x00000000d6b00000,0x00000000d6b00000)
  to   space 3072K, 0% used [0x00000000d6680000,0x00000000d6680000,0x00000000d6980000)
 ParOldGen       total 68608K, used 43898K [0x0000000080000000, 0x0000000084300000, 0x00000000d5580000)
  object space 68608K, 63% used [0x0000000080000000,0x0000000082ade928,0x0000000084300000)
 Metaspace       used 57615K, committed 59008K, reserved 1114112K
  class space    used 6726K, committed 7296K, reserved 1048576K
}
Event: 57.258 GC heap before
{Heap before GC invocations=31 (full 2):
 PSYoungGen      total 17920K, used 17920K [0x00000000d5580000, 0x00000000d6c80000, 0x0000000100000000)
  eden space 17408K, 100% used [0x00000000d5580000,0x00000000d6680000,0x00000000d6680000)
  from space 512K, 100% used [0x00000000d6a80000,0x00000000d6b00000,0x00000000d6b00000)
  to   space 3072K, 0% used [0x00000000d6680000,0x00000000d6680000,0x00000000d6980000)
 ParOldGen       total 68608K, used 43898K [0x0000000080000000, 0x0000000084300000, 0x00000000d5580000)
  object space 68608K, 63% used [0x0000000080000000,0x0000000082ade928,0x0000000084300000)
 Metaspace       used 57821K, committed 59264K, reserved 1114112K
  class space    used 6738K, committed 7360K, reserved 1048576K
}
Event: 57.267 GC heap after
{Heap after GC invocations=31 (full 2):
 PSYoungGen      total 19456K, used 1984K [0x00000000d5580000, 0x00000000d6b80000, 0x0000000100000000)
  eden space 17408K, 0% used [0x00000000d5580000,0x00000000d5580000,0x00000000d6680000)
  from space 2048K, 96% used [0x00000000d6680000,0x00000000d6870030,0x00000000d6880000)
  to   space 2560K, 0% used [0x00000000d6900000,0x00000000d6900000,0x00000000d6b80000)
 ParOldGen       total 68608K, used 44407K [0x0000000080000000, 0x0000000084300000, 0x00000000d5580000)
  object space 68608K, 64% used [0x0000000080000000,0x0000000082b5df80,0x0000000084300000)
 Metaspace       used 57821K, committed 59264K, reserved 1114112K
  class space    used 6738K, committed 7360K, reserved 1048576K
}
Event: 57.739 GC heap before
{Heap before GC invocations=32 (full 2):
 PSYoungGen      total 19456K, used 19392K [0x00000000d5580000, 0x00000000d6b80000, 0x0000000100000000)
  eden space 17408K, 100% used [0x00000000d5580000,0x00000000d6680000,0x00000000d6680000)
  from space 2048K, 96% used [0x00000000d6680000,0x00000000d6870030,0x00000000d6880000)
  to   space 2560K, 0% used [0x00000000d6900000,0x00000000d6900000,0x00000000d6b80000)
 ParOldGen       total 68608K, used 44407K [0x0000000080000000, 0x0000000084300000, 0x00000000d5580000)
  object space 68608K, 64% used [0x0000000080000000,0x0000000082b5df80,0x0000000084300000)
 Metaspace       used 58318K, committed 59712K, reserved 1114112K
  class space    used 6808K, committed 7424K, reserved 1048576K
}
Event: 57.745 GC heap after
{Heap after GC invocations=32 (full 2):
 PSYoungGen      total 19456K, used 1937K [0x00000000d5580000, 0x00000000d6b00000, 0x0000000100000000)
  eden space 17408K, 0% used [0x00000000d5580000,0x00000000d5580000,0x00000000d6680000)
  from space 2048K, 94% used [0x00000000d6900000,0x00000000d6ae4410,0x00000000d6b00000)
  to   space 2048K, 0% used [0x00000000d6680000,0x00000000d6680000,0x00000000d6880000)
 ParOldGen       total 68608K, used 46223K [0x0000000080000000, 0x0000000084300000, 0x00000000d5580000)
  object space 68608K, 67% used [0x0000000080000000,0x0000000082d23fb0,0x0000000084300000)
 Metaspace       used 58318K, committed 59712K, reserved 1114112K
  class space    used 6808K, committed 7424K, reserved 1048576K
}
Event: 57.997 GC heap before
{Heap before GC invocations=33 (full 2):
 PSYoungGen      total 19456K, used 18631K [0x00000000d5580000, 0x00000000d6b00000, 0x0000000100000000)
  eden space 17408K, 95% used [0x00000000d5580000,0x00000000d65cd9e8,0x00000000d6680000)
  from space 2048K, 94% used [0x00000000d6900000,0x00000000d6ae4410,0x00000000d6b00000)
  to   space 2048K, 0% used [0x00000000d6680000,0x00000000d6680000,0x00000000d6880000)
 ParOldGen       total 68608K, used 46223K [0x0000000080000000, 0x0000000084300000, 0x00000000d5580000)
  object space 68608K, 67% used [0x0000000080000000,0x0000000082d23fb0,0x0000000084300000)
 Metaspace       used 58412K, committed 59776K, reserved 1114112K
  class space    used 6820K, committed 7424K, reserved 1048576K
}
Event: 58.003 GC heap after
{Heap after GC invocations=33 (full 2):
 PSYoungGen      total 19456K, used 2034K [0x00000000d5580000, 0x00000000d6f80000, 0x0000000100000000)
  eden space 17408K, 0% used [0x00000000d5580000,0x00000000d5580000,0x00000000d6680000)
  from space 2048K, 99% used [0x00000000d6680000,0x00000000d687c820,0x00000000d6880000)
  to   space 4608K, 0% used [0x00000000d6b00000,0x00000000d6b00000,0x00000000d6f80000)
 ParOldGen       total 68608K, used 48027K [0x0000000080000000, 0x0000000084300000, 0x00000000d5580000)
  object space 68608K, 70% used [0x0000000080000000,0x0000000082ee6c90,0x0000000084300000)
 Metaspace       used 58412K, committed 59776K, reserved 1114112K
  class space    used 6820K, committed 7424K, reserved 1048576K
}
Event: 58.003 GC heap before
{Heap before GC invocations=34 (full 3):
 PSYoungGen      total 19456K, used 2034K [0x00000000d5580000, 0x00000000d6f80000, 0x0000000100000000)
  eden space 17408K, 0% used [0x00000000d5580000,0x00000000d5580000,0x00000000d6680000)
  from space 2048K, 99% used [0x00000000d6680000,0x00000000d687c820,0x00000000d6880000)
  to   space 4608K, 0% used [0x00000000d6b00000,0x00000000d6b00000,0x00000000d6f80000)
 ParOldGen       total 68608K, used 48027K [0x0000000080000000, 0x0000000084300000, 0x00000000d5580000)
  object space 68608K, 70% used [0x0000000080000000,0x0000000082ee6c90,0x0000000084300000)
 Metaspace       used 58412K, committed 59776K, reserved 1114112K
  class space    used 6820K, committed 7424K, reserved 1048576K
}
Event: 58.270 GC heap after
{Heap after GC invocations=34 (full 3):
 PSYoungGen      total 19456K, used 0K [0x00000000d5580000, 0x00000000d6f80000, 0x0000000100000000)
  eden space 17408K, 0% used [0x00000000d5580000,0x00000000d5580000,0x00000000d6680000)
  from space 2048K, 0% used [0x00000000d6680000,0x00000000d6680000,0x00000000d6880000)
  to   space 4608K, 0% used [0x00000000d6b00000,0x00000000d6b00000,0x00000000d6f80000)
 ParOldGen       total 68608K, used 48024K [0x0000000080000000, 0x0000000084300000, 0x00000000d5580000)
  object space 68608K, 69% used [0x0000000080000000,0x0000000082ee63e0,0x0000000084300000)
 Metaspace       used 58412K, committed 59776K, reserved 1114112K
  class space    used 6820K, committed 7424K, reserved 1048576K
}
Event: 58.830 GC heap before
{Heap before GC invocations=35 (full 3):
 PSYoungGen      total 19456K, used 17408K [0x00000000d5580000, 0x00000000d6f80000, 0x0000000100000000)
  eden space 17408K, 100% used [0x00000000d5580000,0x00000000d6680000,0x00000000d6680000)
  from space 2048K, 0% used [0x00000000d6680000,0x00000000d6680000,0x00000000d6880000)
  to   space 4608K, 0% used [0x00000000d6b00000,0x00000000d6b00000,0x00000000d6f80000)
 ParOldGen       total 68608K, used 48024K [0x0000000080000000, 0x0000000084300000, 0x00000000d5580000)
  object space 68608K, 69% used [0x0000000080000000,0x0000000082ee63e0,0x0000000084300000)
 Metaspace       used 58424K, committed 59840K, reserved 1114112K
  class space    used 6820K, committed 7424K, reserved 1048576K
}
Event: 58.836 GC heap after
{Heap after GC invocations=35 (full 3):
 PSYoungGen      total 19456K, used 1860K [0x00000000d5580000, 0x00000000d6d00000, 0x0000000100000000)
  eden space 17408K, 0% used [0x00000000d5580000,0x00000000d5580000,0x00000000d6680000)
  from space 2048K, 90% used [0x00000000d6b00000,0x00000000d6cd1000,0x00000000d6d00000)
  to   space 3072K, 0% used [0x00000000d6700000,0x00000000d6700000,0x00000000d6a00000)
 ParOldGen       total 68608K, used 48024K [0x0000000080000000, 0x0000000084300000, 0x00000000d5580000)
  object space 68608K, 69% used [0x0000000080000000,0x0000000082ee63e0,0x0000000084300000)
 Metaspace       used 58424K, committed 59840K, reserved 1114112K
  class space    used 6820K, committed 7424K, reserved 1048576K
}
Event: 59.218 GC heap before
{Heap before GC invocations=36 (full 3):
 PSYoungGen      total 19456K, used 19268K [0x00000000d5580000, 0x00000000d6d00000, 0x0000000100000000)
  eden space 17408K, 100% used [0x00000000d5580000,0x00000000d6680000,0x00000000d6680000)
  from space 2048K, 90% used [0x00000000d6b00000,0x00000000d6cd1000,0x00000000d6d00000)
  to   space 3072K, 0% used [0x00000000d6700000,0x00000000d6700000,0x00000000d6a00000)
 ParOldGen       total 68608K, used 48024K [0x0000000080000000, 0x0000000084300000, 0x00000000d5580000)
  object space 68608K, 69% used [0x0000000080000000,0x0000000082ee63e0,0x0000000084300000)
 Metaspace       used 58470K, committed 59840K, reserved 1114112K
  class space    used 6822K, committed 7424K, reserved 1048576K
}
Event: 59.230 GC heap after
{Heap after GC invocations=36 (full 3):
 PSYoungGen      total 19456K, used 1792K [0x00000000d5580000, 0x00000000d6b80000, 0x0000000100000000)
  eden space 17408K, 0% used [0x00000000d5580000,0x00000000d5580000,0x00000000d6680000)
  from space 2048K, 87% used [0x00000000d6700000,0x00000000d68c0000,0x00000000d6900000)
  to   space 2048K, 0% used [0x00000000d6980000,0x00000000d6980000,0x00000000d6b80000)
 ParOldGen       total 68608K, used 49809K [0x0000000080000000, 0x0000000084300000, 0x00000000d5580000)
  object space 68608K, 72% used [0x0000000080000000,0x00000000830a44e0,0x0000000084300000)
 Metaspace       used 58470K, committed 59840K, reserved 1114112K
  class space    used 6822K, committed 7424K, reserved 1048576K
}
Event: 60.020 GC heap before
{Heap before GC invocations=37 (full 3):
 PSYoungGen      total 19456K, used 19200K [0x00000000d5580000, 0x00000000d6b80000, 0x0000000100000000)
  eden space 17408K, 100% used [0x00000000d5580000,0x00000000d6680000,0x00000000d6680000)
  from space 2048K, 87% used [0x00000000d6700000,0x00000000d68c0000,0x00000000d6900000)
  to   space 2048K, 0% used [0x00000000d6980000,0x00000000d6980000,0x00000000d6b80000)
 ParOldGen       total 68608K, used 49809K [0x0000000080000000, 0x0000000084300000, 0x00000000d5580000)
  object space 68608K, 72% used [0x0000000080000000,0x00000000830a44e0,0x0000000084300000)
 Metaspace       used 59330K, committed 60672K, reserved 1114112K
  class space    used 6962K, committed 7552K, reserved 1048576K
}
Event: 60.031 GC heap after
{Heap after GC invocations=37 (full 3):
 PSYoungGen      total 19456K, used 1642K [0x00000000d5580000, 0x00000000d6b80000, 0x0000000100000000)
  eden space 17408K, 0% used [0x00000000d5580000,0x00000000d5580000,0x00000000d6680000)
  from space 2048K, 80% used [0x00000000d6980000,0x00000000d6b1ab58,0x00000000d6b80000)
  to   space 2048K, 0% used [0x00000000d6700000,0x00000000d6700000,0x00000000d6900000)
 ParOldGen       total 68608K, used 51553K [0x0000000080000000, 0x0000000084300000, 0x00000000d5580000)
  object space 68608K, 75% used [0x0000000080000000,0x00000000832584e0,0x0000000084300000)
 Metaspace       used 59330K, committed 60672K, reserved 1114112K
  class space    used 6962K, committed 7552K, reserved 1048576K
}
Event: 60.411 GC heap before
{Heap before GC invocations=38 (full 3):
 PSYoungGen      total 19456K, used 19050K [0x00000000d5580000, 0x00000000d6b80000, 0x0000000100000000)
  eden space 17408K, 100% used [0x00000000d5580000,0x00000000d6680000,0x00000000d6680000)
  from space 2048K, 80% used [0x00000000d6980000,0x00000000d6b1ab58,0x00000000d6b80000)
  to   space 2048K, 0% used [0x00000000d6700000,0x00000000d6700000,0x00000000d6900000)
 ParOldGen       total 68608K, used 51553K [0x0000000080000000, 0x0000000084300000, 0x00000000d5580000)
  object space 68608K, 75% used [0x0000000080000000,0x00000000832584e0,0x0000000084300000)
 Metaspace       used 59459K, committed 60800K, reserved 1114112K
  class space    used 6975K, committed 7552K, reserved 1048576K
}
Event: 60.440 GC heap after
{Heap after GC invocations=38 (full 3):
 PSYoungGen      total 19456K, used 1656K [0x00000000d5580000, 0x00000000d6a80000, 0x0000000100000000)
  eden space 17408K, 0% used [0x00000000d5580000,0x00000000d5580000,0x00000000d6680000)
  from space 2048K, 80% used [0x00000000d6700000,0x00000000d689e200,0x00000000d6900000)
  to   space 1536K, 0% used [0x00000000d6900000,0x00000000d6900000,0x00000000d6a80000)
 ParOldGen       total 68608K, used 53124K [0x0000000080000000, 0x0000000084300000, 0x00000000d5580000)
  object space 68608K, 77% used [0x0000000080000000,0x00000000833e1048,0x0000000084300000)
 Metaspace       used 59459K, committed 60800K, reserved 1114112K
  class space    used 6975K, committed 7552K, reserved 1048576K
}
Event: 64.919 GC heap before
{Heap before GC invocations=39 (full 3):
 PSYoungGen      total 19456K, used 19064K [0x00000000d5580000, 0x00000000d6a80000, 0x0000000100000000)
  eden space 17408K, 100% used [0x00000000d5580000,0x00000000d6680000,0x00000000d6680000)
  from space 2048K, 80% used [0x00000000d6700000,0x00000000d689e200,0x00000000d6900000)
  to   space 1536K, 0% used [0x00000000d6900000,0x00000000d6900000,0x00000000d6a80000)
 ParOldGen       total 68608K, used 53124K [0x0000000080000000, 0x0000000084300000, 0x00000000d5580000)
  object space 68608K, 77% used [0x0000000080000000,0x00000000833e1048,0x0000000084300000)
 Metaspace       used 61287K, committed 62656K, reserved 1114112K
  class space    used 7193K, committed 7744K, reserved 1048576K
}
Event: 64.929 GC heap after
{Heap after GC invocations=39 (full 3):
 PSYoungGen      total 18432K, used 896K [0x00000000d5580000, 0x00000000d6a00000, 0x0000000100000000)
  eden space 17408K, 0% used [0x00000000d5580000,0x00000000d5580000,0x00000000d6680000)
  from space 1024K, 87% used [0x00000000d6900000,0x00000000d69e0020,0x00000000d6a00000)
  to   space 1536K, 0% used [0x00000000d6700000,0x00000000d6700000,0x00000000d6880000)
 ParOldGen       total 68608K, used 54737K [0x0000000080000000, 0x0000000084300000, 0x00000000d5580000)
  object space 68608K, 79% used [0x0000000080000000,0x00000000835745a0,0x0000000084300000)
 Metaspace       used 61287K, committed 62656K, reserved 1114112K
  class space    used 7193K, committed 7744K, reserved 1048576K
}

