# JRE version: OpenJDK Runtime Environment Temurin-17.0.15+6 (17.0.15+6) (build 17.0.15+6)
# Java VM: OpenJDK 64-Bit Server VM Temurin-17.0.15+6 (17.0.15+6, mixed mode, sharing, tiered, compressed oops, compressed class ptrs, g1 gc, windows-amd64)
GC Precious Log:
 CPUs: 4 total, 4 available
 Memory: 3964M
 Large Page Support: Disabled
 NUMA Support: Disabled
 Compressed Oops: Enabled (32-bit)
 Heap Region Size: 1M
 Heap Min Capacity: 8M
 Heap Initial Capacity: 62M
 Heap Max Capacity: 2G
 Pre-touch: Disabled
 Parallel Workers: 4
 Concurrent Workers: 1
 Concurrent Refinement Workers: 4
 Periodic GC: Disabled
Heap:
 garbage-first heap   total 76800K, used 51239K [0x0000000080000000, 0x0000000100000000)
  region size 1024K, 15 young (15360K), 4 survivors (4096K)
 Metaspace       used 51100K, committed 51648K, reserved 1114112K
  class space    used 7207K, committed 7488K, reserved 1048576K
GC Heap History (20 events):
Event: 9.247 GC heap before
{Heap before GC invocations=10 (full 0):
 garbage-first heap   total 76800K, used 61014K [0x0000000080000000, 0x0000000100000000)
  region size 1024K, 38 young (38912K), 2 survivors (2048K)
 Metaspace       used 26037K, committed 26432K, reserved 1114112K
  class space    used 3856K, committed 4032K, reserved 1048576K
}
Event: 9.254 GC heap after
{Heap after GC invocations=11 (full 0):
 garbage-first heap   total 76800K, used 25843K [0x0000000080000000, 0x0000000100000000)
  region size 1024K, 4 young (4096K), 4 survivors (4096K)
 Metaspace       used 26037K, committed 26432K, reserved 1114112K
  class space    used 3856K, committed 4032K, reserved 1048576K
}
Event: 11.050 GC heap before
{Heap before GC invocations=11 (full 0):
 garbage-first heap   total 76800K, used 59635K [0x0000000080000000, 0x0000000100000000)
  region size 1024K, 38 young (38912K), 4 survivors (4096K)
 Metaspace       used 31831K, committed 32256K, reserved 1114112K
  class space    used 4482K, committed 4672K, reserved 1048576K
}
Event: 11.064 GC heap after
{Heap after GC invocations=12 (full 0):
 garbage-first heap   total 76800K, used 29535K [0x0000000080000000, 0x0000000100000000)
  region size 1024K, 5 young (5120K), 5 survivors (5120K)
 Metaspace       used 31831K, committed 32256K, reserved 1114112K
  class space    used 4482K, committed 4672K, reserved 1048576K
}
Event: 11.746 GC heap before
{Heap before GC invocations=12 (full 0):
 garbage-first heap   total 76800K, used 65375K [0x0000000080000000, 0x0000000100000000)
  region size 1024K, 35 young (35840K), 5 survivors (5120K)
 Metaspace       used 34441K, committed 34880K, reserved 1114112K
  class space    used 4760K, committed 4992K, reserved 1048576K
}
Event: 11.758 GC heap after
{Heap after GC invocations=13 (full 0):
 garbage-first heap   total 76800K, used 32866K [0x0000000080000000, 0x0000000100000000)
  region size 1024K, 4 young (4096K), 4 survivors (4096K)
 Metaspace       used 34441K, committed 34880K, reserved 1114112K
  class space    used 4760K, committed 4992K, reserved 1048576K
}
Event: 11.944 GC heap before
{Heap before GC invocations=13 (full 0):
 garbage-first heap   total 76800K, used 40034K [0x0000000080000000, 0x0000000100000000)
  region size 1024K, 11 young (11264K), 4 survivors (4096K)
 Metaspace       used 35628K, committed 36096K, reserved 1114112K
  class space    used 4854K, committed 5120K, reserved 1048576K
}
Event: 11.950 GC heap after
{Heap after GC invocations=14 (full 0):
 garbage-first heap   total 76800K, used 34508K [0x0000000080000000, 0x0000000100000000)
  region size 1024K, 1 young (1024K), 1 survivors (1024K)
 Metaspace       used 35628K, committed 36096K, reserved 1114112K
  class space    used 4854K, committed 5120K, reserved 1048576K
}
Event: 12.195 GC heap before
{Heap before GC invocations=15 (full 0):
 garbage-first heap   total 76800K, used 61132K [0x0000000080000000, 0x0000000100000000)
  region size 1024K, 27 young (27648K), 1 survivors (1024K)
 Metaspace       used 36056K, committed 36480K, reserved 1114112K
  class space    used 4902K, committed 5120K, reserved 1048576K
}
Event: 12.198 GC heap after
{Heap after GC invocations=16 (full 0):
 garbage-first heap   total 76800K, used 33415K [0x0000000080000000, 0x0000000100000000)
  region size 1024K, 1 young (1024K), 1 survivors (1024K)
 Metaspace       used 36056K, committed 36480K, reserved 1114112K
  class space    used 4902K, committed 5120K, reserved 1048576K
}
Event: 12.963 GC heap before
{Heap before GC invocations=17 (full 0):
 garbage-first heap   total 76800K, used 62087K [0x0000000080000000, 0x0000000100000000)
  region size 1024K, 29 young (29696K), 1 survivors (1024K)
 Metaspace       used 38689K, committed 39168K, reserved 1114112K
  class space    used 5316K, committed 5568K, reserved 1048576K
}
Event: 12.969 GC heap after
{Heap after GC invocations=18 (full 0):
 garbage-first heap   total 76800K, used 35380K [0x0000000080000000, 0x0000000100000000)
  region size 1024K, 3 young (3072K), 3 survivors (3072K)
 Metaspace       used 38689K, committed 39168K, reserved 1114112K
  class space    used 5316K, committed 5568K, reserved 1048576K
}
Event: 13.745 GC heap before
{Heap before GC invocations=18 (full 0):
 garbage-first heap   total 76800K, used 60980K [0x0000000080000000, 0x0000000100000000)
  region size 1024K, 29 young (29696K), 3 survivors (3072K)
 Metaspace       used 41696K, committed 42304K, reserved 1114112K
  class space    used 5815K, committed 6080K, reserved 1048576K
}
Event: 13.752 GC heap after
{Heap after GC invocations=19 (full 0):
 garbage-first heap   total 76800K, used 36336K [0x0000000080000000, 0x0000000100000000)
  region size 1024K, 3 young (3072K), 3 survivors (3072K)
 Metaspace       used 41696K, committed 42304K, reserved 1114112K
  class space    used 5815K, committed 6080K, reserved 1048576K
}
Event: 14.178 GC heap before
{Heap before GC invocations=19 (full 0):
 garbage-first heap   total 76800K, used 61936K [0x0000000080000000, 0x0000000100000000)
  region size 1024K, 29 young (29696K), 3 survivors (3072K)
 Metaspace       used 45109K, committed 45696K, reserved 1114112K
  class space    used 6264K, committed 6528K, reserved 1048576K
}
Event: 14.185 GC heap after
{Heap after GC invocations=20 (full 0):
 garbage-first heap   total 76800K, used 37255K [0x0000000080000000, 0x0000000100000000)
  region size 1024K, 2 young (2048K), 2 survivors (2048K)
 Metaspace       used 45109K, committed 45696K, reserved 1114112K
  class space    used 6264K, committed 6528K, reserved 1048576K
}
Event: 14.795 GC heap before
{Heap before GC invocations=20 (full 0):
 garbage-first heap   total 76800K, used 62855K [0x0000000080000000, 0x0000000100000000)
  region size 1024K, 27 young (27648K), 2 survivors (2048K)
 Metaspace       used 48173K, committed 48704K, reserved 1114112K
  class space    used 6713K, committed 6976K, reserved 1048576K
}
Event: 14.802 GC heap after
{Heap after GC invocations=21 (full 0):
 garbage-first heap   total 76800K, used 38366K [0x0000000080000000, 0x0000000100000000)
  region size 1024K, 3 young (3072K), 3 survivors (3072K)
 Metaspace       used 48173K, committed 48704K, reserved 1114112K
  class space    used 6713K, committed 6976K, reserved 1048576K
}
Event: 15.609 GC heap before
{Heap before GC invocations=22 (full 0):
 garbage-first heap   total 76800K, used 62942K [0x0000000080000000, 0x0000000100000000)
  region size 1024K, 28 young (28672K), 3 survivors (3072K)
 Metaspace       used 50291K, committed 50816K, reserved 1114112K
  class space    used 7074K, committed 7296K, reserved 1048576K
}
Event: 15.619 GC heap after
{Heap after GC invocations=23 (full 0):
 garbage-first heap   total 76800K, used 40999K [0x0000000080000000, 0x0000000100000000)
  region size 1024K, 4 young (4096K), 4 survivors (4096K)
 Metaspace       used 50291K, committed 50816K, reserved 1114112K
  class space    used 7074K, committed 7296K, reserved 1048576K
}

