# JRE version: OpenJDK Runtime Environment Temurin-17.0.15+6 (17.0.15+6) (build 17.0.15+6)
# Java VM: OpenJDK 64-Bit Server VM Temurin-17.0.15+6 (17.0.15+6, mixed mode, sharing, tiered, compressed oops, compressed class ptrs, g1 gc, windows-amd64)
GC Precious Log:
 CPUs: 4 total, 4 available
 Memory: 3964M
 Large Page Support: Disabled
 NUMA Support: Disabled
 Compressed Oops: Enabled (32-bit)
 Heap Region Size: 1M
 Heap Min Capacity: 8M
 Heap Initial Capacity: 62M
 Heap Max Capacity: 992M
 Pre-touch: Disabled
 Parallel Workers: 4
 Concurrent Workers: 1
 Concurrent Refinement Workers: 4
 Periodic GC: Disabled
Heap:
 garbage-first heap   total 48128K, used 31211K [0x00000000c2000000, 0x0000000100000000)
  region size 1024K, 8 young (8192K), 1 survivors (1024K)
 Metaspace       used 41638K, committed 41920K, reserved 1114112K
  class space    used 5178K, committed 5312K, reserved 1048576K
GC Heap History (20 events):
Event: 7.865 GC heap before
{Heap before GC invocations=1 (full 0):
 garbage-first heap   total 63488K, used 20420K [0x00000000c2000000, 0x0000000100000000)
  region size 1024K, 14 young (14336K), 2 survivors (2048K)
 Metaspace       used 8801K, committed 9024K, reserved 1114112K
  class space    used 860K, committed 960K, reserved 1048576K
}
Event: 7.871 GC heap after
{Heap after GC invocations=2 (full 0):
 garbage-first heap   total 63488K, used 9092K [0x00000000c2000000, 0x0000000100000000)
  region size 1024K, 1 young (1024K), 1 survivors (1024K)
 Metaspace       used 8801K, committed 9024K, reserved 1114112K
  class space    used 860K, committed 960K, reserved 1048576K
}
Event: 9.715 GC heap before
{Heap before GC invocations=2 (full 0):
 garbage-first heap   total 63488K, used 30596K [0x00000000c2000000, 0x0000000100000000)
  region size 1024K, 22 young (22528K), 1 survivors (1024K)
 Metaspace       used 15676K, committed 15872K, reserved 1114112K
  class space    used 1691K, committed 1792K, reserved 1048576K
}
Event: 9.722 GC heap after
{Heap after GC invocations=3 (full 0):
 garbage-first heap   total 63488K, used 10186K [0x00000000c2000000, 0x0000000100000000)
  region size 1024K, 2 young (2048K), 2 survivors (2048K)
 Metaspace       used 15676K, committed 15872K, reserved 1114112K
  class space    used 1691K, committed 1792K, reserved 1048576K
}
Event: 11.633 GC heap before
{Heap before GC invocations=3 (full 0):
 garbage-first heap   total 63488K, used 34762K [0x00000000c2000000, 0x0000000100000000)
  region size 1024K, 27 young (27648K), 2 survivors (2048K)
 Metaspace       used 21317K, committed 21504K, reserved 1114112K
  class space    used 2400K, committed 2496K, reserved 1048576K
}
Event: 11.646 GC heap after
{Heap after GC invocations=4 (full 0):
 garbage-first heap   total 63488K, used 12061K [0x00000000c2000000, 0x0000000100000000)
  region size 1024K, 4 young (4096K), 4 survivors (4096K)
 Metaspace       used 21317K, committed 21504K, reserved 1114112K
  class space    used 2400K, committed 2496K, reserved 1048576K
}
Event: 13.962 GC heap before
{Heap before GC invocations=5 (full 0):
 garbage-first heap   total 48128K, used 35613K [0x00000000c2000000, 0x0000000100000000)
  region size 1024K, 28 young (28672K), 4 survivors (4096K)
 Metaspace       used 28025K, committed 28288K, reserved 1114112K
  class space    used 3133K, committed 3264K, reserved 1048576K
}
Event: 13.981 GC heap after
{Heap after GC invocations=6 (full 0):
 garbage-first heap   total 48128K, used 15238K [0x00000000c2000000, 0x0000000100000000)
  region size 1024K, 4 young (4096K), 4 survivors (4096K)
 Metaspace       used 28025K, committed 28288K, reserved 1114112K
  class space    used 3133K, committed 3264K, reserved 1048576K
}
Event: 16.424 GC heap before
{Heap before GC invocations=6 (full 0):
 garbage-first heap   total 48128K, used 33670K [0x00000000c2000000, 0x0000000100000000)
  region size 1024K, 22 young (22528K), 4 survivors (4096K)
 Metaspace       used 32251K, committed 32512K, reserved 1114112K
  class space    used 3661K, committed 3776K, reserved 1048576K
}
Event: 16.438 GC heap after
{Heap after GC invocations=7 (full 0):
 garbage-first heap   total 48128K, used 17635K [0x00000000c2000000, 0x0000000100000000)
  region size 1024K, 3 young (3072K), 3 survivors (3072K)
 Metaspace       used 32251K, committed 32512K, reserved 1114112K
  class space    used 3661K, committed 3776K, reserved 1048576K
}
Event: 17.113 GC heap before
{Heap before GC invocations=7 (full 0):
 garbage-first heap   total 48128K, used 34019K [0x00000000c2000000, 0x0000000100000000)
  region size 1024K, 19 young (19456K), 3 survivors (3072K)
 Metaspace       used 32369K, committed 32640K, reserved 1114112K
  class space    used 3665K, committed 3776K, reserved 1048576K
}
Event: 17.118 GC heap after
{Heap after GC invocations=8 (full 0):
 garbage-first heap   total 48128K, used 21165K [0x00000000c2000000, 0x0000000100000000)
  region size 1024K, 3 young (3072K), 3 survivors (3072K)
 Metaspace       used 32369K, committed 32640K, reserved 1114112K
  class space    used 3665K, committed 3776K, reserved 1048576K
}
Event: 18.036 GC heap before
{Heap before GC invocations=8 (full 0):
 garbage-first heap   total 48128K, used 34477K [0x00000000c2000000, 0x0000000100000000)
  region size 1024K, 16 young (16384K), 3 survivors (3072K)
 Metaspace       used 32510K, committed 32832K, reserved 1114112K
  class space    used 3681K, committed 3840K, reserved 1048576K
}
Event: 18.038 GC heap after
{Heap after GC invocations=9 (full 0):
 garbage-first heap   total 48128K, used 21331K [0x00000000c2000000, 0x0000000100000000)
  region size 1024K, 1 young (1024K), 1 survivors (1024K)
 Metaspace       used 32510K, committed 32832K, reserved 1114112K
  class space    used 3681K, committed 3840K, reserved 1048576K
}
Event: 19.094 GC heap before
{Heap before GC invocations=9 (full 0):
 garbage-first heap   total 48128K, used 34643K [0x00000000c2000000, 0x0000000100000000)
  region size 1024K, 14 young (14336K), 1 survivors (1024K)
 Metaspace       used 33620K, committed 33984K, reserved 1114112K
  class space    used 3767K, committed 3904K, reserved 1048576K
}
Event: 19.097 GC heap after
{Heap after GC invocations=10 (full 0):
 garbage-first heap   total 48128K, used 22279K [0x00000000c2000000, 0x0000000100000000)
  region size 1024K, 2 young (2048K), 2 survivors (2048K)
 Metaspace       used 33620K, committed 33984K, reserved 1114112K
  class space    used 3767K, committed 3904K, reserved 1048576K
}
Event: 19.810 GC heap before
{Heap before GC invocations=11 (full 0):
 garbage-first heap   total 48128K, used 34567K [0x00000000c2000000, 0x0000000100000000)
  region size 1024K, 15 young (15360K), 2 survivors (2048K)
 Metaspace       used 36106K, committed 36352K, reserved 1114112K
  class space    used 4375K, committed 4480K, reserved 1048576K
}
Event: 19.815 GC heap after
{Heap after GC invocations=12 (full 0):
 garbage-first heap   total 48128K, used 24184K [0x00000000c2000000, 0x0000000100000000)
  region size 1024K, 2 young (2048K), 2 survivors (2048K)
 Metaspace       used 36106K, committed 36352K, reserved 1114112K
  class space    used 4375K, committed 4480K, reserved 1048576K
}
Event: 20.351 GC heap before
{Heap before GC invocations=12 (full 0):
 garbage-first heap   total 48128K, used 35448K [0x00000000c2000000, 0x0000000100000000)
  region size 1024K, 14 young (14336K), 2 survivors (2048K)
 Metaspace       used 40375K, committed 40704K, reserved 1114112K
  class space    used 5043K, committed 5184K, reserved 1048576K
}
Event: 20.354 GC heap after
{Heap after GC invocations=13 (full 0):
 garbage-first heap   total 48128K, used 25067K [0x00000000c2000000, 0x0000000100000000)
  region size 1024K, 1 young (1024K), 1 survivors (1024K)
 Metaspace       used 40375K, committed 40704K, reserved 1114112K
  class space    used 5043K, committed 5184K, reserved 1048576K
}

