# JRE version: OpenJDK Runtime Environment Temurin-21.0.9+10 (21.0.9+10) (build 21.0.9+10-LTS)
# Java VM: OpenJDK 64-Bit Server VM Temurin-21.0.9+10 (21.0.9+10-LTS, mixed mode, sharing, tiered, compressed oops, compressed class ptrs, parallel gc, windows-amd64)
GC Precious Log:
 CardTable entry size: 512
 CPUs: 4 total, 4 available
 Memory: 3964M
 Large Page Support: Disabled
 NUMA Support: Disabled
 Compressed Oops: Enabled (32-bit)
 Alignments: Space 512K, Generation 512K, Heap 2M
 Heap Min Capacity: 100M
 Heap Initial Capacity: 100M
 Heap Max Capacity: 2G
 Pre-touch: Disabled
 Parallel Workers: 4
Heap:
 PSYoungGen      total 13824K, used 3421K [0x00000000d5580000, 0x00000000d6400000, 0x0000000100000000)
  eden space 12800K, 21% used [0x00000000d5580000,0x00000000d5838fe8,0x00000000d6200000)
  from space 1024K, 61% used [0x00000000d6200000,0x00000000d629e4b0,0x00000000d6300000)
  to   space 1024K, 0% used [0x00000000d6300000,0x00000000d6300000,0x00000000d6400000)
 ParOldGen       total 68608K, used 55613K [0x0000000080000000, 0x0000000084300000, 0x00000000d5580000)
  object space 68608K, 81% used [0x0000000080000000,0x000000008364f4a8,0x0000000084300000)
 Metaspace       used 62704K, committed 64128K, reserved 1114112K
  class space    used 7316K, committed 7936K, reserved 1048576K
GC Heap History (20 events):
Event: 156.626 GC heap before
{Heap before GC invocations=35 (full 3):
 PSYoungGen      total 15872K, used 15840K [0x00000000d5580000, 0x00000000d6800000, 0x0000000100000000)
  eden space 14848K, 100% used [0x00000000d5580000,0x00000000d6400000,0x00000000d6400000)
  from space 1024K, 96% used [0x00000000d6500000,0x00000000d65f8020,0x00000000d6600000)
  to   space 2048K, 0% used [0x00000000d6600000,0x00000000d6600000,0x00000000d6800000)
 ParOldGen       total 68608K, used 42362K [0x0000000080000000, 0x0000000084300000, 0x00000000d5580000)
  object space 68608K, 61% used [0x0000000080000000,0x000000008295eaa8,0x0000000084300000)
 Metaspace       used 59702K, committed 61056K, reserved 1114112K
  class space    used 6975K, committed 7552K, reserved 1048576K
}
Event: 156.632 GC heap after
{Heap after GC invocations=35 (full 3):
 PSYoungGen      total 16896K, used 1632K [0x00000000d5580000, 0x00000000d6800000, 0x0000000100000000)
  eden space 14848K, 0% used [0x00000000d5580000,0x00000000d5580000,0x00000000d6400000)
  from space 2048K, 79% used [0x00000000d6600000,0x00000000d6798010,0x00000000d6800000)
  to   space 2048K, 0% used [0x00000000d6400000,0x00000000d6400000,0x00000000d6600000)
 ParOldGen       total 68608K, used 43346K [0x0000000080000000, 0x0000000084300000, 0x00000000d5580000)
  object space 68608K, 63% used [0x0000000080000000,0x0000000082a54ad8,0x0000000084300000)
 Metaspace       used 59702K, committed 61056K, reserved 1114112K
  class space    used 6975K, committed 7552K, reserved 1048576K
}
Event: 157.005 GC heap before
{Heap before GC invocations=36 (full 3):
 PSYoungGen      total 16896K, used 16480K [0x00000000d5580000, 0x00000000d6800000, 0x0000000100000000)
  eden space 14848K, 100% used [0x00000000d5580000,0x00000000d6400000,0x00000000d6400000)
  from space 2048K, 79% used [0x00000000d6600000,0x00000000d6798010,0x00000000d6800000)
  to   space 2048K, 0% used [0x00000000d6400000,0x00000000d6400000,0x00000000d6600000)
 ParOldGen       total 68608K, used 43346K [0x0000000080000000, 0x0000000084300000, 0x00000000d5580000)
  object space 68608K, 63% used [0x0000000080000000,0x0000000082a54ad8,0x0000000084300000)
 Metaspace       used 60267K, committed 61568K, reserved 1114112K
  class space    used 7053K, committed 7616K, reserved 1048576K
}
Event: 157.011 GC heap after
{Heap after GC invocations=36 (full 3):
 PSYoungGen      total 16384K, used 1425K [0x00000000d5580000, 0x00000000d6700000, 0x0000000100000000)
  eden space 14848K, 0% used [0x00000000d5580000,0x00000000d5580000,0x00000000d6400000)
  from space 1536K, 92% used [0x00000000d6400000,0x00000000d6564410,0x00000000d6580000)
  to   space 1536K, 0% used [0x00000000d6580000,0x00000000d6580000,0x00000000d6700000)
 ParOldGen       total 68608K, used 44938K [0x0000000080000000, 0x0000000084300000, 0x00000000d5580000)
  object space 68608K, 65% used [0x0000000080000000,0x0000000082be2ae8,0x0000000084300000)
 Metaspace       used 60267K, committed 61568K, reserved 1114112K
  class space    used 7053K, committed 7616K, reserved 1048576K
}
Event: 157.477 GC heap before
{Heap before GC invocations=37 (full 3):
 PSYoungGen      total 16384K, used 16273K [0x00000000d5580000, 0x00000000d6700000, 0x0000000100000000)
  eden space 14848K, 100% used [0x00000000d5580000,0x00000000d6400000,0x00000000d6400000)
  from space 1536K, 92% used [0x00000000d6400000,0x00000000d6564410,0x00000000d6580000)
  to   space 1536K, 0% used [0x00000000d6580000,0x00000000d6580000,0x00000000d6700000)
 ParOldGen       total 68608K, used 44938K [0x0000000080000000, 0x0000000084300000, 0x00000000d5580000)
  object space 68608K, 65% used [0x0000000080000000,0x0000000082be2ae8,0x0000000084300000)
 Metaspace       used 60401K, committed 61760K, reserved 1114112K
  class space    used 7070K, committed 7680K, reserved 1048576K
}
Event: 157.481 GC heap after
{Heap after GC invocations=37 (full 3):
 PSYoungGen      total 14336K, used 1504K [0x00000000d5580000, 0x00000000d6b00000, 0x0000000100000000)
  eden space 12800K, 0% used [0x00000000d5580000,0x00000000d5580000,0x00000000d6200000)
  from space 1536K, 97% used [0x00000000d6580000,0x00000000d66f8010,0x00000000d6700000)
  to   space 3584K, 0% used [0x00000000d6200000,0x00000000d6200000,0x00000000d6580000)
 ParOldGen       total 68608K, used 46310K [0x0000000080000000, 0x0000000084300000, 0x00000000d5580000)
  object space 68608K, 67% used [0x0000000080000000,0x0000000082d39bc8,0x0000000084300000)
 Metaspace       used 60401K, committed 61760K, reserved 1114112K
  class space    used 7070K, committed 7680K, reserved 1048576K
}
Event: 157.904 GC heap before
{Heap before GC invocations=38 (full 3):
 PSYoungGen      total 14336K, used 14304K [0x00000000d5580000, 0x00000000d6b00000, 0x0000000100000000)
  eden space 12800K, 100% used [0x00000000d5580000,0x00000000d6200000,0x00000000d6200000)
  from space 1536K, 97% used [0x00000000d6580000,0x00000000d66f8010,0x00000000d6700000)
  to   space 3584K, 0% used [0x00000000d6200000,0x00000000d6200000,0x00000000d6580000)
 ParOldGen       total 68608K, used 46310K [0x0000000080000000, 0x0000000084300000, 0x00000000d5580000)
  object space 68608K, 67% used [0x0000000080000000,0x0000000082d39bc8,0x0000000084300000)
 Metaspace       used 60733K, committed 62016K, reserved 1114112K
  class space    used 7116K, committed 7680K, reserved 1048576K
}
Event: 157.911 GC heap after
{Heap after GC invocations=38 (full 3):
 PSYoungGen      total 14336K, used 1490K [0x00000000d5580000, 0x00000000d6600000, 0x0000000100000000)
  eden space 12800K, 0% used [0x00000000d5580000,0x00000000d5580000,0x00000000d6200000)
  from space 1536K, 97% used [0x00000000d6200000,0x00000000d6374810,0x00000000d6380000)
  to   space 2048K, 0% used [0x00000000d6400000,0x00000000d6400000,0x00000000d6600000)
 ParOldGen       total 68608K, used 47836K [0x0000000080000000, 0x0000000084300000, 0x00000000d5580000)
  object space 68608K, 69% used [0x0000000080000000,0x0000000082eb73a8,0x0000000084300000)
 Metaspace       used 60733K, committed 62016K, reserved 1114112K
  class space    used 7116K, committed 7680K, reserved 1048576K
}
Event: 158.125 GC heap before
{Heap before GC invocations=39 (full 3):
 PSYoungGen      total 14336K, used 14290K [0x00000000d5580000, 0x00000000d6600000, 0x0000000100000000)
  eden space 12800K, 100% used [0x00000000d5580000,0x00000000d6200000,0x00000000d6200000)
  from space 1536K, 97% used [0x00000000d6200000,0x00000000d6374810,0x00000000d6380000)
  to   space 2048K, 0% used [0x00000000d6400000,0x00000000d6400000,0x00000000d6600000)
 ParOldGen       total 68608K, used 47836K [0x0000000080000000, 0x0000000084300000, 0x00000000d5580000)
  object space 68608K, 69% used [0x0000000080000000,0x0000000082eb73a8,0x0000000084300000)
 Metaspace       used 60798K, committed 62144K, reserved 1114112K
  class space    used 7124K, committed 7680K, reserved 1048576K
}
Event: 158.129 GC heap after
{Heap after GC invocations=39 (full 3):
 PSYoungGen      total 14848K, used 1492K [0x00000000d5580000, 0x00000000d6600000, 0x0000000100000000)
  eden space 12800K, 0% used [0x00000000d5580000,0x00000000d5580000,0x00000000d6200000)
  from space 2048K, 72% used [0x00000000d6400000,0x00000000d6575010,0x00000000d6600000)
  to   space 2048K, 0% used [0x00000000d6200000,0x00000000d6200000,0x00000000d6400000)
 ParOldGen       total 68608K, used 49163K [0x0000000080000000, 0x0000000084300000, 0x00000000d5580000)
  object space 68608K, 71% used [0x0000000080000000,0x0000000083002d88,0x0000000084300000)
 Metaspace       used 60798K, committed 62144K, reserved 1114112K
  class space    used 7124K, committed 7680K, reserved 1048576K
}
Event: 158.482 GC heap before
{Heap before GC invocations=40 (full 3):
 PSYoungGen      total 14848K, used 14292K [0x00000000d5580000, 0x00000000d6600000, 0x0000000100000000)
  eden space 12800K, 100% used [0x00000000d5580000,0x00000000d6200000,0x00000000d6200000)
  from space 2048K, 72% used [0x00000000d6400000,0x00000000d6575010,0x00000000d6600000)
  to   space 2048K, 0% used [0x00000000d6200000,0x00000000d6200000,0x00000000d6400000)
 ParOldGen       total 68608K, used 49163K [0x0000000080000000, 0x0000000084300000, 0x00000000d5580000)
  object space 68608K, 71% used [0x0000000080000000,0x0000000083002d88,0x0000000084300000)
 Metaspace       used 60798K, committed 62144K, reserved 1114112K
  class space    used 7124K, committed 7680K, reserved 1048576K
}
Event: 158.486 GC heap after
{Heap after GC invocations=40 (full 3):
 PSYoungGen      total 14336K, used 1312K [0x00000000d5580000, 0x00000000d6500000, 0x0000000100000000)
  eden space 12800K, 0% used [0x00000000d5580000,0x00000000d5580000,0x00000000d6200000)
  from space 1536K, 85% used [0x00000000d6200000,0x00000000d6348000,0x00000000d6380000)
  to   space 1536K, 0% used [0x00000000d6380000,0x00000000d6380000,0x00000000d6500000)
 ParOldGen       total 68608K, used 50575K [0x0000000080000000, 0x0000000084300000, 0x00000000d5580000)
  object space 68608K, 73% used [0x0000000080000000,0x0000000083163ec8,0x0000000084300000)
 Metaspace       used 60798K, committed 62144K, reserved 1114112K
  class space    used 7124K, committed 7680K, reserved 1048576K
}
Event: 158.833 GC heap before
{Heap before GC invocations=41 (full 3):
 PSYoungGen      total 14336K, used 14112K [0x00000000d5580000, 0x00000000d6500000, 0x0000000100000000)
  eden space 12800K, 100% used [0x00000000d5580000,0x00000000d6200000,0x00000000d6200000)
  from space 1536K, 85% used [0x00000000d6200000,0x00000000d6348000,0x00000000d6380000)
  to   space 1536K, 0% used [0x00000000d6380000,0x00000000d6380000,0x00000000d6500000)
 ParOldGen       total 68608K, used 50575K [0x0000000080000000, 0x0000000084300000, 0x00000000d5580000)
  object space 68608K, 73% used [0x0000000080000000,0x0000000083163ec8,0x0000000084300000)
 Metaspace       used 60815K, committed 62208K, reserved 1114112K
  class space    used 7125K, committed 7744K, reserved 1048576K
}
Event: 158.837 GC heap after
{Heap after GC invocations=41 (full 3):
 PSYoungGen      total 14336K, used 1472K [0x00000000d5580000, 0x00000000d6500000, 0x0000000100000000)
  eden space 12800K, 0% used [0x00000000d5580000,0x00000000d5580000,0x00000000d6200000)
  from space 1536K, 95% used [0x00000000d6380000,0x00000000d64f0010,0x00000000d6500000)
  to   space 1536K, 0% used [0x00000000d6200000,0x00000000d6200000,0x00000000d6380000)
 ParOldGen       total 68608K, used 51839K [0x0000000080000000, 0x0000000084300000, 0x00000000d5580000)
  object space 68608K, 75% used [0x0000000080000000,0x000000008329fec8,0x0000000084300000)
 Metaspace       used 60815K, committed 62208K, reserved 1114112K
  class space    used 7125K, committed 7744K, reserved 1048576K
}
Event: 159.000 GC heap before
{Heap before GC invocations=42 (full 3):
 PSYoungGen      total 14336K, used 14272K [0x00000000d5580000, 0x00000000d6500000, 0x0000000100000000)
  eden space 12800K, 100% used [0x00000000d5580000,0x00000000d6200000,0x00000000d6200000)
  from space 1536K, 95% used [0x00000000d6380000,0x00000000d64f0010,0x00000000d6500000)
  to   space 1536K, 0% used [0x00000000d6200000,0x00000000d6200000,0x00000000d6380000)
 ParOldGen       total 68608K, used 51839K [0x0000000080000000, 0x0000000084300000, 0x00000000d5580000)
  object space 68608K, 75% used [0x0000000080000000,0x000000008329fec8,0x0000000084300000)
 Metaspace       used 60827K, committed 62208K, reserved 1114112K
  class space    used 7125K, committed 7744K, reserved 1048576K
}
Event: 159.004 GC heap after
{Heap after GC invocations=42 (full 3):
 PSYoungGen      total 14336K, used 1312K [0x00000000d5580000, 0x00000000d6500000, 0x0000000100000000)
  eden space 12800K, 0% used [0x00000000d5580000,0x00000000d5580000,0x00000000d6200000)
  from space 1536K, 85% used [0x00000000d6200000,0x00000000d6348000,0x00000000d6380000)
  to   space 1536K, 0% used [0x00000000d6380000,0x00000000d6380000,0x00000000d6500000)
 ParOldGen       total 68608K, used 53295K [0x0000000080000000, 0x0000000084300000, 0x00000000d5580000)
  object space 68608K, 77% used [0x0000000080000000,0x000000008340bed8,0x0000000084300000)
 Metaspace       used 60827K, committed 62208K, reserved 1114112K
  class space    used 7125K, committed 7744K, reserved 1048576K
}
Event: 159.327 GC heap before
{Heap before GC invocations=43 (full 3):
 PSYoungGen      total 14336K, used 14111K [0x00000000d5580000, 0x00000000d6500000, 0x0000000100000000)
  eden space 12800K, 99% used [0x00000000d5580000,0x00000000d61ffff8,0x00000000d6200000)
  from space 1536K, 85% used [0x00000000d6200000,0x00000000d6348000,0x00000000d6380000)
  to   space 1536K, 0% used [0x00000000d6380000,0x00000000d6380000,0x00000000d6500000)
 ParOldGen       total 68608K, used 53297K [0x0000000080000000, 0x0000000084300000, 0x00000000d5580000)
  object space 68608K, 77% used [0x0000000080000000,0x000000008340c660,0x0000000084300000)
 Metaspace       used 61186K, committed 62528K, reserved 1114112K
  class space    used 7164K, committed 7744K, reserved 1048576K
}
Event: 159.331 GC heap after
{Heap after GC invocations=43 (full 3):
 PSYoungGen      total 14336K, used 1200K [0x00000000d5580000, 0x00000000d6500000, 0x0000000100000000)
  eden space 12800K, 0% used [0x00000000d5580000,0x00000000d5580000,0x00000000d6200000)
  from space 1536K, 78% used [0x00000000d6380000,0x00000000d64ac030,0x00000000d6500000)
  to   space 1536K, 0% used [0x00000000d6200000,0x00000000d6200000,0x00000000d6380000)
 ParOldGen       total 68608K, used 54546K [0x0000000080000000, 0x0000000084300000, 0x00000000d5580000)
  object space 68608K, 79% used [0x0000000080000000,0x0000000083544860,0x0000000084300000)
 Metaspace       used 61186K, committed 62528K, reserved 1114112K
  class space    used 7164K, committed 7744K, reserved 1048576K
}
Event: 2737.163 GC heap before
{Heap before GC invocations=44 (full 3):
 PSYoungGen      total 14336K, used 14000K [0x00000000d5580000, 0x00000000d6500000, 0x0000000100000000)
  eden space 12800K, 100% used [0x00000000d5580000,0x00000000d6200000,0x00000000d6200000)
  from space 1536K, 78% used [0x00000000d6380000,0x00000000d64ac030,0x00000000d6500000)
  to   space 1536K, 0% used [0x00000000d6200000,0x00000000d6200000,0x00000000d6380000)
 ParOldGen       total 68608K, used 54547K [0x0000000080000000, 0x0000000084300000, 0x00000000d5580000)
  object space 68608K, 79% used [0x0000000080000000,0x0000000083544c90,0x0000000084300000)
 Metaspace       used 62576K, committed 63936K, reserved 1114112K
  class space    used 7316K, committed 7936K, reserved 1048576K
}
Event: 2737.433 GC heap after
{Heap after GC invocations=44 (full 3):
 PSYoungGen      total 13824K, used 633K [0x00000000d5580000, 0x00000000d6400000, 0x0000000100000000)
  eden space 12800K, 0% used [0x00000000d5580000,0x00000000d5580000,0x00000000d6200000)
  from space 1024K, 61% used [0x00000000d6200000,0x00000000d629e4b0,0x00000000d6300000)
  to   space 1024K, 0% used [0x00000000d6300000,0x00000000d6300000,0x00000000d6400000)
 ParOldGen       total 68608K, used 55613K [0x0000000080000000, 0x0000000084300000, 0x00000000d5580000)
  object space 68608K, 81% used [0x0000000080000000,0x000000008364f4a8,0x0000000084300000)
 Metaspace       used 62576K, committed 63936K, reserved 1114112K
  class space    used 7316K, committed 7936K, reserved 1048576K
}

