# JRE version: OpenJDK Runtime Environment Temurin-17.0.15+6 (17.0.15+6) (build 17.0.15+6)
# Java VM: OpenJDK 64-Bit Server VM Temurin-17.0.15+6 (17.0.15+6, mixed mode, sharing, tiered, compressed oops, compressed class ptrs, g1 gc, windows-amd64)
GC Precious Log:
 CPUs: 4 total, 4 available
 Memory: 3964M
 Large Page Support: Disabled
 NUMA Support: Disabled
 Compressed Oops: Enabled (32-bit)
 Heap Region Size: 1M
 Heap Min Capacity: 8M
 Heap Initial Capacity: 62M
 Heap Max Capacity: 2G
 Pre-touch: Disabled
 Parallel Workers: 4
 Concurrent Workers: 1
 Concurrent Refinement Workers: 4
 Periodic GC: Disabled
Heap:
 garbage-first heap   total 76800K, used 38091K [0x0000000080000000, 0x0000000100000000)
  region size 1024K, 4 young (4096K), 4 survivors (4096K)
 Metaspace       used 48535K, committed 49088K, reserved 1114112K
  class space    used 6770K, committed 7040K, reserved 1048576K
GC Heap History (20 events):
Event: 7.554 GC heap after
{Heap after GC invocations=9 (full 0):
 garbage-first heap   total 76800K, used 24085K [0x0000000080000000, 0x0000000100000000)
  region size 1024K, 2 young (2048K), 2 survivors (2048K)
 Metaspace       used 21203K, committed 21504K, reserved 1114112K
  class space    used 3091K, committed 3200K, reserved 1048576K
}
Event: 8.582 GC heap before
{Heap before GC invocations=10 (full 0):
 garbage-first heap   total 76800K, used 60949K [0x0000000080000000, 0x0000000100000000)
  region size 1024K, 38 young (38912K), 2 survivors (2048K)
 Metaspace       used 26032K, committed 26496K, reserved 1114112K
  class space    used 3865K, committed 4096K, reserved 1048576K
}
Event: 8.589 GC heap after
{Heap after GC invocations=11 (full 0):
 garbage-first heap   total 76800K, used 25721K [0x0000000080000000, 0x0000000100000000)
  region size 1024K, 4 young (4096K), 4 survivors (4096K)
 Metaspace       used 26032K, committed 26496K, reserved 1114112K
  class space    used 3865K, committed 4096K, reserved 1048576K
}
Event: 8.613 GC heap before
{Heap before GC invocations=11 (full 0):
 garbage-first heap   total 76800K, used 26745K [0x0000000080000000, 0x0000000100000000)
  region size 1024K, 5 young (5120K), 4 survivors (4096K)
 Metaspace       used 26184K, committed 26624K, reserved 1114112K
  class space    used 3888K, committed 4096K, reserved 1048576K
}
Event: 8.621 GC heap after
{Heap after GC invocations=12 (full 0):
 garbage-first heap   total 76800K, used 25732K [0x0000000080000000, 0x0000000100000000)
  region size 1024K, 1 young (1024K), 1 survivors (1024K)
 Metaspace       used 26184K, committed 26624K, reserved 1114112K
  class space    used 3888K, committed 4096K, reserved 1048576K
}
Event: 9.440 GC heap before
{Heap before GC invocations=12 (full 0):
 garbage-first heap   total 76800K, used 59524K [0x0000000080000000, 0x0000000100000000)
  region size 1024K, 35 young (35840K), 1 survivors (1024K)
 Metaspace       used 31839K, committed 32320K, reserved 1114112K
  class space    used 4490K, committed 4736K, reserved 1048576K
}
Event: 9.446 GC heap after
{Heap after GC invocations=13 (full 0):
 garbage-first heap   total 76800K, used 29172K [0x0000000080000000, 0x0000000100000000)
  region size 1024K, 4 young (4096K), 4 survivors (4096K)
 Metaspace       used 31839K, committed 32320K, reserved 1114112K
  class space    used 4490K, committed 4736K, reserved 1048576K
}
Event: 10.082 GC heap before
{Heap before GC invocations=13 (full 0):
 garbage-first heap   total 76800K, used 65012K [0x0000000080000000, 0x0000000100000000)
  region size 1024K, 34 young (34816K), 4 survivors (4096K)
 Metaspace       used 34643K, committed 35136K, reserved 1114112K
  class space    used 4805K, committed 5056K, reserved 1048576K
}
Event: 10.091 GC heap after
{Heap after GC invocations=14 (full 0):
 garbage-first heap   total 76800K, used 31024K [0x0000000080000000, 0x0000000100000000)
  region size 1024K, 3 young (3072K), 3 survivors (3072K)
 Metaspace       used 34643K, committed 35136K, reserved 1114112K
  class space    used 4805K, committed 5056K, reserved 1048576K
}
Event: 10.191 GC heap before
{Heap before GC invocations=14 (full 0):
 garbage-first heap   total 76800K, used 37168K [0x0000000080000000, 0x0000000100000000)
  region size 1024K, 9 young (9216K), 3 survivors (3072K)
 Metaspace       used 35678K, committed 36160K, reserved 1114112K
  class space    used 4863K, committed 5120K, reserved 1048576K
}
Event: 10.198 GC heap after
{Heap after GC invocations=15 (full 0):
 garbage-first heap   total 76800K, used 32729K [0x0000000080000000, 0x0000000100000000)
  region size 1024K, 1 young (1024K), 1 survivors (1024K)
 Metaspace       used 35678K, committed 36160K, reserved 1114112K
  class space    used 4863K, committed 5120K, reserved 1048576K
}
Event: 10.366 GC heap before
{Heap before GC invocations=16 (full 0):
 garbage-first heap   total 76800K, used 60377K [0x0000000080000000, 0x0000000100000000)
  region size 1024K, 28 young (28672K), 1 survivors (1024K)
 Metaspace       used 36096K, committed 36608K, reserved 1114112K
  class space    used 4915K, committed 5184K, reserved 1048576K
}
Event: 10.368 GC heap after
{Heap after GC invocations=17 (full 0):
 garbage-first heap   total 76800K, used 31569K [0x0000000080000000, 0x0000000100000000)
  region size 1024K, 1 young (1024K), 1 survivors (1024K)
 Metaspace       used 36096K, committed 36608K, reserved 1114112K
  class space    used 4915K, committed 5184K, reserved 1048576K
}
Event: 11.148 GC heap before
{Heap before GC invocations=18 (full 0):
 garbage-first heap   total 76800K, used 61265K [0x0000000080000000, 0x0000000100000000)
  region size 1024K, 30 young (30720K), 1 survivors (1024K)
 Metaspace       used 38972K, committed 39488K, reserved 1114112K
  class space    used 5376K, committed 5632K, reserved 1048576K
}
Event: 11.154 GC heap after
{Heap after GC invocations=19 (full 0):
 garbage-first heap   total 76800K, used 33567K [0x0000000080000000, 0x0000000100000000)
  region size 1024K, 3 young (3072K), 3 survivors (3072K)
 Metaspace       used 38972K, committed 39488K, reserved 1114112K
  class space    used 5376K, committed 5632K, reserved 1048576K
}
Event: 11.737 GC heap before
{Heap before GC invocations=19 (full 0):
 garbage-first heap   total 76800K, used 61215K [0x0000000080000000, 0x0000000100000000)
  region size 1024K, 30 young (30720K), 3 survivors (3072K)
 Metaspace       used 42104K, committed 42624K, reserved 1114112K
  class space    used 5875K, committed 6144K, reserved 1048576K
}
Event: 11.744 GC heap after
{Heap after GC invocations=20 (full 0):
 garbage-first heap   total 76800K, used 34549K [0x0000000080000000, 0x0000000100000000)
  region size 1024K, 1 young (1024K), 1 survivors (1024K)
 Metaspace       used 42104K, committed 42624K, reserved 1114112K
  class space    used 5875K, committed 6144K, reserved 1048576K
}
Event: 12.288 GC heap before
{Heap before GC invocations=20 (full 0):
 garbage-first heap   total 76800K, used 63221K [0x0000000080000000, 0x0000000100000000)
  region size 1024K, 29 young (29696K), 1 survivors (1024K)
 Metaspace       used 45522K, committed 46080K, reserved 1114112K
  class space    used 6330K, committed 6592K, reserved 1048576K
}
Event: 12.294 GC heap after
{Heap after GC invocations=21 (full 0):
 garbage-first heap   total 76800K, used 35691K [0x0000000080000000, 0x0000000100000000)
  region size 1024K, 3 young (3072K), 3 survivors (3072K)
 Metaspace       used 45522K, committed 46080K, reserved 1114112K
  class space    used 6330K, committed 6592K, reserved 1048576K
}
Event: 12.861 GC heap before
{Heap before GC invocations=21 (full 0):
 garbage-first heap   total 76800K, used 61291K [0x0000000080000000, 0x0000000100000000)
  region size 1024K, 29 young (29696K), 3 survivors (3072K)
 Metaspace       used 48535K, committed 49088K, reserved 1114112K
  class space    used 6770K, committed 7040K, reserved 1048576K
}

