# JRE version: OpenJDK Runtime Environment Temurin-17.0.15+6 (17.0.15+6) (build 17.0.15+6)
# Java VM: OpenJDK 64-Bit Server VM Temurin-17.0.15+6 (17.0.15+6, mixed mode, sharing, tiered, compressed oops, compressed class ptrs, g1 gc, windows-amd64)
GC Precious Log:
 CPUs: 4 total, 4 available
 Memory: 3964M
 Large Page Support: Disabled
 NUMA Support: Disabled
 Compressed Oops: Enabled (32-bit)
 Heap Region Size: 1M
 Heap Min Capacity: 8M
 Heap Initial Capacity: 62M
 Heap Max Capacity: 2G
 Pre-touch: Disabled
 Parallel Workers: 4
 Concurrent Workers: 1
 Concurrent Refinement Workers: 4
 Periodic GC: Disabled
Heap:
 garbage-first heap   total 92160K, used 42165K [0x0000000080000000, 0x0000000100000000)
  region size 1024K, 7 young (7168K), 4 survivors (4096K)
 Metaspace       used 50569K, committed 51136K, reserved 1114112K
  class space    used 7121K, committed 7360K, reserved 1048576K
GC Heap History (20 events):
Event: 7.430 GC heap before
{Heap before GC invocations=10 (full 0):
 garbage-first heap   total 76800K, used 61254K [0x0000000080000000, 0x0000000100000000)
  region size 1024K, 38 young (38912K), 2 survivors (2048K)
 Metaspace       used 26039K, committed 26496K, reserved 1114112K
  class space    used 3860K, committed 4096K, reserved 1048576K
}
Event: 7.442 GC heap after
{Heap after GC invocations=11 (full 0):
 garbage-first heap   total 76800K, used 26130K [0x0000000080000000, 0x0000000100000000)
  region size 1024K, 4 young (4096K), 4 survivors (4096K)
 Metaspace       used 26039K, committed 26496K, reserved 1114112K
  class space    used 3860K, committed 4096K, reserved 1048576K
}
Event: 8.735 GC heap before
{Heap before GC invocations=11 (full 0):
 garbage-first heap   total 76800K, used 60946K [0x0000000080000000, 0x0000000100000000)
  region size 1024K, 38 young (38912K), 4 survivors (4096K)
 Metaspace       used 31830K, committed 32256K, reserved 1114112K
  class space    used 4483K, committed 4672K, reserved 1048576K
}
Event: 8.745 GC heap after
{Heap after GC invocations=12 (full 0):
 garbage-first heap   total 76800K, used 30168K [0x0000000080000000, 0x0000000100000000)
  region size 1024K, 5 young (5120K), 5 survivors (5120K)
 Metaspace       used 31830K, committed 32256K, reserved 1114112K
  class space    used 4483K, committed 4672K, reserved 1048576K
}
Event: 9.357 GC heap before
{Heap before GC invocations=12 (full 0):
 garbage-first heap   total 76800K, used 64984K [0x0000000080000000, 0x0000000100000000)
  region size 1024K, 34 young (34816K), 5 survivors (5120K)
 Metaspace       used 34307K, committed 34752K, reserved 1114112K
  class space    used 4745K, committed 4992K, reserved 1048576K
}
Event: 9.369 GC heap after
{Heap after GC invocations=13 (full 0):
 garbage-first heap   total 76800K, used 32482K [0x0000000080000000, 0x0000000100000000)
  region size 1024K, 3 young (3072K), 3 survivors (3072K)
 Metaspace       used 34307K, committed 34752K, reserved 1114112K
  class space    used 4745K, committed 4992K, reserved 1048576K
}
Event: 9.606 GC heap before
{Heap before GC invocations=13 (full 0):
 garbage-first heap   total 76800K, used 40674K [0x0000000080000000, 0x0000000100000000)
  region size 1024K, 11 young (11264K), 3 survivors (3072K)
 Metaspace       used 35605K, committed 36096K, reserved 1114112K
  class space    used 4855K, committed 5120K, reserved 1048576K
}
Event: 9.611 GC heap after
{Heap after GC invocations=14 (full 0):
 garbage-first heap   total 76800K, used 34452K [0x0000000080000000, 0x0000000100000000)
  region size 1024K, 1 young (1024K), 1 survivors (1024K)
 Metaspace       used 35605K, committed 36096K, reserved 1114112K
  class space    used 4855K, committed 5120K, reserved 1048576K
}
Event: 9.782 GC heap before
{Heap before GC invocations=15 (full 0):
 garbage-first heap   total 76800K, used 62100K [0x0000000080000000, 0x0000000100000000)
  region size 1024K, 28 young (28672K), 1 survivors (1024K)
 Metaspace       used 36082K, committed 36544K, reserved 1114112K
  class space    used 4905K, committed 5120K, reserved 1048576K
}
Event: 9.785 GC heap after
{Heap after GC invocations=16 (full 0):
 garbage-first heap   total 76800K, used 33112K [0x0000000080000000, 0x0000000100000000)
  region size 1024K, 1 young (1024K), 1 survivors (1024K)
 Metaspace       used 36082K, committed 36544K, reserved 1114112K
  class space    used 4905K, committed 5120K, reserved 1048576K
}
Event: 10.668 GC heap before
{Heap before GC invocations=17 (full 0):
 garbage-first heap   total 76800K, used 62808K [0x0000000080000000, 0x0000000100000000)
  region size 1024K, 30 young (30720K), 1 survivors (1024K)
 Metaspace       used 38922K, committed 39488K, reserved 1114112K
  class space    used 5361K, committed 5632K, reserved 1048576K
}
Event: 10.677 GC heap after
{Heap after GC invocations=18 (full 0):
 garbage-first heap   total 76800K, used 35154K [0x0000000080000000, 0x0000000100000000)
  region size 1024K, 3 young (3072K), 3 survivors (3072K)
 Metaspace       used 38922K, committed 39488K, reserved 1114112K
  class space    used 5361K, committed 5632K, reserved 1048576K
}
Event: 11.402 GC heap before
{Heap before GC invocations=18 (full 0):
 garbage-first heap   total 76800K, used 60754K [0x0000000080000000, 0x0000000100000000)
  region size 1024K, 29 young (29696K), 3 survivors (3072K)
 Metaspace       used 41933K, committed 42432K, reserved 1114112K
  class space    used 5844K, committed 6080K, reserved 1048576K
}
Event: 11.408 GC heap after
{Heap after GC invocations=19 (full 0):
 garbage-first heap   total 76800K, used 36125K [0x0000000080000000, 0x0000000100000000)
  region size 1024K, 1 young (1024K), 1 survivors (1024K)
 Metaspace       used 41933K, committed 42432K, reserved 1114112K
  class space    used 5844K, committed 6080K, reserved 1048576K
}
Event: 11.894 GC heap before
{Heap before GC invocations=19 (full 0):
 garbage-first heap   total 76800K, used 62749K [0x0000000080000000, 0x0000000100000000)
  region size 1024K, 27 young (27648K), 1 survivors (1024K)
 Metaspace       used 45203K, committed 45760K, reserved 1114112K
  class space    used 6273K, committed 6528K, reserved 1048576K
}
Event: 11.898 GC heap after
{Heap after GC invocations=20 (full 0):
 garbage-first heap   total 76800K, used 37208K [0x0000000080000000, 0x0000000100000000)
  region size 1024K, 3 young (3072K), 3 survivors (3072K)
 Metaspace       used 45203K, committed 45760K, reserved 1114112K
  class space    used 6273K, committed 6528K, reserved 1048576K
}
Event: 12.519 GC heap before
{Heap before GC invocations=21 (full 0):
 garbage-first heap   total 76800K, used 61784K [0x0000000080000000, 0x0000000100000000)
  region size 1024K, 28 young (28672K), 3 survivors (3072K)
 Metaspace       used 48263K, committed 48832K, reserved 1114112K
  class space    used 6728K, committed 6976K, reserved 1048576K
}
Event: 12.528 GC heap after
{Heap after GC invocations=22 (full 0):
 garbage-first heap   total 76800K, used 38529K [0x0000000080000000, 0x0000000100000000)
  region size 1024K, 4 young (4096K), 4 survivors (4096K)
 Metaspace       used 48263K, committed 48832K, reserved 1114112K
  class space    used 6728K, committed 6976K, reserved 1048576K
}
Event: 13.294 GC heap before
{Heap before GC invocations=22 (full 0):
 garbage-first heap   total 76800K, used 63105K [0x0000000080000000, 0x0000000100000000)
  region size 1024K, 28 young (28672K), 4 survivors (4096K)
 Metaspace       used 50305K, committed 50816K, reserved 1114112K
  class space    used 7071K, committed 7296K, reserved 1048576K
}
Event: 13.307 GC heap after
{Heap after GC invocations=23 (full 0):
 garbage-first heap   total 92160K, used 41141K [0x0000000080000000, 0x0000000100000000)
  region size 1024K, 4 young (4096K), 4 survivors (4096K)
 Metaspace       used 50305K, committed 50816K, reserved 1114112K
  class space    used 7071K, committed 7296K, reserved 1048576K
}

