# JRE version: OpenJDK Runtime Environment Temurin-17.0.15+6 (17.0.15+6) (build 17.0.15+6)
# Java VM: OpenJDK 64-Bit Server VM Temurin-17.0.15+6 (17.0.15+6, mixed mode, sharing, tiered, compressed oops, compressed class ptrs, g1 gc, windows-amd64)
GC Precious Log:
 CPUs: 4 total, 4 available
 Memory: 3964M
 Large Page Support: Disabled
 NUMA Support: Disabled
 Compressed Oops: Enabled (32-bit)
 Heap Region Size: 1M
 Heap Min Capacity: 8M
 Heap Initial Capacity: 62M
 Heap Max Capacity: 992M
 Pre-touch: Disabled
 Parallel Workers: 4
 Concurrent Workers: 1
 Concurrent Refinement Workers: 4
 Periodic GC: Disabled
Heap:
 garbage-first heap   total 76800K, used 48109K [0x00000000c2000000, 0x0000000100000000)
  region size 1024K, 10 young (10240K), 2 survivors (2048K)
 Metaspace       used 54476K, committed 54912K, reserved 1114112K
  class space    used 6479K, committed 6656K, reserved 1048576K
GC Heap History (20 events):
Event: 26.749 GC heap before
{Heap before GC invocations=15 (full 0):
 garbage-first heap   total 46080K, used 35840K [0x00000000c2000000, 0x0000000100000000)
  region size 1024K, 13 young (13312K), 2 survivors (2048K)
 Metaspace       used 44686K, committed 44992K, reserved 1114112K
  class space    used 5507K, committed 5632K, reserved 1048576K
}
Event: 26.754 GC heap after
{Heap after GC invocations=16 (full 0):
 garbage-first heap   total 46080K, used 27209K [0x00000000c2000000, 0x0000000100000000)
  region size 1024K, 2 young (2048K), 2 survivors (2048K)
 Metaspace       used 44686K, committed 44992K, reserved 1114112K
  class space    used 5507K, committed 5632K, reserved 1048576K
}
Event: 27.200 GC heap before
{Heap before GC invocations=17 (full 0):
 garbage-first heap   total 50176K, used 34377K [0x00000000c2000000, 0x0000000100000000)
  region size 1024K, 10 young (10240K), 2 survivors (2048K)
 Metaspace       used 46161K, committed 46464K, reserved 1114112K
  class space    used 5629K, committed 5760K, reserved 1048576K
}
Event: 27.204 GC heap after
{Heap after GC invocations=18 (full 0):
 garbage-first heap   total 50176K, used 28011K [0x00000000c2000000, 0x0000000100000000)
  region size 1024K, 1 young (1024K), 1 survivors (1024K)
 Metaspace       used 46161K, committed 46464K, reserved 1114112K
  class space    used 5629K, committed 5760K, reserved 1048576K
}
Event: 28.117 GC heap before
{Heap before GC invocations=18 (full 0):
 garbage-first heap   total 50176K, used 38251K [0x00000000c2000000, 0x0000000100000000)
  region size 1024K, 12 young (12288K), 1 survivors (1024K)
 Metaspace       used 48302K, committed 48640K, reserved 1114112K
  class space    used 5807K, committed 5952K, reserved 1048576K
}
Event: 28.122 GC heap after
{Heap after GC invocations=19 (full 0):
 garbage-first heap   total 50176K, used 29764K [0x00000000c2000000, 0x0000000100000000)
  region size 1024K, 2 young (2048K), 2 survivors (2048K)
 Metaspace       used 48302K, committed 48640K, reserved 1114112K
  class space    used 5807K, committed 5952K, reserved 1048576K
}
Event: 29.159 GC heap before
{Heap before GC invocations=20 (full 0):
 garbage-first heap   total 53248K, used 38980K [0x00000000c2000000, 0x0000000100000000)
  region size 1024K, 11 young (11264K), 2 survivors (2048K)
 Metaspace       used 50268K, committed 50624K, reserved 1114112K
  class space    used 6001K, committed 6144K, reserved 1048576K
}
Event: 29.166 GC heap after
{Heap after GC invocations=21 (full 0):
 garbage-first heap   total 53248K, used 31185K [0x00000000c2000000, 0x0000000100000000)
  region size 1024K, 2 young (2048K), 2 survivors (2048K)
 Metaspace       used 50268K, committed 50624K, reserved 1114112K
  class space    used 6001K, committed 6144K, reserved 1048576K
}
Event: 32.050 GC heap before
{Heap before GC invocations=21 (full 0):
 garbage-first heap   total 53248K, used 40401K [0x00000000c2000000, 0x0000000100000000)
  region size 1024K, 11 young (11264K), 2 survivors (2048K)
 Metaspace       used 50601K, committed 50880K, reserved 1114112K
  class space    used 6025K, committed 6144K, reserved 1048576K
}
Event: 32.058 GC heap after
{Heap after GC invocations=22 (full 0):
 garbage-first heap   total 53248K, used 34778K [0x00000000c2000000, 0x0000000100000000)
  region size 1024K, 2 young (2048K), 2 survivors (2048K)
 Metaspace       used 50601K, committed 50880K, reserved 1114112K
  class space    used 6025K, committed 6144K, reserved 1048576K
}
Event: 32.923 GC heap before
{Heap before GC invocations=23 (full 0):
 garbage-first heap   total 60416K, used 41946K [0x00000000c2000000, 0x0000000100000000)
  region size 1024K, 9 young (9216K), 2 survivors (2048K)
 Metaspace       used 51960K, committed 52288K, reserved 1114112K
  class space    used 6205K, committed 6336K, reserved 1048576K
}
Event: 32.929 GC heap after
{Heap after GC invocations=24 (full 0):
 garbage-first heap   total 60416K, used 35620K [0x00000000c2000000, 0x0000000100000000)
  region size 1024K, 1 young (1024K), 1 survivors (1024K)
 Metaspace       used 51960K, committed 52288K, reserved 1114112K
  class space    used 6205K, committed 6336K, reserved 1048576K
}
Event: 34.337 GC heap before
{Heap before GC invocations=24 (full 0):
 garbage-first heap   total 60416K, used 45860K [0x00000000c2000000, 0x0000000100000000)
  region size 1024K, 12 young (12288K), 1 survivors (1024K)
 Metaspace       used 53887K, committed 54272K, reserved 1114112K
  class space    used 6422K, committed 6592K, reserved 1048576K
}
Event: 34.341 GC heap after
{Heap after GC invocations=25 (full 0):
 garbage-first heap   total 60416K, used 36546K [0x00000000c2000000, 0x0000000100000000)
  region size 1024K, 2 young (2048K), 2 survivors (2048K)
 Metaspace       used 53887K, committed 54272K, reserved 1114112K
  class space    used 6422K, committed 6592K, reserved 1048576K
}
Event: 35.046 GC heap before
{Heap before GC invocations=26 (full 0):
 garbage-first heap   total 63488K, used 46786K [0x00000000c2000000, 0x0000000100000000)
  region size 1024K, 12 young (12288K), 2 survivors (2048K)
 Metaspace       used 54407K, committed 54848K, reserved 1114112K
  class space    used 6479K, committed 6656K, reserved 1048576K
}
Event: 35.054 GC heap after
{Heap after GC invocations=27 (full 0):
 garbage-first heap   total 63488K, used 39340K [0x00000000c2000000, 0x0000000100000000)
  region size 1024K, 2 young (2048K), 2 survivors (2048K)
 Metaspace       used 54407K, committed 54848K, reserved 1114112K
  class space    used 6479K, committed 6656K, reserved 1048576K
}
Event: 35.058 GC heap before
{Heap before GC invocations=27 (full 0):
 garbage-first heap   total 63488K, used 40364K [0x00000000c2000000, 0x0000000100000000)
  region size 1024K, 3 young (3072K), 2 survivors (2048K)
 Metaspace       used 54407K, committed 54848K, reserved 1114112K
  class space    used 6479K, committed 6656K, reserved 1048576K
}
Event: 35.062 GC heap after
{Heap after GC invocations=28 (full 0):
 garbage-first heap   total 63488K, used 39086K [0x00000000c2000000, 0x0000000100000000)
  region size 1024K, 1 young (1024K), 1 survivors (1024K)
 Metaspace       used 54407K, committed 54848K, reserved 1114112K
  class space    used 6479K, committed 6656K, reserved 1048576K
}
Event: 35.590 GC heap before
{Heap before GC invocations=28 (full 0):
 garbage-first heap   total 63488K, used 49326K [0x00000000c2000000, 0x0000000100000000)
  region size 1024K, 11 young (11264K), 1 survivors (1024K)
 Metaspace       used 54466K, committed 54848K, reserved 1114112K
  class space    used 6479K, committed 6656K, reserved 1048576K
}
Event: 35.595 GC heap after
{Heap after GC invocations=29 (full 0):
 garbage-first heap   total 63488K, used 40941K [0x00000000c2000000, 0x0000000100000000)
  region size 1024K, 2 young (2048K), 2 survivors (2048K)
 Metaspace       used 54466K, committed 54848K, reserved 1114112K
  class space    used 6479K, committed 6656K, reserved 1048576K
}

