# JRE version: OpenJDK Runtime Environment Temurin-21.0.9+10 (21.0.9+10) (build 21.0.9+10-LTS)
# Java VM: OpenJDK 64-Bit Server VM Temurin-21.0.9+10 (21.0.9+10-LTS, mixed mode, sharing, tiered, compressed oops, compressed class ptrs, parallel gc, windows-amd64)
GC Precious Log:
 CardTable entry size: 512
 CPUs: 4 total, 4 available
 Memory: 3964M
 Large Page Support: Disabled
 NUMA Support: Disabled
 Compressed Oops: Enabled (32-bit)
 Alignments: Space 512K, Generation 512K, Heap 2M
 Heap Min Capacity: 100M
 Heap Initial Capacity: 100M
 Heap Max Capacity: 2G
 Pre-touch: Disabled
 Parallel Workers: 4
Heap:
 PSYoungGen      total 14848K, used 13113K [0x00000000d5580000, 0x00000000d6500000, 0x0000000100000000)
  eden space 13824K, 90% used [0x00000000d5580000,0x00000000d61b6608,0x00000000d6300000)
  from space 1024K, 59% used [0x00000000d6300000,0x00000000d6398020,0x00000000d6400000)
  to   space 1024K, 0% used [0x00000000d6400000,0x00000000d6400000,0x00000000d6500000)
 ParOldGen       total 68608K, used 53819K [0x0000000080000000, 0x0000000084300000, 0x00000000d5580000)
  object space 68608K, 78% used [0x0000000080000000,0x000000008348ef58,0x0000000084300000)
 Metaspace       used 62382K, committed 63744K, reserved 1114112K
  class space    used 7311K, committed 7936K, reserved 1048576K
GC Heap History (20 events):
Event: 312.120 GC heap before
{Heap before GC invocations=35 (full 2):
 PSYoungGen      total 16384K, used 15936K [0x00000000d5580000, 0x00000000d6900000, 0x0000000100000000)
  eden space 14336K, 100% used [0x00000000d5580000,0x00000000d6380000,0x00000000d6380000)
  from space 2048K, 78% used [0x00000000d6700000,0x00000000d6890010,0x00000000d6900000)
  to   space 2048K, 0% used [0x00000000d6500000,0x00000000d6500000,0x00000000d6700000)
 ParOldGen       total 68608K, used 44413K [0x0000000080000000, 0x0000000084300000, 0x00000000d5580000)
  object space 68608K, 64% used [0x0000000080000000,0x0000000082b5f778,0x0000000084300000)
 Metaspace       used 58190K, committed 59520K, reserved 1114112K
  class space    used 6800K, committed 7360K, reserved 1048576K
}
Event: 312.127 GC heap after
{Heap after GC invocations=35 (full 2):
 PSYoungGen      total 16384K, used 1873K [0x00000000d5580000, 0x00000000d6780000, 0x0000000100000000)
  eden space 14336K, 0% used [0x00000000d5580000,0x00000000d5580000,0x00000000d6380000)
  from space 2048K, 91% used [0x00000000d6500000,0x00000000d66d4420,0x00000000d6700000)
  to   space 512K, 0% used [0x00000000d6700000,0x00000000d6700000,0x00000000d6780000)
 ParOldGen       total 68608K, used 45885K [0x0000000080000000, 0x0000000084300000, 0x00000000d5580000)
  object space 68608K, 66% used [0x0000000080000000,0x0000000082ccf778,0x0000000084300000)
 Metaspace       used 58190K, committed 59520K, reserved 1114112K
  class space    used 6800K, committed 7360K, reserved 1048576K
}
Event: 312.342 GC heap before
{Heap before GC invocations=36 (full 2):
 PSYoungGen      total 16384K, used 16209K [0x00000000d5580000, 0x00000000d6780000, 0x0000000100000000)
  eden space 14336K, 100% used [0x00000000d5580000,0x00000000d6380000,0x00000000d6380000)
  from space 2048K, 91% used [0x00000000d6500000,0x00000000d66d4420,0x00000000d6700000)
  to   space 512K, 0% used [0x00000000d6700000,0x00000000d6700000,0x00000000d6780000)
 ParOldGen       total 68608K, used 45885K [0x0000000080000000, 0x0000000084300000, 0x00000000d5580000)
  object space 68608K, 66% used [0x0000000080000000,0x0000000082ccf778,0x0000000084300000)
 Metaspace       used 58216K, committed 59584K, reserved 1114112K
  class space    used 6800K, committed 7360K, reserved 1048576K
}
Event: 312.351 GC heap after
{Heap after GC invocations=36 (full 2):
 PSYoungGen      total 14336K, used 512K [0x00000000d5580000, 0x00000000d6b80000, 0x0000000100000000)
  eden space 13824K, 0% used [0x00000000d5580000,0x00000000d5580000,0x00000000d6300000)
  from space 512K, 100% used [0x00000000d6700000,0x00000000d6780000,0x00000000d6780000)
  to   space 4096K, 0% used [0x00000000d6300000,0x00000000d6300000,0x00000000d6700000)
 ParOldGen       total 68608K, used 48755K [0x0000000080000000, 0x0000000084300000, 0x00000000d5580000)
  object space 68608K, 71% used [0x0000000080000000,0x0000000082f9cc68,0x0000000084300000)
 Metaspace       used 58216K, committed 59584K, reserved 1114112K
  class space    used 6800K, committed 7360K, reserved 1048576K
}
Event: 313.064 GC heap before
{Heap before GC invocations=37 (full 2):
 PSYoungGen      total 14336K, used 14336K [0x00000000d5580000, 0x00000000d6b80000, 0x0000000100000000)
  eden space 13824K, 100% used [0x00000000d5580000,0x00000000d6300000,0x00000000d6300000)
  from space 512K, 100% used [0x00000000d6700000,0x00000000d6780000,0x00000000d6780000)
  to   space 4096K, 0% used [0x00000000d6300000,0x00000000d6300000,0x00000000d6700000)
 ParOldGen       total 68608K, used 48755K [0x0000000080000000, 0x0000000084300000, 0x00000000d5580000)
  object space 68608K, 71% used [0x0000000080000000,0x0000000082f9cc68,0x0000000084300000)
 Metaspace       used 58219K, committed 59584K, reserved 1114112K
  class space    used 6800K, committed 7360K, reserved 1048576K
}
Event: 313.078 GC heap after
{Heap after GC invocations=37 (full 2):
 PSYoungGen      total 15872K, used 1636K [0x00000000d5580000, 0x00000000d6800000, 0x0000000100000000)
  eden space 13824K, 0% used [0x00000000d5580000,0x00000000d5580000,0x00000000d6300000)
  from space 2048K, 79% used [0x00000000d6300000,0x00000000d6499000,0x00000000d6500000)
  to   space 2560K, 0% used [0x00000000d6580000,0x00000000d6580000,0x00000000d6800000)
 ParOldGen       total 68608K, used 49281K [0x0000000080000000, 0x0000000084300000, 0x00000000d5580000)
  object space 68608K, 71% used [0x0000000080000000,0x0000000083020618,0x0000000084300000)
 Metaspace       used 58219K, committed 59584K, reserved 1114112K
  class space    used 6800K, committed 7360K, reserved 1048576K
}
Event: 313.529 GC heap before
{Heap before GC invocations=38 (full 2):
 PSYoungGen      total 15872K, used 15460K [0x00000000d5580000, 0x00000000d6800000, 0x0000000100000000)
  eden space 13824K, 100% used [0x00000000d5580000,0x00000000d6300000,0x00000000d6300000)
  from space 2048K, 79% used [0x00000000d6300000,0x00000000d6499000,0x00000000d6500000)
  to   space 2560K, 0% used [0x00000000d6580000,0x00000000d6580000,0x00000000d6800000)
 ParOldGen       total 68608K, used 49281K [0x0000000080000000, 0x0000000084300000, 0x00000000d5580000)
  object space 68608K, 71% used [0x0000000080000000,0x0000000083020618,0x0000000084300000)
 Metaspace       used 58221K, committed 59584K, reserved 1114112K
  class space    used 6800K, committed 7360K, reserved 1048576K
}
Event: 313.538 GC heap after
{Heap after GC invocations=38 (full 2):
 PSYoungGen      total 15360K, used 1440K [0x00000000d5580000, 0x00000000d6700000, 0x0000000100000000)
  eden space 13824K, 0% used [0x00000000d5580000,0x00000000d5580000,0x00000000d6300000)
  from space 1536K, 93% used [0x00000000d6580000,0x00000000d66e8000,0x00000000d6700000)
  to   space 2048K, 0% used [0x00000000d6300000,0x00000000d6300000,0x00000000d6500000)
 ParOldGen       total 68608K, used 50815K [0x0000000080000000, 0x0000000084300000, 0x00000000d5580000)
  object space 68608K, 74% used [0x0000000080000000,0x000000008319fc40,0x0000000084300000)
 Metaspace       used 58221K, committed 59584K, reserved 1114112K
  class space    used 6800K, committed 7360K, reserved 1048576K
}
Event: 314.110 GC heap before
{Heap before GC invocations=39 (full 2):
 PSYoungGen      total 15360K, used 15264K [0x00000000d5580000, 0x00000000d6700000, 0x0000000100000000)
  eden space 13824K, 100% used [0x00000000d5580000,0x00000000d6300000,0x00000000d6300000)
  from space 1536K, 93% used [0x00000000d6580000,0x00000000d66e8000,0x00000000d6700000)
  to   space 2048K, 0% used [0x00000000d6300000,0x00000000d6300000,0x00000000d6500000)
 ParOldGen       total 68608K, used 50815K [0x0000000080000000, 0x0000000084300000, 0x00000000d5580000)
  object space 68608K, 74% used [0x0000000080000000,0x000000008319fc40,0x0000000084300000)
 Metaspace       used 58410K, committed 59776K, reserved 1114112K
  class space    used 6823K, committed 7424K, reserved 1048576K
}
Event: 314.146 GC heap after
{Heap after GC invocations=39 (full 2):
 PSYoungGen      total 15872K, used 1689K [0x00000000d5580000, 0x00000000d6700000, 0x0000000100000000)
  eden space 13824K, 0% used [0x00000000d5580000,0x00000000d5580000,0x00000000d6300000)
  from space 2048K, 82% used [0x00000000d6300000,0x00000000d64a6798,0x00000000d6500000)
  to   space 2048K, 0% used [0x00000000d6500000,0x00000000d6500000,0x00000000d6700000)
 ParOldGen       total 68608K, used 52199K [0x0000000080000000, 0x0000000084300000, 0x00000000d5580000)
  object space 68608K, 76% used [0x0000000080000000,0x00000000832f9c40,0x0000000084300000)
 Metaspace       used 58410K, committed 59776K, reserved 1114112K
  class space    used 6823K, committed 7424K, reserved 1048576K
}
Event: 314.339 GC heap before
{Heap before GC invocations=40 (full 2):
 PSYoungGen      total 15872K, used 3673K [0x00000000d5580000, 0x00000000d6700000, 0x0000000100000000)
  eden space 13824K, 14% used [0x00000000d5580000,0x00000000d576ff30,0x00000000d6300000)
  from space 2048K, 82% used [0x00000000d6300000,0x00000000d64a6798,0x00000000d6500000)
  to   space 2048K, 0% used [0x00000000d6500000,0x00000000d6500000,0x00000000d6700000)
 ParOldGen       total 68608K, used 52199K [0x0000000080000000, 0x0000000084300000, 0x00000000d5580000)
  object space 68608K, 76% used [0x0000000080000000,0x00000000832f9c40,0x0000000084300000)
 Metaspace       used 58423K, committed 59776K, reserved 1114112K
  class space    used 6825K, committed 7424K, reserved 1048576K
}
Event: 314.349 GC heap after
{Heap after GC invocations=40 (full 2):
 PSYoungGen      total 14336K, used 361K [0x00000000d5580000, 0x00000000d6580000, 0x0000000100000000)
  eden space 13824K, 0% used [0x00000000d5580000,0x00000000d5580000,0x00000000d6300000)
  from space 512K, 70% used [0x00000000d6500000,0x00000000d655a460,0x00000000d6580000)
  to   space 1024K, 0% used [0x00000000d6380000,0x00000000d6380000,0x00000000d6480000)
 ParOldGen       total 68608K, used 53632K [0x0000000080000000, 0x0000000084300000, 0x00000000d5580000)
  object space 68608K, 78% used [0x0000000080000000,0x0000000083460328,0x0000000084300000)
 Metaspace       used 58423K, committed 59776K, reserved 1114112K
  class space    used 6825K, committed 7424K, reserved 1048576K
}
Event: 314.349 GC heap before
{Heap before GC invocations=41 (full 3):
 PSYoungGen      total 14336K, used 361K [0x00000000d5580000, 0x00000000d6580000, 0x0000000100000000)
  eden space 13824K, 0% used [0x00000000d5580000,0x00000000d5580000,0x00000000d6300000)
  from space 512K, 70% used [0x00000000d6500000,0x00000000d655a460,0x00000000d6580000)
  to   space 1024K, 0% used [0x00000000d6380000,0x00000000d6380000,0x00000000d6480000)
 ParOldGen       total 68608K, used 53632K [0x0000000080000000, 0x0000000084300000, 0x00000000d5580000)
  object space 68608K, 78% used [0x0000000080000000,0x0000000083460328,0x0000000084300000)
 Metaspace       used 58423K, committed 59776K, reserved 1114112K
  class space    used 6825K, committed 7424K, reserved 1048576K
}
Event: 314.963 GC heap after
{Heap after GC invocations=41 (full 3):
 PSYoungGen      total 14336K, used 0K [0x00000000d5580000, 0x00000000d6580000, 0x0000000100000000)
  eden space 13824K, 0% used [0x00000000d5580000,0x00000000d5580000,0x00000000d6300000)
  from space 512K, 0% used [0x00000000d6500000,0x00000000d6500000,0x00000000d6580000)
  to   space 1024K, 0% used [0x00000000d6380000,0x00000000d6380000,0x00000000d6480000)
 ParOldGen       total 68608K, used 51606K [0x0000000080000000, 0x0000000084300000, 0x00000000d5580000)
  object space 68608K, 75% used [0x0000000080000000,0x00000000832659c0,0x0000000084300000)
 Metaspace       used 58423K, committed 59776K, reserved 1114112K
  class space    used 6825K, committed 7424K, reserved 1048576K
}
Event: 315.438 GC heap before
{Heap before GC invocations=42 (full 3):
 PSYoungGen      total 14336K, used 13824K [0x00000000d5580000, 0x00000000d6580000, 0x0000000100000000)
  eden space 13824K, 100% used [0x00000000d5580000,0x00000000d6300000,0x00000000d6300000)
  from space 512K, 0% used [0x00000000d6500000,0x00000000d6500000,0x00000000d6580000)
  to   space 1024K, 0% used [0x00000000d6380000,0x00000000d6380000,0x00000000d6480000)
 ParOldGen       total 68608K, used 51606K [0x0000000080000000, 0x0000000084300000, 0x00000000d5580000)
  object space 68608K, 75% used [0x0000000080000000,0x00000000832659c0,0x0000000084300000)
 Metaspace       used 58827K, committed 60224K, reserved 1114112K
  class space    used 6894K, committed 7552K, reserved 1048576K
}
Event: 315.444 GC heap after
{Heap after GC invocations=42 (full 3):
 PSYoungGen      total 14848K, used 1024K [0x00000000d5580000, 0x00000000d6600000, 0x0000000100000000)
  eden space 13824K, 0% used [0x00000000d5580000,0x00000000d5580000,0x00000000d6300000)
  from space 1024K, 100% used [0x00000000d6380000,0x00000000d6480000,0x00000000d6480000)
  to   space 1536K, 0% used [0x00000000d6480000,0x00000000d6480000,0x00000000d6600000)
 ParOldGen       total 68608K, used 51766K [0x0000000080000000, 0x0000000084300000, 0x00000000d5580000)
  object space 68608K, 75% used [0x0000000080000000,0x000000008328d9c0,0x0000000084300000)
 Metaspace       used 58827K, committed 60224K, reserved 1114112K
  class space    used 6894K, committed 7552K, reserved 1048576K
}
Event: 316.797 GC heap before
{Heap before GC invocations=43 (full 3):
 PSYoungGen      total 14848K, used 14848K [0x00000000d5580000, 0x00000000d6600000, 0x0000000100000000)
  eden space 13824K, 100% used [0x00000000d5580000,0x00000000d6300000,0x00000000d6300000)
  from space 1024K, 100% used [0x00000000d6380000,0x00000000d6480000,0x00000000d6480000)
  to   space 1536K, 0% used [0x00000000d6480000,0x00000000d6480000,0x00000000d6600000)
 ParOldGen       total 68608K, used 51766K [0x0000000080000000, 0x0000000084300000, 0x00000000d5580000)
  object space 68608K, 75% used [0x0000000080000000,0x000000008328d9c0,0x0000000084300000)
 Metaspace       used 59525K, committed 60928K, reserved 1114112K
  class space    used 6983K, committed 7616K, reserved 1048576K
}
Event: 316.806 GC heap after
{Heap after GC invocations=43 (full 3):
 PSYoungGen      total 15360K, used 1184K [0x00000000d5580000, 0x00000000d6600000, 0x0000000100000000)
  eden space 13824K, 0% used [0x00000000d5580000,0x00000000d5580000,0x00000000d6300000)
  from space 1536K, 77% used [0x00000000d6480000,0x00000000d65a8000,0x00000000d6600000)
  to   space 1536K, 0% used [0x00000000d6300000,0x00000000d6300000,0x00000000d6480000)
 ParOldGen       total 68608K, used 52798K [0x0000000080000000, 0x0000000084300000, 0x00000000d5580000)
  object space 68608K, 76% used [0x0000000080000000,0x000000008338fbe0,0x0000000084300000)
 Metaspace       used 59525K, committed 60928K, reserved 1114112K
  class space    used 6983K, committed 7616K, reserved 1048576K
}
Event: 334.722 GC heap before
{Heap before GC invocations=44 (full 3):
 PSYoungGen      total 15360K, used 15008K [0x00000000d5580000, 0x00000000d6600000, 0x0000000100000000)
  eden space 13824K, 100% used [0x00000000d5580000,0x00000000d6300000,0x00000000d6300000)
  from space 1536K, 77% used [0x00000000d6480000,0x00000000d65a8000,0x00000000d6600000)
  to   space 1536K, 0% used [0x00000000d6300000,0x00000000d6300000,0x00000000d6480000)
 ParOldGen       total 68608K, used 52798K [0x0000000080000000, 0x0000000084300000, 0x00000000d5580000)
  object space 68608K, 76% used [0x0000000080000000,0x000000008338fbe0,0x0000000084300000)
 Metaspace       used 61034K, committed 62272K, reserved 1114112K
  class space    used 7154K, committed 7680K, reserved 1048576K
}
Event: 334.740 GC heap after
{Heap after GC invocations=44 (full 3):
 PSYoungGen      total 14848K, used 608K [0x00000000d5580000, 0x00000000d6500000, 0x0000000100000000)
  eden space 13824K, 0% used [0x00000000d5580000,0x00000000d5580000,0x00000000d6300000)
  from space 1024K, 59% used [0x00000000d6300000,0x00000000d6398020,0x00000000d6400000)
  to   space 1024K, 0% used [0x00000000d6400000,0x00000000d6400000,0x00000000d6500000)
 ParOldGen       total 68608K, used 53819K [0x0000000080000000, 0x0000000084300000, 0x00000000d5580000)
  object space 68608K, 78% used [0x0000000080000000,0x000000008348ef58,0x0000000084300000)
 Metaspace       used 61034K, committed 62272K, reserved 1114112K
  class space    used 7154K, committed 7680K, reserved 1048576K
}

