# JRE version: OpenJDK Runtime Environment Temurin-17.0.15+6 (17.0.15+6) (build 17.0.15+6)
# Java VM: OpenJDK 64-Bit Server VM Temurin-17.0.15+6 (17.0.15+6, mixed mode, sharing, tiered, compressed oops, compressed class ptrs, g1 gc, windows-amd64)
GC Precious Log:
 CPUs: 4 total, 4 available
 Memory: 3964M
 Large Page Support: Disabled
 NUMA Support: Disabled
 Compressed Oops: Enabled (32-bit)
 Heap Region Size: 1M
 Heap Min Capacity: 8M
 Heap Initial Capacity: 62M
 Heap Max Capacity: 992M
 Pre-touch: Disabled
 Parallel Workers: 4
 Concurrent Workers: 1
 Concurrent Refinement Workers: 4
 Periodic GC: Disabled
Heap:
 garbage-first heap   total 519168K, used 335192K [0x00000000c2000000, 0x0000000100000000)
  region size 1024K, 4 young (4096K), 4 survivors (4096K)
 Metaspace       used 68666K, committed 68992K, reserved 1114112K
  class space    used 6911K, committed 7040K, reserved 1048576K
GC Heap History (20 events):
Event: 114.510 GC heap after
{Heap after GC invocations=57 (full 0):
 garbage-first heap   total 356352K, used 265015K [0x00000000c2000000, 0x0000000100000000)
  region size 1024K, 5 young (5120K), 5 survivors (5120K)
 Metaspace       used 51743K, committed 52032K, reserved 1114112K
  class space    used 5633K, committed 5760K, reserved 1048576K
}
Event: 118.689 GC heap before
{Heap before GC invocations=57 (full 0):
 garbage-first heap   total 519168K, used 311095K [0x00000000c2000000, 0x0000000100000000)
  region size 1024K, 51 young (52224K), 5 survivors (5120K)
 Metaspace       used 53201K, committed 53504K, reserved 1114112K
  class space    used 5781K, committed 5952K, reserved 1048576K
}
Event: 118.751 GC heap after
{Heap after GC invocations=58 (full 0):
 garbage-first heap   total 519168K, used 266367K [0x00000000c2000000, 0x0000000100000000)
  region size 1024K, 5 young (5120K), 5 survivors (5120K)
 Metaspace       used 53201K, committed 53504K, reserved 1114112K
  class space    used 5781K, committed 5952K, reserved 1048576K
}
Event: 134.444 GC heap before
{Heap before GC invocations=59 (full 0):
 garbage-first heap   total 519168K, used 415871K [0x00000000c2000000, 0x0000000100000000)
  region size 1024K, 151 young (154624K), 5 survivors (5120K)
 Metaspace       used 56029K, committed 56320K, reserved 1114112K
  class space    used 5931K, committed 6080K, reserved 1048576K
}
Event: 134.492 GC heap after
{Heap after GC invocations=60 (full 0):
 garbage-first heap   total 519168K, used 271045K [0x00000000c2000000, 0x0000000100000000)
  region size 1024K, 10 young (10240K), 10 survivors (10240K)
 Metaspace       used 56029K, committed 56320K, reserved 1114112K
  class space    used 5931K, committed 6080K, reserved 1048576K
}
Event: 134.875 GC heap before
{Heap before GC invocations=60 (full 0):
 garbage-first heap   total 519168K, used 286405K [0x00000000c2000000, 0x0000000100000000)
  region size 1024K, 25 young (25600K), 10 survivors (10240K)
 Metaspace       used 56030K, committed 56320K, reserved 1114112K
  class space    used 5931K, committed 6080K, reserved 1048576K
}
Event: 134.951 GC heap after
{Heap after GC invocations=61 (full 0):
 garbage-first heap   total 519168K, used 268373K [0x00000000c2000000, 0x0000000100000000)
  region size 1024K, 2 young (2048K), 2 survivors (2048K)
 Metaspace       used 56030K, committed 56320K, reserved 1114112K
  class space    used 5931K, committed 6080K, reserved 1048576K
}
Event: 145.364 GC heap before
{Heap before GC invocations=61 (full 0):
 garbage-first heap   total 519168K, used 420949K [0x00000000c2000000, 0x0000000100000000)
  region size 1024K, 152 young (155648K), 2 survivors (2048K)
 Metaspace       used 62158K, committed 62464K, reserved 1114112K
  class space    used 6450K, committed 6592K, reserved 1048576K
}
Event: 145.440 GC heap after
{Heap after GC invocations=62 (full 0):
 garbage-first heap   total 519168K, used 290190K [0x00000000c2000000, 0x0000000100000000)
  region size 1024K, 19 young (19456K), 19 survivors (19456K)
 Metaspace       used 62158K, committed 62464K, reserved 1114112K
  class space    used 6450K, committed 6592K, reserved 1048576K
}
Event: 159.015 GC heap before
{Heap before GC invocations=62 (full 0):
 garbage-first heap   total 519168K, used 420238K [0x00000000c2000000, 0x0000000100000000)
  region size 1024K, 146 young (149504K), 19 survivors (19456K)
 Metaspace       used 67591K, committed 67968K, reserved 1114112K
  class space    used 6809K, committed 6976K, reserved 1048576K
}
Event: 161.532 GC heap after
{Heap after GC invocations=63 (full 0):
 garbage-first heap   total 519168K, used 304828K [0x00000000c2000000, 0x0000000100000000)
  region size 1024K, 14 young (14336K), 14 survivors (14336K)
 Metaspace       used 67591K, committed 67968K, reserved 1114112K
  class space    used 6809K, committed 6976K, reserved 1048576K
}
Event: 162.387 GC heap before
{Heap before GC invocations=63 (full 0):
 garbage-first heap   total 519168K, used 315068K [0x00000000c2000000, 0x0000000100000000)
  region size 1024K, 25 young (25600K), 14 survivors (14336K)
 Metaspace       used 67911K, committed 68224K, reserved 1114112K
  class space    used 6834K, committed 6976K, reserved 1048576K
}
Event: 162.615 GC heap after
{Heap after GC invocations=64 (full 0):
 garbage-first heap   total 519168K, used 307200K [0x00000000c2000000, 0x0000000100000000)
  region size 1024K, 2 young (2048K), 2 survivors (2048K)
 Metaspace       used 67911K, committed 68224K, reserved 1114112K
  class space    used 6834K, committed 6976K, reserved 1048576K
}
Event: 163.559 GC heap before
{Heap before GC invocations=64 (full 0):
 garbage-first heap   total 519168K, used 330752K [0x00000000c2000000, 0x0000000100000000)
  region size 1024K, 25 young (25600K), 2 survivors (2048K)
 Metaspace       used 68553K, committed 68864K, reserved 1114112K
  class space    used 6911K, committed 7040K, reserved 1048576K
}
Event: 163.583 GC heap after
{Heap after GC invocations=65 (full 0):
 garbage-first heap   total 519168K, used 312320K [0x00000000c2000000, 0x0000000100000000)
  region size 1024K, 4 young (4096K), 4 survivors (4096K)
 Metaspace       used 68553K, committed 68864K, reserved 1114112K
  class space    used 6911K, committed 7040K, reserved 1048576K
}
Event: 164.496 GC heap before
{Heap before GC invocations=65 (full 0):
 garbage-first heap   total 519168K, used 333824K [0x00000000c2000000, 0x0000000100000000)
  region size 1024K, 25 young (25600K), 4 survivors (4096K)
 Metaspace       used 68635K, committed 68928K, reserved 1114112K
  class space    used 6911K, committed 7040K, reserved 1048576K
}
Event: 164.539 GC heap after
{Heap after GC invocations=66 (full 0):
 garbage-first heap   total 519168K, used 319747K [0x00000000c2000000, 0x0000000100000000)
  region size 1024K, 4 young (4096K), 4 survivors (4096K)
 Metaspace       used 68635K, committed 68928K, reserved 1114112K
  class space    used 6911K, committed 7040K, reserved 1048576K
}
Event: 166.059 GC heap before
{Heap before GC invocations=66 (full 0):
 garbage-first heap   total 519168K, used 341251K [0x00000000c2000000, 0x0000000100000000)
  region size 1024K, 25 young (25600K), 4 survivors (4096K)
 Metaspace       used 68648K, committed 68992K, reserved 1114112K
  class space    used 6911K, committed 7040K, reserved 1048576K
}
Event: 166.187 GC heap after
{Heap after GC invocations=67 (full 0):
 garbage-first heap   total 519168K, used 327350K [0x00000000c2000000, 0x0000000100000000)
  region size 1024K, 4 young (4096K), 4 survivors (4096K)
 Metaspace       used 68648K, committed 68992K, reserved 1114112K
  class space    used 6911K, committed 7040K, reserved 1048576K
}
Event: 167.111 GC heap before
{Heap before GC invocations=67 (full 0):
 garbage-first heap   total 519168K, used 348854K [0x00000000c2000000, 0x0000000100000000)
  region size 1024K, 25 young (25600K), 4 survivors (4096K)
 Metaspace       used 68666K, committed 68992K, reserved 1114112K
  class space    used 6911K, committed 7040K, reserved 1048576K
}

