# JRE version: OpenJDK Runtime Environment (21.0.8) (build 21.0.8+-14018985-b1038.68)
# Java VM: OpenJDK 64-Bit Server VM (21.0.8+-14018985-b1038.68, mixed mode, tiered, compressed oops, compressed class ptrs, g1 gc, windows-amd64)
GC Precious Log:
 CardTable entry size: 512
 Card Set container configuration: InlinePtr #cards 5 size 8 Array Of Cards #cards 12 size 40 Howl #buckets 4 coarsen threshold 1843 Howl Bitmap #cards 512 size 80 coarsen threshold 460 Card regions per heap region 1 cards per card region 2048
 CPUs: 4 total, 4 available
 Memory: 3964M
 Large Page Support: Disabled
 NUMA Support: Disabled
 Compressed Oops: Enabled (32-bit)
 Heap Region Size: 1M
 Heap Min Capacity: 8M
 Heap Initial Capacity: 62M
 Heap Max Capacity: 992M
 Pre-touch: Disabled
 Parallel Workers: 4
 Concurrent Workers: 1
 Concurrent Refinement Workers: 4
 Periodic GC: Disabled
Heap:
 garbage-first heap   total 211968K, used 163546K [0x00000000c2000000, 0x0000000100000000)
  region size 1024K, 28 young (28672K), 7 survivors (7168K)
 Metaspace       used 52107K, committed 52352K, reserved 1114112K
  class space    used 5936K, committed 6080K, reserved 1048576K
GC Heap History (20 events):
Event: 36.962 GC heap before
{Heap before GC invocations=30 (full 0):
 garbage-first heap   total 106496K, used 87208K [0x00000000c2000000, 0x0000000100000000)
  region size 1024K, 24 young (24576K), 2 survivors (2048K)
 Metaspace       used 50519K, committed 50752K, reserved 1114112K
  class space    used 5839K, committed 5952K, reserved 1048576K
}
Event: 36.985 GC heap after
{Heap after GC invocations=31 (full 0):
 garbage-first heap   total 106496K, used 67811K [0x00000000c2000000, 0x0000000100000000)
  region size 1024K, 3 young (3072K), 3 survivors (3072K)
 Metaspace       used 50519K, committed 50752K, reserved 1114112K
  class space    used 5839K, committed 5952K, reserved 1048576K
}
Event: 37.872 GC heap before
{Heap before GC invocations=31 (full 0):
 garbage-first heap   total 106496K, used 81123K [0x00000000c2000000, 0x0000000100000000)
  region size 1024K, 18 young (18432K), 3 survivors (3072K)
 Metaspace       used 51328K, committed 51648K, reserved 1114112K
  class space    used 5903K, committed 6080K, reserved 1048576K
}
Event: 37.892 GC heap after
{Heap after GC invocations=32 (full 0):
 garbage-first heap   total 106496K, used 72018K [0x00000000c2000000, 0x0000000100000000)
  region size 1024K, 4 young (4096K), 4 survivors (4096K)
 Metaspace       used 51328K, committed 51648K, reserved 1114112K
  class space    used 5903K, committed 6080K, reserved 1048576K
}
Event: 38.730 GC heap before
{Heap before GC invocations=33 (full 0):
 garbage-first heap   total 122880K, used 92498K [0x00000000c2000000, 0x0000000100000000)
  region size 1024K, 23 young (23552K), 4 survivors (4096K)
 Metaspace       used 51428K, committed 51776K, reserved 1114112K
  class space    used 5903K, committed 6080K, reserved 1048576K
}
Event: 38.757 GC heap after
{Heap after GC invocations=34 (full 0):
 garbage-first heap   total 122880K, used 80384K [0x00000000c2000000, 0x0000000100000000)
  region size 1024K, 3 young (3072K), 3 survivors (3072K)
 Metaspace       used 51428K, committed 51776K, reserved 1114112K
  class space    used 5903K, committed 6080K, reserved 1048576K
}
Event: 39.689 GC heap before
{Heap before GC invocations=34 (full 0):
 garbage-first heap   total 122880K, used 102912K [0x00000000c2000000, 0x0000000100000000)
  region size 1024K, 25 young (25600K), 3 survivors (3072K)
 Metaspace       used 51783K, committed 52096K, reserved 1114112K
  class space    used 5926K, committed 6080K, reserved 1048576K
}
Event: 39.712 GC heap after
{Heap after GC invocations=35 (full 0):
 garbage-first heap   total 184320K, used 86016K [0x00000000c2000000, 0x0000000100000000)
  region size 1024K, 4 young (4096K), 4 survivors (4096K)
 Metaspace       used 51783K, committed 52096K, reserved 1114112K
  class space    used 5926K, committed 6080K, reserved 1048576K
}
Event: 42.272 GC heap before
{Heap before GC invocations=35 (full 0):
 garbage-first heap   total 184320K, used 143360K [0x00000000c2000000, 0x0000000100000000)
  region size 1024K, 60 young (61440K), 4 survivors (4096K)
 Metaspace       used 51889K, committed 52160K, reserved 1114112K
  class space    used 5926K, committed 6080K, reserved 1048576K
}
Event: 42.288 GC heap after
{Heap after GC invocations=36 (full 0):
 garbage-first heap   total 184320K, used 100352K [0x00000000c2000000, 0x0000000100000000)
  region size 1024K, 8 young (8192K), 8 survivors (8192K)
 Metaspace       used 51889K, committed 52160K, reserved 1114112K
  class space    used 5926K, committed 6080K, reserved 1048576K
}
Event: 42.909 GC heap before
{Heap before GC invocations=36 (full 0):
 garbage-first heap   total 184320K, used 145408K [0x00000000c2000000, 0x0000000100000000)
  region size 1024K, 52 young (53248K), 8 survivors (8192K)
 Metaspace       used 51889K, committed 52160K, reserved 1114112K
  class space    used 5926K, committed 6080K, reserved 1048576K
}
Event: 42.928 GC heap after
{Heap after GC invocations=37 (full 0):
 garbage-first heap   total 184320K, used 109468K [0x00000000c2000000, 0x0000000100000000)
  region size 1024K, 7 young (7168K), 7 survivors (7168K)
 Metaspace       used 51889K, committed 52160K, reserved 1114112K
  class space    used 5926K, committed 6080K, reserved 1048576K
}
Event: 43.684 GC heap before
{Heap before GC invocations=37 (full 0):
 garbage-first heap   total 184320K, used 152476K [0x00000000c2000000, 0x0000000100000000)
  region size 1024K, 49 young (50176K), 7 survivors (7168K)
 Metaspace       used 51889K, committed 52160K, reserved 1114112K
  class space    used 5926K, committed 6080K, reserved 1048576K
}
Event: 43.696 GC heap after
{Heap after GC invocations=38 (full 0):
 garbage-first heap   total 184320K, used 118272K [0x00000000c2000000, 0x0000000100000000)
  region size 1024K, 7 young (7168K), 7 survivors (7168K)
 Metaspace       used 51889K, committed 52160K, reserved 1114112K
  class space    used 5926K, committed 6080K, reserved 1048576K
}
Event: 46.216 GC heap before
{Heap before GC invocations=38 (full 0):
 garbage-first heap   total 184320K, used 158208K [0x00000000c2000000, 0x0000000100000000)
  region size 1024K, 46 young (47104K), 7 survivors (7168K)
 Metaspace       used 52106K, committed 52352K, reserved 1114112K
  class space    used 5936K, committed 6080K, reserved 1048576K
}
Event: 46.233 GC heap after
{Heap after GC invocations=39 (full 0):
 garbage-first heap   total 184320K, used 126976K [0x00000000c2000000, 0x0000000100000000)
  region size 1024K, 6 young (6144K), 6 survivors (6144K)
 Metaspace       used 52106K, committed 52352K, reserved 1114112K
  class space    used 5936K, committed 6080K, reserved 1048576K
}
Event: 47.478 GC heap before
{Heap before GC invocations=40 (full 0):
 garbage-first heap   total 211968K, used 162816K [0x00000000c2000000, 0x0000000100000000)
  region size 1024K, 41 young (41984K), 6 survivors (6144K)
 Metaspace       used 52107K, committed 52352K, reserved 1114112K
  class space    used 5936K, committed 6080K, reserved 1048576K
}
Event: 47.491 GC heap after
{Heap after GC invocations=41 (full 0):
 garbage-first heap   total 211968K, used 134584K [0x00000000c2000000, 0x0000000100000000)
  region size 1024K, 6 young (6144K), 6 survivors (6144K)
 Metaspace       used 52107K, committed 52352K, reserved 1114112K
  class space    used 5936K, committed 6080K, reserved 1048576K
}
Event: 48.493 GC heap before
{Heap before GC invocations=41 (full 0):
 garbage-first heap   total 211968K, used 184760K [0x00000000c2000000, 0x0000000100000000)
  region size 1024K, 55 young (56320K), 6 survivors (6144K)
 Metaspace       used 52107K, committed 52352K, reserved 1114112K
  class space    used 5936K, committed 6080K, reserved 1048576K
}
Event: 48.504 GC heap after
{Heap after GC invocations=42 (full 0):
 garbage-first heap   total 211968K, used 143066K [0x00000000c2000000, 0x0000000100000000)
  region size 1024K, 7 young (7168K), 7 survivors (7168K)
 Metaspace       used 52107K, committed 52352K, reserved 1114112K
  class space    used 5936K, committed 6080K, reserved 1048576K
}

