# JRE version: OpenJDK Runtime Environment Temurin-21.0.9+10 (21.0.9+10) (build 21.0.9+10-LTS)
# Java VM: OpenJDK 64-Bit Server VM Temurin-21.0.9+10 (21.0.9+10-LTS, mixed mode, sharing, tiered, compressed oops, compressed class ptrs, parallel gc, windows-amd64)
GC Precious Log:
 CardTable entry size: 512
 CPUs: 4 total, 4 available
 Memory: 3964M
 Large Page Support: Disabled
 NUMA Support: Disabled
 Compressed Oops: Enabled (32-bit)
 Alignments: Space 512K, Generation 512K, Heap 2M
 Heap Min Capacity: 100M
 Heap Initial Capacity: 100M
 Heap Max Capacity: 2G
 Pre-touch: Disabled
 Parallel Workers: 4
Heap:
 PSYoungGen      total 12800K, used 9042K [0x00000000d5580000, 0x00000000d6400000, 0x0000000100000000)
  eden space 12288K, 73% used [0x00000000d5580000,0x00000000d5e44a48,0x00000000d6180000)
  from space 512K, 12% used [0x00000000d6380000,0x00000000d6390000,0x00000000d6400000)
  to   space 512K, 0% used [0x00000000d6300000,0x00000000d6300000,0x00000000d6380000)
 ParOldGen       total 68608K, used 48670K [0x0000000080000000, 0x0000000084300000, 0x00000000d5580000)
  object space 68608K, 70% used [0x0000000080000000,0x0000000082f878b0,0x0000000084300000)
 Metaspace       used 68859K, committed 70336K, reserved 1114112K
  class space    used 8619K, committed 9344K, reserved 1048576K
GC Heap History (20 events):
Event: 15.288 GC heap before
{Heap before GC invocations=60 (full 3):
 PSYoungGen      total 12800K, used 12448K [0x00000000d5580000, 0x00000000d6680000, 0x0000000100000000)
  eden space 12288K, 100% used [0x00000000d5580000,0x00000000d6180000,0x00000000d6180000)
  from space 512K, 31% used [0x00000000d6600000,0x00000000d6628000,0x00000000d6680000)
  to   space 512K, 0% used [0x00000000d6580000,0x00000000d6580000,0x00000000d6600000)
 ParOldGen       total 68608K, used 43324K [0x0000000080000000, 0x0000000084300000, 0x00000000d5580000)
  object space 68608K, 63% used [0x0000000080000000,0x0000000082a4f358,0x0000000084300000)
 Metaspace       used 61263K, committed 62656K, reserved 1114112K
  class space    used 7695K, committed 8384K, reserved 1048576K
}
Event: 15.291 GC heap after
{Heap after GC invocations=60 (full 3):
 PSYoungGen      total 12800K, used 480K [0x00000000d5580000, 0x00000000d6680000, 0x0000000100000000)
  eden space 12288K, 0% used [0x00000000d5580000,0x00000000d5580000,0x00000000d6180000)
  from space 512K, 93% used [0x00000000d6580000,0x00000000d65f8010,0x00000000d6600000)
  to   space 512K, 0% used [0x00000000d6600000,0x00000000d6600000,0x00000000d6680000)
 ParOldGen       total 68608K, used 43420K [0x0000000080000000, 0x0000000084300000, 0x00000000d5580000)
  object space 68608K, 63% used [0x0000000080000000,0x0000000082a67358,0x0000000084300000)
 Metaspace       used 61263K, committed 62656K, reserved 1114112K
  class space    used 7695K, committed 8384K, reserved 1048576K
}
Event: 15.735 GC heap before
{Heap before GC invocations=61 (full 3):
 PSYoungGen      total 12800K, used 12768K [0x00000000d5580000, 0x00000000d6680000, 0x0000000100000000)
  eden space 12288K, 100% used [0x00000000d5580000,0x00000000d6180000,0x00000000d6180000)
  from space 512K, 93% used [0x00000000d6580000,0x00000000d65f8010,0x00000000d6600000)
  to   space 512K, 0% used [0x00000000d6600000,0x00000000d6600000,0x00000000d6680000)
 ParOldGen       total 68608K, used 43420K [0x0000000080000000, 0x0000000084300000, 0x00000000d5580000)
  object space 68608K, 63% used [0x0000000080000000,0x0000000082a67358,0x0000000084300000)
 Metaspace       used 62812K, committed 64192K, reserved 1114112K
  class space    used 7910K, committed 8576K, reserved 1048576K
}
Event: 15.738 GC heap after
{Heap after GC invocations=61 (full 3):
 PSYoungGen      total 12800K, used 512K [0x00000000d5580000, 0x00000000d6680000, 0x0000000100000000)
  eden space 12288K, 0% used [0x00000000d5580000,0x00000000d5580000,0x00000000d6180000)
  from space 512K, 100% used [0x00000000d6600000,0x00000000d6680000,0x00000000d6680000)
  to   space 1536K, 0% used [0x00000000d6380000,0x00000000d6380000,0x00000000d6500000)
 ParOldGen       total 68608K, used 43991K [0x0000000080000000, 0x0000000084300000, 0x00000000d5580000)
  object space 68608K, 64% used [0x0000000080000000,0x0000000082af5e10,0x0000000084300000)
 Metaspace       used 62812K, committed 64192K, reserved 1114112K
  class space    used 7910K, committed 8576K, reserved 1048576K
}
Event: 31.703 GC heap before
{Heap before GC invocations=62 (full 3):
 PSYoungGen      total 12800K, used 12800K [0x00000000d5580000, 0x00000000d6680000, 0x0000000100000000)
  eden space 12288K, 100% used [0x00000000d5580000,0x00000000d6180000,0x00000000d6180000)
  from space 512K, 100% used [0x00000000d6600000,0x00000000d6680000,0x00000000d6680000)
  to   space 1536K, 0% used [0x00000000d6380000,0x00000000d6380000,0x00000000d6500000)
 ParOldGen       total 68608K, used 43991K [0x0000000080000000, 0x0000000084300000, 0x00000000d5580000)
  object space 68608K, 64% used [0x0000000080000000,0x0000000082af5e10,0x0000000084300000)
 Metaspace       used 63870K, committed 65344K, reserved 1114112K
  class space    used 8044K, committed 8768K, reserved 1048576K
}
Event: 31.712 GC heap after
{Heap after GC invocations=62 (full 3):
 PSYoungGen      total 13824K, used 1088K [0x00000000d5580000, 0x00000000d6680000, 0x0000000100000000)
  eden space 12288K, 0% used [0x00000000d5580000,0x00000000d5580000,0x00000000d6180000)
  from space 1536K, 70% used [0x00000000d6380000,0x00000000d6490030,0x00000000d6500000)
  to   space 1536K, 0% used [0x00000000d6500000,0x00000000d6500000,0x00000000d6680000)
 ParOldGen       total 68608K, used 44500K [0x0000000080000000, 0x0000000084300000, 0x00000000d5580000)
  object space 68608K, 64% used [0x0000000080000000,0x0000000082b75358,0x0000000084300000)
 Metaspace       used 63870K, committed 65344K, reserved 1114112K
  class space    used 8044K, committed 8768K, reserved 1048576K
}
Event: 37.997 GC heap before
{Heap before GC invocations=63 (full 3):
 PSYoungGen      total 13824K, used 13376K [0x00000000d5580000, 0x00000000d6680000, 0x0000000100000000)
  eden space 12288K, 100% used [0x00000000d5580000,0x00000000d6180000,0x00000000d6180000)
  from space 1536K, 70% used [0x00000000d6380000,0x00000000d6490030,0x00000000d6500000)
  to   space 1536K, 0% used [0x00000000d6500000,0x00000000d6500000,0x00000000d6680000)
 ParOldGen       total 68608K, used 44500K [0x0000000080000000, 0x0000000084300000, 0x00000000d5580000)
  object space 68608K, 64% used [0x0000000080000000,0x0000000082b75358,0x0000000084300000)
 Metaspace       used 64186K, committed 65600K, reserved 1114112K
  class space    used 8050K, committed 8768K, reserved 1048576K
}
Event: 37.999 GC heap after
{Heap after GC invocations=63 (full 3):
 PSYoungGen      total 12800K, used 160K [0x00000000d5580000, 0x00000000d6580000, 0x0000000100000000)
  eden space 12288K, 0% used [0x00000000d5580000,0x00000000d5580000,0x00000000d6180000)
  from space 512K, 31% used [0x00000000d6500000,0x00000000d6528000,0x00000000d6580000)
  to   space 512K, 0% used [0x00000000d6480000,0x00000000d6480000,0x00000000d6500000)
 ParOldGen       total 68608K, used 45246K [0x0000000080000000, 0x0000000084300000, 0x00000000d5580000)
  object space 68608K, 65% used [0x0000000080000000,0x0000000082c2f818,0x0000000084300000)
 Metaspace       used 64186K, committed 65600K, reserved 1114112K
  class space    used 8050K, committed 8768K, reserved 1048576K
}
Event: 39.341 GC heap before
{Heap before GC invocations=64 (full 3):
 PSYoungGen      total 12800K, used 12448K [0x00000000d5580000, 0x00000000d6580000, 0x0000000100000000)
  eden space 12288K, 100% used [0x00000000d5580000,0x00000000d6180000,0x00000000d6180000)
  from space 512K, 31% used [0x00000000d6500000,0x00000000d6528000,0x00000000d6580000)
  to   space 512K, 0% used [0x00000000d6480000,0x00000000d6480000,0x00000000d6500000)
 ParOldGen       total 68608K, used 45246K [0x0000000080000000, 0x0000000084300000, 0x00000000d5580000)
  object space 68608K, 65% used [0x0000000080000000,0x0000000082c2f818,0x0000000084300000)
 Metaspace       used 64187K, committed 65600K, reserved 1114112K
  class space    used 8050K, committed 8768K, reserved 1048576K
}
Event: 39.342 GC heap after
{Heap after GC invocations=64 (full 3):
 PSYoungGen      total 12800K, used 96K [0x00000000d5580000, 0x00000000d6580000, 0x0000000100000000)
  eden space 12288K, 0% used [0x00000000d5580000,0x00000000d5580000,0x00000000d6180000)
  from space 512K, 18% used [0x00000000d6480000,0x00000000d6498000,0x00000000d6500000)
  to   space 512K, 0% used [0x00000000d6500000,0x00000000d6500000,0x00000000d6580000)
 ParOldGen       total 68608K, used 45366K [0x0000000080000000, 0x0000000084300000, 0x00000000d5580000)
  object space 68608K, 66% used [0x0000000080000000,0x0000000082c4d818,0x0000000084300000)
 Metaspace       used 64187K, committed 65600K, reserved 1114112K
  class space    used 8050K, committed 8768K, reserved 1048576K
}
Event: 40.028 GC heap before
{Heap before GC invocations=65 (full 3):
 PSYoungGen      total 12800K, used 12384K [0x00000000d5580000, 0x00000000d6580000, 0x0000000100000000)
  eden space 12288K, 100% used [0x00000000d5580000,0x00000000d6180000,0x00000000d6180000)
  from space 512K, 18% used [0x00000000d6480000,0x00000000d6498000,0x00000000d6500000)
  to   space 512K, 0% used [0x00000000d6500000,0x00000000d6500000,0x00000000d6580000)
 ParOldGen       total 68608K, used 45366K [0x0000000080000000, 0x0000000084300000, 0x00000000d5580000)
  object space 68608K, 66% used [0x0000000080000000,0x0000000082c4d818,0x0000000084300000)
 Metaspace       used 65159K, committed 66560K, reserved 1114112K
  class space    used 8161K, committed 8832K, reserved 1048576K
}
Event: 40.031 GC heap after
{Heap after GC invocations=65 (full 3):
 PSYoungGen      total 12800K, used 512K [0x00000000d5580000, 0x00000000d6580000, 0x0000000100000000)
  eden space 12288K, 0% used [0x00000000d5580000,0x00000000d5580000,0x00000000d6180000)
  from space 512K, 100% used [0x00000000d6500000,0x00000000d6580000,0x00000000d6580000)
  to   space 2048K, 0% used [0x00000000d6180000,0x00000000d6180000,0x00000000d6380000)
 ParOldGen       total 68608K, used 46236K [0x0000000080000000, 0x0000000084300000, 0x00000000d5580000)
  object space 68608K, 67% used [0x0000000080000000,0x0000000082d270a0,0x0000000084300000)
 Metaspace       used 65159K, committed 66560K, reserved 1114112K
  class space    used 8161K, committed 8832K, reserved 1048576K
}
Event: 40.200 GC heap before
{Heap before GC invocations=66 (full 3):
 PSYoungGen      total 12800K, used 12800K [0x00000000d5580000, 0x00000000d6580000, 0x0000000100000000)
  eden space 12288K, 100% used [0x00000000d5580000,0x00000000d6180000,0x00000000d6180000)
  from space 512K, 100% used [0x00000000d6500000,0x00000000d6580000,0x00000000d6580000)
  to   space 2048K, 0% used [0x00000000d6180000,0x00000000d6180000,0x00000000d6380000)
 ParOldGen       total 68608K, used 46236K [0x0000000080000000, 0x0000000084300000, 0x00000000d5580000)
  object space 68608K, 67% used [0x0000000080000000,0x0000000082d270a0,0x0000000084300000)
 Metaspace       used 66394K, committed 67840K, reserved 1114112K
  class space    used 8292K, committed 8960K, reserved 1048576K
}
Event: 40.202 GC heap after
{Heap after GC invocations=66 (full 3):
 PSYoungGen      total 14336K, used 1248K [0x00000000d5580000, 0x00000000d6580000, 0x0000000100000000)
  eden space 12288K, 0% used [0x00000000d5580000,0x00000000d5580000,0x00000000d6180000)
  from space 2048K, 60% used [0x00000000d6180000,0x00000000d62b8000,0x00000000d6380000)
  to   space 1536K, 0% used [0x00000000d6400000,0x00000000d6400000,0x00000000d6580000)
 ParOldGen       total 68608K, used 46735K [0x0000000080000000, 0x0000000084300000, 0x00000000d5580000)
  object space 68608K, 68% used [0x0000000080000000,0x0000000082da3cc8,0x0000000084300000)
 Metaspace       used 66394K, committed 67840K, reserved 1114112K
  class space    used 8292K, committed 8960K, reserved 1048576K
}
Event: 40.637 GC heap before
{Heap before GC invocations=67 (full 3):
 PSYoungGen      total 14336K, used 13536K [0x00000000d5580000, 0x00000000d6580000, 0x0000000100000000)
  eden space 12288K, 100% used [0x00000000d5580000,0x00000000d6180000,0x00000000d6180000)
  from space 2048K, 60% used [0x00000000d6180000,0x00000000d62b8000,0x00000000d6380000)
  to   space 1536K, 0% used [0x00000000d6400000,0x00000000d6400000,0x00000000d6580000)
 ParOldGen       total 68608K, used 46735K [0x0000000080000000, 0x0000000084300000, 0x00000000d5580000)
  object space 68608K, 68% used [0x0000000080000000,0x0000000082da3cc8,0x0000000084300000)
 Metaspace       used 67887K, committed 69312K, reserved 1114112K
  class space    used 8504K, committed 9152K, reserved 1048576K
}
Event: 40.640 GC heap after
{Heap after GC invocations=67 (full 3):
 PSYoungGen      total 12800K, used 489K [0x00000000d5580000, 0x00000000d6480000, 0x0000000100000000)
  eden space 12288K, 0% used [0x00000000d5580000,0x00000000d5580000,0x00000000d6180000)
  from space 512K, 95% used [0x00000000d6400000,0x00000000d647a460,0x00000000d6480000)
  to   space 1024K, 0% used [0x00000000d6280000,0x00000000d6280000,0x00000000d6380000)
 ParOldGen       total 68608K, used 47911K [0x0000000080000000, 0x0000000084300000, 0x00000000d5580000)
  object space 68608K, 69% used [0x0000000080000000,0x0000000082ec9cc8,0x0000000084300000)
 Metaspace       used 67887K, committed 69312K, reserved 1114112K
  class space    used 8504K, committed 9152K, reserved 1048576K
}
Event: 52.398 GC heap before
{Heap before GC invocations=68 (full 3):
 PSYoungGen      total 12800K, used 12777K [0x00000000d5580000, 0x00000000d6480000, 0x0000000100000000)
  eden space 12288K, 100% used [0x00000000d5580000,0x00000000d6180000,0x00000000d6180000)
  from space 512K, 95% used [0x00000000d6400000,0x00000000d647a460,0x00000000d6480000)
  to   space 1024K, 0% used [0x00000000d6280000,0x00000000d6280000,0x00000000d6380000)
 ParOldGen       total 68608K, used 47911K [0x0000000080000000, 0x0000000084300000, 0x00000000d5580000)
  object space 68608K, 69% used [0x0000000080000000,0x0000000082ec9cc8,0x0000000084300000)
 Metaspace       used 68858K, committed 70336K, reserved 1114112K
  class space    used 8619K, committed 9344K, reserved 1048576K
}
Event: 52.401 GC heap after
{Heap after GC invocations=68 (full 3):
 PSYoungGen      total 13312K, used 464K [0x00000000d5580000, 0x00000000d6480000, 0x0000000100000000)
  eden space 12288K, 0% used [0x00000000d5580000,0x00000000d5580000,0x00000000d6180000)
  from space 1024K, 45% used [0x00000000d6280000,0x00000000d62f4030,0x00000000d6380000)
  to   space 1024K, 0% used [0x00000000d6380000,0x00000000d6380000,0x00000000d6480000)
 ParOldGen       total 68608K, used 48290K [0x0000000080000000, 0x0000000084300000, 0x00000000d5580000)
  object space 68608K, 70% used [0x0000000080000000,0x0000000082f28810,0x0000000084300000)
 Metaspace       used 68858K, committed 70336K, reserved 1114112K
  class space    used 8619K, committed 9344K, reserved 1048576K
}
Event: 53.513 GC heap before
{Heap before GC invocations=69 (full 3):
 PSYoungGen      total 13312K, used 12752K [0x00000000d5580000, 0x00000000d6480000, 0x0000000100000000)
  eden space 12288K, 100% used [0x00000000d5580000,0x00000000d6180000,0x00000000d6180000)
  from space 1024K, 45% used [0x00000000d6280000,0x00000000d62f4030,0x00000000d6380000)
  to   space 1024K, 0% used [0x00000000d6380000,0x00000000d6380000,0x00000000d6480000)
 ParOldGen       total 68608K, used 48290K [0x0000000080000000, 0x0000000084300000, 0x00000000d5580000)
  object space 68608K, 70% used [0x0000000080000000,0x0000000082f28810,0x0000000084300000)
 Metaspace       used 68859K, committed 70336K, reserved 1114112K
  class space    used 8619K, committed 9344K, reserved 1048576K
}
Event: 53.515 GC heap after
{Heap after GC invocations=69 (full 3):
 PSYoungGen      total 12800K, used 64K [0x00000000d5580000, 0x00000000d6400000, 0x0000000100000000)
  eden space 12288K, 0% used [0x00000000d5580000,0x00000000d5580000,0x00000000d6180000)
  from space 512K, 12% used [0x00000000d6380000,0x00000000d6390000,0x00000000d6400000)
  to   space 512K, 0% used [0x00000000d6300000,0x00000000d6300000,0x00000000d6380000)
 ParOldGen       total 68608K, used 48670K [0x0000000080000000, 0x0000000084300000, 0x00000000d5580000)
  object space 68608K, 70% used [0x0000000080000000,0x0000000082f878b0,0x0000000084300000)
 Metaspace       used 68859K, committed 70336K, reserved 1114112K
  class space    used 8619K, committed 9344K, reserved 1048576K
}

