# JRE version: OpenJDK Runtime Environment Temurin-21.0.9+10 (21.0.9+10) (build 21.0.9+10-LTS)
# Java VM: OpenJDK 64-Bit Server VM Temurin-21.0.9+10 (21.0.9+10-LTS, mixed mode, sharing, tiered, compressed oops, compressed class ptrs, parallel gc, windows-amd64)
GC Precious Log:
 CardTable entry size: 512
 CPUs: 4 total, 4 available
 Memory: 3964M
 Large Page Support: Disabled
 NUMA Support: Disabled
 Compressed Oops: Enabled (32-bit)
 Alignments: Space 512K, Generation 512K, Heap 2M
 Heap Min Capacity: 100M
 Heap Initial Capacity: 100M
 Heap Max Capacity: 2G
 Pre-touch: Disabled
 Parallel Workers: 4
Heap:
 PSYoungGen      total 14848K, used 14344K [0x00000000d5580000, 0x00000000d6d80000, 0x0000000100000000)
  eden space 14336K, 96% used [0x00000000d5580000,0x00000000d6303ba8,0x00000000d6380000)
  from space 512K, 98% used [0x00000000d6880000,0x00000000d68fe5d0,0x00000000d6900000)
  to   space 4608K, 0% used [0x00000000d6900000,0x00000000d6900000,0x00000000d6d80000)
 ParOldGen       total 68608K, used 59288K [0x0000000080000000, 0x0000000084300000, 0x00000000d5580000)
  object space 68608K, 86% used [0x0000000080000000,0x00000000839e6370,0x0000000084300000)
 Metaspace       used 68031K, committed 69440K, reserved 1114112K
  class space    used 8522K, committed 9088K, reserved 1048576K
GC Heap History (20 events):
Event: 48.262 GC heap before
{Heap before GC invocations=59 (full 3):
 PSYoungGen      total 14848K, used 14817K [0x00000000d5580000, 0x00000000d6a00000, 0x0000000100000000)
  eden space 14336K, 100% used [0x00000000d5580000,0x00000000d6380000,0x00000000d6380000)
  from space 512K, 94% used [0x00000000d6900000,0x00000000d6978750,0x00000000d6980000)
  to   space 512K, 0% used [0x00000000d6980000,0x00000000d6980000,0x00000000d6a00000)
 ParOldGen       total 68608K, used 53804K [0x0000000080000000, 0x0000000084300000, 0x00000000d5580000)
  object space 68608K, 78% used [0x0000000080000000,0x000000008348b3d8,0x0000000084300000)
 Metaspace       used 61312K, committed 62656K, reserved 1114112K
  class space    used 7620K, committed 8192K, reserved 1048576K
}
Event: 48.263 GC heap after
{Heap after GC invocations=59 (full 3):
 PSYoungGen      total 14848K, used 507K [0x00000000d5580000, 0x00000000d6a00000, 0x0000000100000000)
  eden space 14336K, 0% used [0x00000000d5580000,0x00000000d5580000,0x00000000d6380000)
  from space 512K, 99% used [0x00000000d6980000,0x00000000d69fecb8,0x00000000d6a00000)
  to   space 1024K, 0% used [0x00000000d6800000,0x00000000d6800000,0x00000000d6900000)
 ParOldGen       total 68608K, used 53916K [0x0000000080000000, 0x0000000084300000, 0x00000000d5580000)
  object space 68608K, 78% used [0x0000000080000000,0x00000000834a70a8,0x0000000084300000)
 Metaspace       used 61312K, committed 62656K, reserved 1114112K
  class space    used 7620K, committed 8192K, reserved 1048576K
}
Event: 48.443 GC heap before
{Heap before GC invocations=60 (full 3):
 PSYoungGen      total 14848K, used 14843K [0x00000000d5580000, 0x00000000d6a00000, 0x0000000100000000)
  eden space 14336K, 100% used [0x00000000d5580000,0x00000000d6380000,0x00000000d6380000)
  from space 512K, 99% used [0x00000000d6980000,0x00000000d69fecb8,0x00000000d6a00000)
  to   space 1024K, 0% used [0x00000000d6800000,0x00000000d6800000,0x00000000d6900000)
 ParOldGen       total 68608K, used 53916K [0x0000000080000000, 0x0000000084300000, 0x00000000d5580000)
  object space 68608K, 78% used [0x0000000080000000,0x00000000834a70a8,0x0000000084300000)
 Metaspace       used 61312K, committed 62656K, reserved 1114112K
  class space    used 7620K, committed 8192K, reserved 1048576K
}
Event: 48.445 GC heap after
{Heap after GC invocations=60 (full 3):
 PSYoungGen      total 15360K, used 96K [0x00000000d5580000, 0x00000000d6a00000, 0x0000000100000000)
  eden space 14336K, 0% used [0x00000000d5580000,0x00000000d5580000,0x00000000d6380000)
  from space 1024K, 9% used [0x00000000d6800000,0x00000000d6818000,0x00000000d6900000)
  to   space 512K, 0% used [0x00000000d6980000,0x00000000d6980000,0x00000000d6a00000)
 ParOldGen       total 68608K, used 54267K [0x0000000080000000, 0x0000000084300000, 0x00000000d5580000)
  object space 68608K, 79% used [0x0000000080000000,0x00000000834fedb0,0x0000000084300000)
 Metaspace       used 61312K, committed 62656K, reserved 1114112K
  class space    used 7620K, committed 8192K, reserved 1048576K
}
Event: 48.634 GC heap before
{Heap before GC invocations=61 (full 3):
 PSYoungGen      total 15360K, used 14432K [0x00000000d5580000, 0x00000000d6a00000, 0x0000000100000000)
  eden space 14336K, 100% used [0x00000000d5580000,0x00000000d6380000,0x00000000d6380000)
  from space 1024K, 9% used [0x00000000d6800000,0x00000000d6818000,0x00000000d6900000)
  to   space 512K, 0% used [0x00000000d6980000,0x00000000d6980000,0x00000000d6a00000)
 ParOldGen       total 68608K, used 54267K [0x0000000080000000, 0x0000000084300000, 0x00000000d5580000)
  object space 68608K, 79% used [0x0000000080000000,0x00000000834fedb0,0x0000000084300000)
 Metaspace       used 61313K, committed 62656K, reserved 1114112K
  class space    used 7620K, committed 8192K, reserved 1048576K
}
Event: 48.636 GC heap after
{Heap after GC invocations=61 (full 3):
 PSYoungGen      total 14848K, used 497K [0x00000000d5580000, 0x00000000d6a00000, 0x0000000100000000)
  eden space 14336K, 0% used [0x00000000d5580000,0x00000000d5580000,0x00000000d6380000)
  from space 512K, 97% used [0x00000000d6980000,0x00000000d69fc638,0x00000000d6a00000)
  to   space 1536K, 0% used [0x00000000d6700000,0x00000000d6700000,0x00000000d6880000)
 ParOldGen       total 68608K, used 54688K [0x0000000080000000, 0x0000000084300000, 0x00000000d5580000)
  object space 68608K, 79% used [0x0000000080000000,0x00000000835682a0,0x0000000084300000)
 Metaspace       used 61313K, committed 62656K, reserved 1114112K
  class space    used 7620K, committed 8192K, reserved 1048576K
}
Event: 48.805 GC heap before
{Heap before GC invocations=62 (full 3):
 PSYoungGen      total 14848K, used 14833K [0x00000000d5580000, 0x00000000d6a00000, 0x0000000100000000)
  eden space 14336K, 100% used [0x00000000d5580000,0x00000000d6380000,0x00000000d6380000)
  from space 512K, 97% used [0x00000000d6980000,0x00000000d69fc638,0x00000000d6a00000)
  to   space 1536K, 0% used [0x00000000d6700000,0x00000000d6700000,0x00000000d6880000)
 ParOldGen       total 68608K, used 54688K [0x0000000080000000, 0x0000000084300000, 0x00000000d5580000)
  object space 68608K, 79% used [0x0000000080000000,0x00000000835682a0,0x0000000084300000)
 Metaspace       used 61313K, committed 62656K, reserved 1114112K
  class space    used 7620K, committed 8192K, reserved 1048576K
}
Event: 48.806 GC heap after
{Heap after GC invocations=62 (full 3):
 PSYoungGen      total 15872K, used 492K [0x00000000d5580000, 0x00000000d6a00000, 0x0000000100000000)
  eden space 14336K, 0% used [0x00000000d5580000,0x00000000d5580000,0x00000000d6380000)
  from space 1536K, 32% used [0x00000000d6700000,0x00000000d677b0a0,0x00000000d6880000)
  to   space 1024K, 0% used [0x00000000d6900000,0x00000000d6900000,0x00000000d6a00000)
 ParOldGen       total 68608K, used 54728K [0x0000000080000000, 0x0000000084300000, 0x00000000d5580000)
  object space 68608K, 79% used [0x0000000080000000,0x00000000835722a0,0x0000000084300000)
 Metaspace       used 61313K, committed 62656K, reserved 1114112K
  class space    used 7620K, committed 8192K, reserved 1048576K
}
Event: 48.982 GC heap before
{Heap before GC invocations=63 (full 3):
 PSYoungGen      total 15872K, used 14828K [0x00000000d5580000, 0x00000000d6a00000, 0x0000000100000000)
  eden space 14336K, 100% used [0x00000000d5580000,0x00000000d6380000,0x00000000d6380000)
  from space 1536K, 32% used [0x00000000d6700000,0x00000000d677b0a0,0x00000000d6880000)
  to   space 1024K, 0% used [0x00000000d6900000,0x00000000d6900000,0x00000000d6a00000)
 ParOldGen       total 68608K, used 54728K [0x0000000080000000, 0x0000000084300000, 0x00000000d5580000)
  object space 68608K, 79% used [0x0000000080000000,0x00000000835722a0,0x0000000084300000)
 Metaspace       used 61313K, committed 62656K, reserved 1114112K
  class space    used 7620K, committed 8192K, reserved 1048576K
}
Event: 48.983 GC heap after
{Heap after GC invocations=63 (full 3):
 PSYoungGen      total 15360K, used 759K [0x00000000d5580000, 0x00000000d6a00000, 0x0000000100000000)
  eden space 14336K, 0% used [0x00000000d5580000,0x00000000d5580000,0x00000000d6380000)
  from space 1024K, 74% used [0x00000000d6900000,0x00000000d69bde88,0x00000000d6a00000)
  to   space 1024K, 0% used [0x00000000d6800000,0x00000000d6800000,0x00000000d6900000)
 ParOldGen       total 68608K, used 54802K [0x0000000080000000, 0x0000000084300000, 0x00000000d5580000)
  object space 68608K, 79% used [0x0000000080000000,0x0000000083584b08,0x0000000084300000)
 Metaspace       used 61313K, committed 62656K, reserved 1114112K
  class space    used 7620K, committed 8192K, reserved 1048576K
}
Event: 49.114 GC heap before
{Heap before GC invocations=64 (full 3):
 PSYoungGen      total 15360K, used 15095K [0x00000000d5580000, 0x00000000d6a00000, 0x0000000100000000)
  eden space 14336K, 100% used [0x00000000d5580000,0x00000000d6380000,0x00000000d6380000)
  from space 1024K, 74% used [0x00000000d6900000,0x00000000d69bde88,0x00000000d6a00000)
  to   space 1024K, 0% used [0x00000000d6800000,0x00000000d6800000,0x00000000d6900000)
 ParOldGen       total 68608K, used 54802K [0x0000000080000000, 0x0000000084300000, 0x00000000d5580000)
  object space 68608K, 79% used [0x0000000080000000,0x0000000083584b08,0x0000000084300000)
 Metaspace       used 61313K, committed 62656K, reserved 1114112K
  class space    used 7620K, committed 8192K, reserved 1048576K
}
Event: 49.116 GC heap after
{Heap after GC invocations=64 (full 3):
 PSYoungGen      total 15360K, used 703K [0x00000000d5580000, 0x00000000d6980000, 0x0000000100000000)
  eden space 14336K, 0% used [0x00000000d5580000,0x00000000d5580000,0x00000000d6380000)
  from space 1024K, 68% used [0x00000000d6800000,0x00000000d68affe0,0x00000000d6900000)
  to   space 512K, 0% used [0x00000000d6900000,0x00000000d6900000,0x00000000d6980000)
 ParOldGen       total 68608K, used 54834K [0x0000000080000000, 0x0000000084300000, 0x00000000d5580000)
  object space 68608K, 79% used [0x0000000080000000,0x000000008358cb08,0x0000000084300000)
 Metaspace       used 61313K, committed 62656K, reserved 1114112K
  class space    used 7620K, committed 8192K, reserved 1048576K
}
Event: 49.254 GC heap before
{Heap before GC invocations=65 (full 3):
 PSYoungGen      total 15360K, used 15039K [0x00000000d5580000, 0x00000000d6980000, 0x0000000100000000)
  eden space 14336K, 100% used [0x00000000d5580000,0x00000000d6380000,0x00000000d6380000)
  from space 1024K, 68% used [0x00000000d6800000,0x00000000d68affe0,0x00000000d6900000)
  to   space 512K, 0% used [0x00000000d6900000,0x00000000d6900000,0x00000000d6980000)
 ParOldGen       total 68608K, used 54834K [0x0000000080000000, 0x0000000084300000, 0x00000000d5580000)
  object space 68608K, 79% used [0x0000000080000000,0x000000008358cb08,0x0000000084300000)
 Metaspace       used 61313K, committed 62656K, reserved 1114112K
  class space    used 7620K, committed 8192K, reserved 1048576K
}
Event: 49.255 GC heap after
{Heap after GC invocations=65 (full 3):
 PSYoungGen      total 14848K, used 128K [0x00000000d5580000, 0x00000000d6980000, 0x0000000100000000)
  eden space 14336K, 0% used [0x00000000d5580000,0x00000000d5580000,0x00000000d6380000)
  from space 512K, 25% used [0x00000000d6900000,0x00000000d6920000,0x00000000d6980000)
  to   space 512K, 0% used [0x00000000d6880000,0x00000000d6880000,0x00000000d6900000)
 ParOldGen       total 68608K, used 54934K [0x0000000080000000, 0x0000000084300000, 0x00000000d5580000)
  object space 68608K, 80% used [0x0000000080000000,0x00000000835a5828,0x0000000084300000)
 Metaspace       used 61313K, committed 62656K, reserved 1114112K
  class space    used 7620K, committed 8192K, reserved 1048576K
}
Event: 49.608 GC heap before
{Heap before GC invocations=66 (full 3):
 PSYoungGen      total 14848K, used 14464K [0x00000000d5580000, 0x00000000d6980000, 0x0000000100000000)
  eden space 14336K, 100% used [0x00000000d5580000,0x00000000d6380000,0x00000000d6380000)
  from space 512K, 25% used [0x00000000d6900000,0x00000000d6920000,0x00000000d6980000)
  to   space 512K, 0% used [0x00000000d6880000,0x00000000d6880000,0x00000000d6900000)
 ParOldGen       total 68608K, used 54934K [0x0000000080000000, 0x0000000084300000, 0x00000000d5580000)
  object space 68608K, 80% used [0x0000000080000000,0x00000000835a5828,0x0000000084300000)
 Metaspace       used 62868K, committed 64320K, reserved 1114112K
  class space    used 7860K, committed 8448K, reserved 1048576K
}
Event: 49.610 GC heap after
{Heap after GC invocations=66 (full 3):
 PSYoungGen      total 14848K, used 512K [0x00000000d5580000, 0x00000000d6980000, 0x0000000100000000)
  eden space 14336K, 0% used [0x00000000d5580000,0x00000000d5580000,0x00000000d6380000)
  from space 512K, 100% used [0x00000000d6880000,0x00000000d6900000,0x00000000d6900000)
  to   space 512K, 0% used [0x00000000d6900000,0x00000000d6900000,0x00000000d6980000)
 ParOldGen       total 68608K, used 54990K [0x0000000080000000, 0x0000000084300000, 0x00000000d5580000)
  object space 68608K, 80% used [0x0000000080000000,0x00000000835b3838,0x0000000084300000)
 Metaspace       used 62868K, committed 64320K, reserved 1114112K
  class space    used 7860K, committed 8448K, reserved 1048576K
}
Event: 50.434 GC heap before
{Heap before GC invocations=67 (full 3):
 PSYoungGen      total 14848K, used 14742K [0x00000000d5580000, 0x00000000d6980000, 0x0000000100000000)
  eden space 14336K, 99% used [0x00000000d5580000,0x00000000d6365a98,0x00000000d6380000)
  from space 512K, 100% used [0x00000000d6880000,0x00000000d6900000,0x00000000d6900000)
  to   space 512K, 0% used [0x00000000d6900000,0x00000000d6900000,0x00000000d6980000)
 ParOldGen       total 68608K, used 54990K [0x0000000080000000, 0x0000000084300000, 0x00000000d5580000)
  object space 68608K, 80% used [0x0000000080000000,0x00000000835b3838,0x0000000084300000)
 Metaspace       used 64323K, committed 65728K, reserved 1114112K
  class space    used 8077K, committed 8640K, reserved 1048576K
}
Event: 50.438 GC heap after
{Heap after GC invocations=67 (full 3):
 PSYoungGen      total 14848K, used 384K [0x00000000d5580000, 0x00000000d6980000, 0x0000000100000000)
  eden space 14336K, 0% used [0x00000000d5580000,0x00000000d5580000,0x00000000d6380000)
  from space 512K, 75% used [0x00000000d6900000,0x00000000d6960000,0x00000000d6980000)
  to   space 512K, 0% used [0x00000000d6880000,0x00000000d6880000,0x00000000d6900000)
 ParOldGen       total 68608K, used 55701K [0x0000000080000000, 0x0000000084300000, 0x00000000d5580000)
  object space 68608K, 81% used [0x0000000080000000,0x0000000083665658,0x0000000084300000)
 Metaspace       used 64323K, committed 65728K, reserved 1114112K
  class space    used 8077K, committed 8640K, reserved 1048576K
}
Event: 50.986 GC heap before
{Heap before GC invocations=68 (full 3):
 PSYoungGen      total 14848K, used 14719K [0x00000000d5580000, 0x00000000d6980000, 0x0000000100000000)
  eden space 14336K, 99% used [0x00000000d5580000,0x00000000d637fe20,0x00000000d6380000)
  from space 512K, 75% used [0x00000000d6900000,0x00000000d6960000,0x00000000d6980000)
  to   space 512K, 0% used [0x00000000d6880000,0x00000000d6880000,0x00000000d6900000)
 ParOldGen       total 68608K, used 55701K [0x0000000080000000, 0x0000000084300000, 0x00000000d5580000)
  object space 68608K, 81% used [0x0000000080000000,0x0000000083665658,0x0000000084300000)
 Metaspace       used 65559K, committed 67072K, reserved 1114112K
  class space    used 8203K, committed 8832K, reserved 1048576K
}
Event: 50.995 GC heap after
{Heap after GC invocations=68 (full 3):
 PSYoungGen      total 14848K, used 505K [0x00000000d5580000, 0x00000000d6d80000, 0x0000000100000000)
  eden space 14336K, 0% used [0x00000000d5580000,0x00000000d5580000,0x00000000d6380000)
  from space 512K, 98% used [0x00000000d6880000,0x00000000d68fe5d0,0x00000000d6900000)
  to   space 4608K, 0% used [0x00000000d6900000,0x00000000d6900000,0x00000000d6d80000)
 ParOldGen       total 68608K, used 59288K [0x0000000080000000, 0x0000000084300000, 0x00000000d5580000)
  object space 68608K, 86% used [0x0000000080000000,0x00000000839e6370,0x0000000084300000)
 Metaspace       used 65559K, committed 67072K, reserved 1114112K
  class space    used 8203K, committed 8832K, reserved 1048576K
}

