# JRE version: OpenJDK Runtime Environment Temurin-17.0.15+6 (17.0.15+6) (build 17.0.15+6)
# Java VM: OpenJDK 64-Bit Server VM Temurin-17.0.15+6 (17.0.15+6, mixed mode, sharing, tiered, compressed oops, compressed class ptrs, g1 gc, windows-amd64)
GC Precious Log:
 CPUs: 4 total, 4 available
 Memory: 3964M
 Large Page Support: Disabled
 NUMA Support: Disabled
 Compressed Oops: Enabled (32-bit)
 Heap Region Size: 1M
 Heap Min Capacity: 8M
 Heap Initial Capacity: 62M
 Heap Max Capacity: 2G
 Pre-touch: Disabled
 Parallel Workers: 4
 Concurrent Workers: 1
 Concurrent Refinement Workers: 4
 Periodic GC: Disabled
Heap:
 garbage-first heap   total 97280K, used 60653K [0x0000000080000000, 0x0000000100000000)
  region size 1024K, 10 young (10240K), 3 survivors (3072K)
 Metaspace       used 56784K, committed 57344K, reserved 1114112K
  class space    used 7855K, committed 8128K, reserved 1048576K
GC Heap History (20 events):
Event: 17.846 GC heap before
{Heap before GC invocations=21 (full 0):
 garbage-first heap   total 76800K, used 62807K [0x0000000080000000, 0x0000000100000000)
  region size 1024K, 26 young (26624K), 3 survivors (3072K)
 Metaspace       used 45505K, committed 46144K, reserved 1114112K
  class space    used 6294K, committed 6592K, reserved 1048576K
}
Event: 17.852 GC heap after
{Heap after GC invocations=22 (full 0):
 garbage-first heap   total 76800K, used 40154K [0x0000000080000000, 0x0000000100000000)
  region size 1024K, 2 young (2048K), 2 survivors (2048K)
 Metaspace       used 45505K, committed 46144K, reserved 1114112K
  class space    used 6294K, committed 6592K, reserved 1048576K
}
Event: 18.273 GC heap before
{Heap before GC invocations=23 (full 0):
 garbage-first heap   total 76800K, used 62682K [0x0000000080000000, 0x0000000100000000)
  region size 1024K, 24 young (24576K), 2 survivors (2048K)
 Metaspace       used 48223K, committed 48832K, reserved 1114112K
  class space    used 6676K, committed 6976K, reserved 1048576K
}
Event: 18.279 GC heap after
{Heap after GC invocations=24 (full 0):
 garbage-first heap   total 76800K, used 41151K [0x0000000080000000, 0x0000000100000000)
  region size 1024K, 2 young (2048K), 2 survivors (2048K)
 Metaspace       used 48223K, committed 48832K, reserved 1114112K
  class space    used 6676K, committed 6976K, reserved 1048576K
}
Event: 18.746 GC heap before
{Heap before GC invocations=24 (full 0):
 garbage-first heap   total 76800K, used 63679K [0x0000000080000000, 0x0000000100000000)
  region size 1024K, 24 young (24576K), 2 survivors (2048K)
 Metaspace       used 50713K, committed 51328K, reserved 1114112K
  class space    used 7035K, committed 7296K, reserved 1048576K
}
Event: 18.752 GC heap after
{Heap after GC invocations=25 (full 0):
 garbage-first heap   total 92160K, used 43201K [0x0000000080000000, 0x0000000100000000)
  region size 1024K, 3 young (3072K), 3 survivors (3072K)
 Metaspace       used 50713K, committed 51328K, reserved 1114112K
  class space    used 7035K, committed 7296K, reserved 1048576K
}
Event: 19.836 GC heap before
{Heap before GC invocations=26 (full 0):
 garbage-first heap   total 92160K, used 75969K [0x0000000080000000, 0x0000000100000000)
  region size 1024K, 35 young (35840K), 3 survivors (3072K)
 Metaspace       used 53123K, committed 53760K, reserved 1114112K
  class space    used 7402K, committed 7680K, reserved 1048576K
}
Event: 19.844 GC heap after
{Heap after GC invocations=27 (full 0):
 garbage-first heap   total 92160K, used 45349K [0x0000000080000000, 0x0000000100000000)
  region size 1024K, 5 young (5120K), 5 survivors (5120K)
 Metaspace       used 53123K, committed 53760K, reserved 1114112K
  class space    used 7402K, committed 7680K, reserved 1048576K
}
Event: 20.878 GC heap before
{Heap before GC invocations=27 (full 0):
 garbage-first heap   total 92160K, used 75045K [0x0000000080000000, 0x0000000100000000)
  region size 1024K, 34 young (34816K), 5 survivors (5120K)
 Metaspace       used 55379K, committed 55936K, reserved 1114112K
  class space    used 7739K, committed 8000K, reserved 1048576K
}
Event: 20.889 GC heap after
{Heap after GC invocations=28 (full 0):
 garbage-first heap   total 92160K, used 48349K [0x0000000080000000, 0x0000000100000000)
  region size 1024K, 5 young (5120K), 5 survivors (5120K)
 Metaspace       used 55379K, committed 55936K, reserved 1114112K
  class space    used 7739K, committed 8000K, reserved 1048576K
}
Event: 21.771 GC heap before
{Heap before GC invocations=29 (full 0):
 garbage-first heap   total 92160K, used 73949K [0x0000000080000000, 0x0000000100000000)
  region size 1024K, 31 young (31744K), 5 survivors (5120K)
 Metaspace       used 56216K, committed 56832K, reserved 1114112K
  class space    used 7829K, committed 8128K, reserved 1048576K
}
Event: 21.784 GC heap after
{Heap after GC invocations=30 (full 0):
 garbage-first heap   total 92160K, used 52572K [0x0000000080000000, 0x0000000100000000)
  region size 1024K, 4 young (4096K), 4 survivors (4096K)
 Metaspace       used 56216K, committed 56832K, reserved 1114112K
  class space    used 7829K, committed 8128K, reserved 1048576K
}
Event: 22.356 GC heap before
{Heap before GC invocations=30 (full 0):
 garbage-first heap   total 92160K, used 73052K [0x0000000080000000, 0x0000000100000000)
  region size 1024K, 25 young (25600K), 4 survivors (4096K)
 Metaspace       used 56394K, committed 57024K, reserved 1114112K
  class space    used 7829K, committed 8128K, reserved 1048576K
}
Event: 22.364 GC heap after
{Heap after GC invocations=31 (full 0):
 garbage-first heap   total 92160K, used 54694K [0x0000000080000000, 0x0000000100000000)
  region size 1024K, 4 young (4096K), 4 survivors (4096K)
 Metaspace       used 56394K, committed 57024K, reserved 1114112K
  class space    used 7829K, committed 8128K, reserved 1048576K
}
Event: 23.068 GC heap before
{Heap before GC invocations=32 (full 0):
 garbage-first heap   total 97280K, used 74150K [0x0000000080000000, 0x0000000100000000)
  region size 1024K, 24 young (24576K), 4 survivors (4096K)
 Metaspace       used 56633K, committed 57280K, reserved 1114112K
  class space    used 7855K, committed 8128K, reserved 1048576K
}
Event: 23.074 GC heap after
{Heap after GC invocations=33 (full 0):
 garbage-first heap   total 97280K, used 55113K [0x0000000080000000, 0x0000000100000000)
  region size 1024K, 3 young (3072K), 3 survivors (3072K)
 Metaspace       used 56633K, committed 57280K, reserved 1114112K
  class space    used 7855K, committed 8128K, reserved 1048576K
}
Event: 23.095 GC heap before
{Heap before GC invocations=33 (full 0):
 garbage-first heap   total 97280K, used 56137K [0x0000000080000000, 0x0000000100000000)
  region size 1024K, 4 young (4096K), 3 survivors (3072K)
 Metaspace       used 56635K, committed 57280K, reserved 1114112K
  class space    used 7855K, committed 8128K, reserved 1048576K
}
Event: 23.099 GC heap after
{Heap after GC invocations=34 (full 0):
 garbage-first heap   total 97280K, used 54422K [0x0000000080000000, 0x0000000100000000)
  region size 1024K, 1 young (1024K), 1 survivors (1024K)
 Metaspace       used 56635K, committed 57280K, reserved 1114112K
  class space    used 7855K, committed 8128K, reserved 1048576K
}
Event: 23.554 GC heap before
{Heap before GC invocations=34 (full 0):
 garbage-first heap   total 97280K, used 76950K [0x0000000080000000, 0x0000000100000000)
  region size 1024K, 23 young (23552K), 1 survivors (1024K)
 Metaspace       used 56760K, committed 57344K, reserved 1114112K
  class space    used 7855K, committed 8128K, reserved 1048576K
}
Event: 23.558 GC heap after
{Heap after GC invocations=35 (full 0):
 garbage-first heap   total 97280K, used 56557K [0x0000000080000000, 0x0000000100000000)
  region size 1024K, 3 young (3072K), 3 survivors (3072K)
 Metaspace       used 56760K, committed 57344K, reserved 1114112K
  class space    used 7855K, committed 8128K, reserved 1048576K
}

