# JRE version: OpenJDK Runtime Environment (21.0.8) (build 21.0.8+-14018985-b1038.68)
# Java VM: OpenJDK 64-Bit Server VM (21.0.8+-14018985-b1038.68, mixed mode, tiered, compressed oops, compressed class ptrs, g1 gc, windows-amd64)
GC Precious Log:
 CardTable entry size: 512
 Card Set container configuration: InlinePtr #cards 5 size 8 Array Of Cards #cards 12 size 40 Howl #buckets 4 coarsen threshold 1843 Howl Bitmap #cards 512 size 80 coarsen threshold 460 Card regions per heap region 1 cards per card region 2048
 CPUs: 4 total, 4 available
 Memory: 3964M
 Large Page Support: Disabled
 NUMA Support: Disabled
 Compressed Oops: Enabled (32-bit)
 Heap Region Size: 1M
 Heap Min Capacity: 8M
 Heap Initial Capacity: 62M
 Heap Max Capacity: 2G
 Pre-touch: Disabled
 Parallel Workers: 4
 Concurrent Workers: 1
 Concurrent Refinement Workers: 4
 Periodic GC: Disabled
Heap:
 garbage-first heap   total 168960K, used 142801K [0x0000000080000000, 0x0000000100000000)
  region size 1024K, 44 young (45056K), 5 survivors (5120K)
 Metaspace       used 117136K, committed 119360K, reserved 1179648K
  class space    used 16401K, committed 17472K, reserved 1048576K
GC Heap History (20 events):
Event: 164.734 GC heap before
{Heap before GC invocations=51 (full 0):
 garbage-first heap   total 140288K, used 118591K [0x0000000080000000, 0x0000000100000000)
  region size 1024K, 39 young (39936K), 5 survivors (5120K)
 Metaspace       used 87301K, committed 89152K, reserved 1179648K
  class space    used 11994K, committed 12928K, reserved 1048576K
}
Event: 164.759 GC heap after
{Heap after GC invocations=52 (full 0):
 garbage-first heap   total 140288K, used 82480K [0x0000000080000000, 0x0000000100000000)
  region size 1024K, 5 young (5120K), 5 survivors (5120K)
 Metaspace       used 87301K, committed 89152K, reserved 1179648K
  class space    used 11994K, committed 12928K, reserved 1048576K
}
Event: 168.286 GC heap before
{Heap before GC invocations=52 (full 0):
 garbage-first heap   total 140288K, used 124464K [0x0000000080000000, 0x0000000100000000)
  region size 1024K, 46 young (47104K), 5 survivors (5120K)
 Metaspace       used 90824K, committed 92736K, reserved 1179648K
  class space    used 12453K, committed 13376K, reserved 1048576K
}
Event: 168.303 GC heap after
{Heap after GC invocations=53 (full 0):
 garbage-first heap   total 140288K, used 84420K [0x0000000080000000, 0x0000000100000000)
  region size 1024K, 3 young (3072K), 3 survivors (3072K)
 Metaspace       used 90824K, committed 92736K, reserved 1179648K
  class space    used 12453K, committed 13376K, reserved 1048576K
}
Event: 170.175 GC heap before
{Heap before GC invocations=53 (full 0):
 garbage-first heap   total 140288K, used 99780K [0x0000000080000000, 0x0000000100000000)
  region size 1024K, 19 young (19456K), 3 survivors (3072K)
 Metaspace       used 93025K, committed 94976K, reserved 1179648K
  class space    used 12743K, committed 13696K, reserved 1048576K
}
Event: 170.181 GC heap after
{Heap after GC invocations=54 (full 0):
 garbage-first heap   total 140288K, used 84940K [0x0000000080000000, 0x0000000100000000)
  region size 1024K, 3 young (3072K), 3 survivors (3072K)
 Metaspace       used 93025K, committed 94976K, reserved 1179648K
  class space    used 12743K, committed 13696K, reserved 1048576K
}
Event: 173.302 GC heap before
{Heap before GC invocations=55 (full 0):
 garbage-first heap   total 147456K, used 132044K [0x0000000080000000, 0x0000000100000000)
  region size 1024K, 46 young (47104K), 3 survivors (3072K)
 Metaspace       used 96383K, committed 98368K, reserved 1179648K
  class space    used 13223K, committed 14208K, reserved 1048576K
}
Event: 173.313 GC heap after
{Heap after GC invocations=56 (full 0):
 garbage-first heap   total 147456K, used 90016K [0x0000000080000000, 0x0000000100000000)
  region size 1024K, 5 young (5120K), 5 survivors (5120K)
 Metaspace       used 96383K, committed 98368K, reserved 1179648K
  class space    used 13223K, committed 14208K, reserved 1048576K
}
Event: 178.221 GC heap before
{Heap before GC invocations=56 (full 0):
 garbage-first heap   total 147456K, used 134048K [0x0000000080000000, 0x0000000100000000)
  region size 1024K, 48 young (49152K), 5 survivors (5120K)
 Metaspace       used 97648K, committed 99648K, reserved 1179648K
  class space    used 13415K, committed 14400K, reserved 1048576K
}
Event: 178.253 GC heap after
{Heap after GC invocations=57 (full 0):
 garbage-first heap   total 147456K, used 94024K [0x0000000080000000, 0x0000000100000000)
  region size 1024K, 6 young (6144K), 6 survivors (6144K)
 Metaspace       used 97648K, committed 99648K, reserved 1179648K
  class space    used 13415K, committed 14400K, reserved 1048576K
}
Event: 182.694 GC heap before
{Heap before GC invocations=57 (full 0):
 garbage-first heap   total 147456K, used 132936K [0x0000000080000000, 0x0000000100000000)
  region size 1024K, 44 young (45056K), 6 survivors (6144K)
 Metaspace       used 100118K, committed 102144K, reserved 1179648K
  class space    used 13735K, committed 14720K, reserved 1048576K
}
Event: 182.709 GC heap after
{Heap after GC invocations=58 (full 0):
 garbage-first heap   total 147456K, used 96739K [0x0000000080000000, 0x0000000100000000)
  region size 1024K, 6 young (6144K), 6 survivors (6144K)
 Metaspace       used 100118K, committed 102144K, reserved 1179648K
  class space    used 13735K, committed 14720K, reserved 1048576K
}
Event: 185.215 GC heap before
{Heap before GC invocations=59 (full 0):
 garbage-first heap   total 162816K, used 132579K [0x0000000080000000, 0x0000000100000000)
  region size 1024K, 40 young (40960K), 6 survivors (6144K)
 Metaspace       used 102700K, committed 104768K, reserved 1179648K
  class space    used 14121K, committed 15104K, reserved 1048576K
}
Event: 185.228 GC heap after
{Heap after GC invocations=60 (full 0):
 garbage-first heap   total 162816K, used 97962K [0x0000000080000000, 0x0000000100000000)
  region size 1024K, 4 young (4096K), 4 survivors (4096K)
 Metaspace       used 102700K, committed 104768K, reserved 1179648K
  class space    used 14121K, committed 15104K, reserved 1048576K
}
Event: 188.894 GC heap before
{Heap before GC invocations=60 (full 0):
 garbage-first heap   total 162816K, used 147114K [0x0000000080000000, 0x0000000100000000)
  region size 1024K, 52 young (53248K), 4 survivors (4096K)
 Metaspace       used 106720K, committed 108736K, reserved 1179648K
  class space    used 14831K, committed 15808K, reserved 1048576K
}
Event: 188.911 GC heap after
{Heap after GC invocations=61 (full 0):
 garbage-first heap   total 162816K, used 99125K [0x0000000080000000, 0x0000000100000000)
  region size 1024K, 6 young (6144K), 6 survivors (6144K)
 Metaspace       used 106720K, committed 108736K, reserved 1179648K
  class space    used 14831K, committed 15808K, reserved 1048576K
}
Event: 193.103 GC heap before
{Heap before GC invocations=61 (full 0):
 garbage-first heap   total 162816K, used 146229K [0x0000000080000000, 0x0000000100000000)
  region size 1024K, 52 young (53248K), 6 survivors (6144K)
 Metaspace       used 110342K, committed 112512K, reserved 1179648K
  class space    used 15386K, committed 16448K, reserved 1048576K
}
Event: 193.129 GC heap after
{Heap after GC invocations=62 (full 0):
 garbage-first heap   total 162816K, used 101098K [0x0000000080000000, 0x0000000100000000)
  region size 1024K, 5 young (5120K), 5 survivors (5120K)
 Metaspace       used 110342K, committed 112512K, reserved 1179648K
  class space    used 15386K, committed 16448K, reserved 1048576K
}
Event: 196.450 GC heap before
{Heap before GC invocations=63 (full 0):
 garbage-first heap   total 168960K, used 148202K [0x0000000080000000, 0x0000000100000000)
  region size 1024K, 51 young (52224K), 5 survivors (5120K)
 Metaspace       used 113613K, committed 115776K, reserved 1179648K
  class space    used 15939K, committed 16960K, reserved 1048576K
}
Event: 196.470 GC heap after
{Heap after GC invocations=64 (full 0):
 garbage-first heap   total 168960K, used 103889K [0x0000000080000000, 0x0000000100000000)
  region size 1024K, 5 young (5120K), 5 survivors (5120K)
 Metaspace       used 113613K, committed 115776K, reserved 1179648K
  class space    used 15939K, committed 16960K, reserved 1048576K
}

