# JRE version: OpenJDK Runtime Environment Temurin-21.0.9+10 (21.0.9+10) (build 21.0.9+10-LTS)
# Java VM: OpenJDK 64-Bit Server VM Temurin-21.0.9+10 (21.0.9+10-LTS, mixed mode, sharing, tiered, compressed oops, compressed class ptrs, parallel gc, windows-amd64)
GC Precious Log:
 CardTable entry size: 512
 CPUs: 4 total, 4 available
 Memory: 3964M
 Large Page Support: Disabled
 NUMA Support: Disabled
 Compressed Oops: Enabled (32-bit)
 Alignments: Space 512K, Generation 512K, Heap 2M
 Heap Min Capacity: 100M
 Heap Initial Capacity: 100M
 Heap Max Capacity: 2G
 Pre-touch: Disabled
 Parallel Workers: 4
Heap:
 PSYoungGen      total 19968K, used 6301K [0x00000000d5580000, 0x00000000d6c00000, 0x0000000100000000)
  eden space 18432K, 26% used [0x00000000d5580000,0x00000000d5a4f440,0x00000000d6780000)
  from space 1536K, 89% used [0x00000000d6a80000,0x00000000d6bd8040,0x00000000d6c00000)
  to   space 2048K, 0% used [0x00000000d6800000,0x00000000d6800000,0x00000000d6a00000)
 ParOldGen       total 68608K, used 54513K [0x0000000080000000, 0x0000000084300000, 0x00000000d5580000)
  object space 68608K, 79% used [0x0000000080000000,0x000000008353c730,0x0000000084300000)
 Metaspace       used 62134K, committed 63552K, reserved 1114112K
  class space    used 7291K, committed 7936K, reserved 1048576K
GC Heap History (20 events):
Event: 65.638 GC heap before
{Heap before GC invocations=30 (full 2):
 PSYoungGen      total 21504K, used 16442K [0x00000000d5580000, 0x00000000d7680000, 0x0000000100000000)
  eden space 18432K, 72% used [0x00000000d5580000,0x00000000d628e940,0x00000000d6780000)
  from space 3072K, 100% used [0x00000000d6780000,0x00000000d6a80000,0x00000000d6a80000)
  to   space 7680K, 0% used [0x00000000d6f00000,0x00000000d6f00000,0x00000000d7680000)
 ParOldGen       total 68608K, used 43417K [0x0000000080000000, 0x0000000084300000, 0x00000000d5580000)
  object space 68608K, 63% used [0x0000000080000000,0x0000000082a66570,0x0000000084300000)
 Metaspace       used 58482K, committed 59840K, reserved 1114112K
  class space    used 6841K, committed 7424K, reserved 1048576K
}
Event: 65.646 GC heap after
{Heap after GC invocations=30 (full 2):
 PSYoungGen      total 19968K, used 1065K [0x00000000d5580000, 0x00000000d7080000, 0x0000000100000000)
  eden space 18432K, 0% used [0x00000000d5580000,0x00000000d5580000,0x00000000d6780000)
  from space 1536K, 69% used [0x00000000d6f00000,0x00000000d700a460,0x00000000d7080000)
  to   space 3584K, 0% used [0x00000000d6980000,0x00000000d6980000,0x00000000d6d00000)
 ParOldGen       total 68608K, used 46506K [0x0000000080000000, 0x0000000084300000, 0x00000000d5580000)
  object space 68608K, 67% used [0x0000000080000000,0x0000000082d6abc8,0x0000000084300000)
 Metaspace       used 58482K, committed 59840K, reserved 1114112K
  class space    used 6841K, committed 7424K, reserved 1048576K
}
Event: 66.016 GC heap before
{Heap before GC invocations=31 (full 2):
 PSYoungGen      total 19968K, used 10388K [0x00000000d5580000, 0x00000000d7080000, 0x0000000100000000)
  eden space 18432K, 50% used [0x00000000d5580000,0x00000000d5e9adf0,0x00000000d6780000)
  from space 1536K, 69% used [0x00000000d6f00000,0x00000000d700a460,0x00000000d7080000)
  to   space 3584K, 0% used [0x00000000d6980000,0x00000000d6980000,0x00000000d6d00000)
 ParOldGen       total 68608K, used 46506K [0x0000000080000000, 0x0000000084300000, 0x00000000d5580000)
  object space 68608K, 67% used [0x0000000080000000,0x0000000082d6abc8,0x0000000084300000)
 Metaspace       used 58764K, committed 60096K, reserved 1114112K
  class space    used 6884K, committed 7488K, reserved 1048576K
}
Event: 66.023 GC heap after
{Heap after GC invocations=31 (full 2):
 PSYoungGen      total 22016K, used 992K [0x00000000d5580000, 0x00000000d6f80000, 0x0000000100000000)
  eden space 18432K, 0% used [0x00000000d5580000,0x00000000d5580000,0x00000000d6780000)
  from space 3584K, 27% used [0x00000000d6980000,0x00000000d6a78030,0x00000000d6d00000)
  to   space 1536K, 0% used [0x00000000d6e00000,0x00000000d6e00000,0x00000000d6f80000)
 ParOldGen       total 68608K, used 47513K [0x0000000080000000, 0x0000000084300000, 0x00000000d5580000)
  object space 68608K, 69% used [0x0000000080000000,0x0000000082e66598,0x0000000084300000)
 Metaspace       used 58764K, committed 60096K, reserved 1114112K
  class space    used 6884K, committed 7488K, reserved 1048576K
}
Event: 66.023 GC heap before
{Heap before GC invocations=32 (full 3):
 PSYoungGen      total 22016K, used 992K [0x00000000d5580000, 0x00000000d6f80000, 0x0000000100000000)
  eden space 18432K, 0% used [0x00000000d5580000,0x00000000d5580000,0x00000000d6780000)
  from space 3584K, 27% used [0x00000000d6980000,0x00000000d6a78030,0x00000000d6d00000)
  to   space 1536K, 0% used [0x00000000d6e00000,0x00000000d6e00000,0x00000000d6f80000)
 ParOldGen       total 68608K, used 47513K [0x0000000080000000, 0x0000000084300000, 0x00000000d5580000)
  object space 68608K, 69% used [0x0000000080000000,0x0000000082e66598,0x0000000084300000)
 Metaspace       used 58764K, committed 60096K, reserved 1114112K
  class space    used 6884K, committed 7488K, reserved 1048576K
}
Event: 66.997 GC heap after
{Heap after GC invocations=32 (full 3):
 PSYoungGen      total 22016K, used 0K [0x00000000d5580000, 0x00000000d6f80000, 0x0000000100000000)
  eden space 18432K, 0% used [0x00000000d5580000,0x00000000d5580000,0x00000000d6780000)
  from space 3584K, 0% used [0x00000000d6980000,0x00000000d6980000,0x00000000d6d00000)
  to   space 1536K, 0% used [0x00000000d6e00000,0x00000000d6e00000,0x00000000d6f80000)
 ParOldGen       total 68608K, used 43625K [0x0000000080000000, 0x0000000084300000, 0x00000000d5580000)
  object space 68608K, 63% used [0x0000000080000000,0x0000000082a9a560,0x0000000084300000)
 Metaspace       used 58764K, committed 60096K, reserved 1114112K
  class space    used 6884K, committed 7488K, reserved 1048576K
}
Event: 67.725 GC heap before
{Heap before GC invocations=33 (full 3):
 PSYoungGen      total 22016K, used 18432K [0x00000000d5580000, 0x00000000d6f80000, 0x0000000100000000)
  eden space 18432K, 100% used [0x00000000d5580000,0x00000000d6780000,0x00000000d6780000)
  from space 3584K, 0% used [0x00000000d6980000,0x00000000d6980000,0x00000000d6d00000)
  to   space 1536K, 0% used [0x00000000d6e00000,0x00000000d6e00000,0x00000000d6f80000)
 ParOldGen       total 68608K, used 43625K [0x0000000080000000, 0x0000000084300000, 0x00000000d5580000)
  object space 68608K, 63% used [0x0000000080000000,0x0000000082a9a560,0x0000000084300000)
 Metaspace       used 59241K, committed 60608K, reserved 1114112K
  class space    used 6948K, committed 7552K, reserved 1048576K
}
Event: 67.736 GC heap after
{Heap after GC invocations=33 (full 3):
 PSYoungGen      total 19968K, used 1536K [0x00000000d5580000, 0x00000000d6f80000, 0x0000000100000000)
  eden space 18432K, 0% used [0x00000000d5580000,0x00000000d5580000,0x00000000d6780000)
  from space 1536K, 100% used [0x00000000d6e00000,0x00000000d6f80000,0x00000000d6f80000)
  to   space 2048K, 0% used [0x00000000d6b80000,0x00000000d6b80000,0x00000000d6d80000)
 ParOldGen       total 68608K, used 43825K [0x0000000080000000, 0x0000000084300000, 0x00000000d5580000)
  object space 68608K, 63% used [0x0000000080000000,0x0000000082acc570,0x0000000084300000)
 Metaspace       used 59241K, committed 60608K, reserved 1114112K
  class space    used 6948K, committed 7552K, reserved 1048576K
}
Event: 69.009 GC heap before
{Heap before GC invocations=34 (full 3):
 PSYoungGen      total 19968K, used 19968K [0x00000000d5580000, 0x00000000d6f80000, 0x0000000100000000)
  eden space 18432K, 100% used [0x00000000d5580000,0x00000000d6780000,0x00000000d6780000)
  from space 1536K, 100% used [0x00000000d6e00000,0x00000000d6f80000,0x00000000d6f80000)
  to   space 2048K, 0% used [0x00000000d6b80000,0x00000000d6b80000,0x00000000d6d80000)
 ParOldGen       total 68608K, used 43825K [0x0000000080000000, 0x0000000084300000, 0x00000000d5580000)
  object space 68608K, 63% used [0x0000000080000000,0x0000000082acc570,0x0000000084300000)
 Metaspace       used 60051K, committed 61376K, reserved 1114112K
  class space    used 7046K, committed 7616K, reserved 1048576K
}
Event: 69.015 GC heap after
{Heap after GC invocations=34 (full 3):
 PSYoungGen      total 20480K, used 2033K [0x00000000d5580000, 0x00000000d6f80000, 0x0000000100000000)
  eden space 18432K, 0% used [0x00000000d5580000,0x00000000d5580000,0x00000000d6780000)
  from space 2048K, 99% used [0x00000000d6b80000,0x00000000d6d7c420,0x00000000d6d80000)
  to   space 2048K, 0% used [0x00000000d6d80000,0x00000000d6d80000,0x00000000d6f80000)
 ParOldGen       total 68608K, used 45433K [0x0000000080000000, 0x0000000084300000, 0x00000000d5580000)
  object space 68608K, 66% used [0x0000000080000000,0x0000000082c5e580,0x0000000084300000)
 Metaspace       used 60051K, committed 61376K, reserved 1114112K
  class space    used 7046K, committed 7616K, reserved 1048576K
}
Event: 69.507 GC heap before
{Heap before GC invocations=35 (full 3):
 PSYoungGen      total 20480K, used 20465K [0x00000000d5580000, 0x00000000d6f80000, 0x0000000100000000)
  eden space 18432K, 100% used [0x00000000d5580000,0x00000000d6780000,0x00000000d6780000)
  from space 2048K, 99% used [0x00000000d6b80000,0x00000000d6d7c420,0x00000000d6d80000)
  to   space 2048K, 0% used [0x00000000d6d80000,0x00000000d6d80000,0x00000000d6f80000)
 ParOldGen       total 68608K, used 45433K [0x0000000080000000, 0x0000000084300000, 0x00000000d5580000)
  object space 68608K, 66% used [0x0000000080000000,0x0000000082c5e580,0x0000000084300000)
 Metaspace       used 60197K, committed 61504K, reserved 1114112K
  class space    used 7059K, committed 7616K, reserved 1048576K
}
Event: 69.515 GC heap after
{Heap after GC invocations=35 (full 3):
 PSYoungGen      total 20480K, used 1762K [0x00000000d5580000, 0x00000000d6f80000, 0x0000000100000000)
  eden space 18432K, 0% used [0x00000000d5580000,0x00000000d5580000,0x00000000d6780000)
  from space 2048K, 86% used [0x00000000d6d80000,0x00000000d6f38800,0x00000000d6f80000)
  to   space 2560K, 0% used [0x00000000d6a80000,0x00000000d6a80000,0x00000000d6d00000)
 ParOldGen       total 68608K, used 47356K [0x0000000080000000, 0x0000000084300000, 0x00000000d5580000)
  object space 68608K, 69% used [0x0000000080000000,0x0000000082e3f270,0x0000000084300000)
 Metaspace       used 60197K, committed 61504K, reserved 1114112K
  class space    used 7059K, committed 7616K, reserved 1048576K
}
Event: 69.699 GC heap before
{Heap before GC invocations=36 (full 3):
 PSYoungGen      total 20480K, used 20194K [0x00000000d5580000, 0x00000000d6f80000, 0x0000000100000000)
  eden space 18432K, 100% used [0x00000000d5580000,0x00000000d6780000,0x00000000d6780000)
  from space 2048K, 86% used [0x00000000d6d80000,0x00000000d6f38800,0x00000000d6f80000)
  to   space 2560K, 0% used [0x00000000d6a80000,0x00000000d6a80000,0x00000000d6d00000)
 ParOldGen       total 68608K, used 47356K [0x0000000080000000, 0x0000000084300000, 0x00000000d5580000)
  object space 68608K, 69% used [0x0000000080000000,0x0000000082e3f270,0x0000000084300000)
 Metaspace       used 60201K, committed 61504K, reserved 1114112K
  class space    used 7059K, committed 7616K, reserved 1048576K
}
Event: 69.704 GC heap after
{Heap after GC invocations=36 (full 3):
 PSYoungGen      total 20480K, used 1924K [0x00000000d5580000, 0x00000000d6e00000, 0x0000000100000000)
  eden space 18432K, 0% used [0x00000000d5580000,0x00000000d5580000,0x00000000d6780000)
  from space 2048K, 93% used [0x00000000d6a80000,0x00000000d6c61000,0x00000000d6c80000)
  to   space 1536K, 0% used [0x00000000d6c80000,0x00000000d6c80000,0x00000000d6e00000)
 ParOldGen       total 68608K, used 48955K [0x0000000080000000, 0x0000000084300000, 0x00000000d5580000)
  object space 68608K, 71% used [0x0000000080000000,0x0000000082fcec20,0x0000000084300000)
 Metaspace       used 60201K, committed 61504K, reserved 1114112K
  class space    used 7059K, committed 7616K, reserved 1048576K
}
Event: 70.050 GC heap before
{Heap before GC invocations=37 (full 3):
 PSYoungGen      total 20480K, used 20215K [0x00000000d5580000, 0x00000000d6e00000, 0x0000000100000000)
  eden space 18432K, 99% used [0x00000000d5580000,0x00000000d675ce08,0x00000000d6780000)
  from space 2048K, 93% used [0x00000000d6a80000,0x00000000d6c61000,0x00000000d6c80000)
  to   space 1536K, 0% used [0x00000000d6c80000,0x00000000d6c80000,0x00000000d6e00000)
 ParOldGen       total 68608K, used 48955K [0x0000000080000000, 0x0000000084300000, 0x00000000d5580000)
  object space 68608K, 71% used [0x0000000080000000,0x0000000082fcec20,0x0000000084300000)
 Metaspace       used 60361K, committed 61696K, reserved 1114112K
  class space    used 7086K, committed 7680K, reserved 1048576K
}
Event: 70.057 GC heap after
{Heap after GC invocations=37 (full 3):
 PSYoungGen      total 19968K, used 1536K [0x00000000d5580000, 0x00000000d6f80000, 0x0000000100000000)
  eden space 18432K, 0% used [0x00000000d5580000,0x00000000d5580000,0x00000000d6780000)
  from space 1536K, 100% used [0x00000000d6c80000,0x00000000d6e00000,0x00000000d6e00000)
  to   space 4096K, 0% used [0x00000000d6780000,0x00000000d6780000,0x00000000d6b80000)
 ParOldGen       total 68608K, used 51011K [0x0000000080000000, 0x0000000084300000, 0x00000000d5580000)
  object space 68608K, 74% used [0x0000000080000000,0x00000000831d0d20,0x0000000084300000)
 Metaspace       used 60361K, committed 61696K, reserved 1114112K
  class space    used 7086K, committed 7680K, reserved 1048576K
}
Event: 70.433 GC heap before
{Heap before GC invocations=38 (full 3):
 PSYoungGen      total 19968K, used 19968K [0x00000000d5580000, 0x00000000d6f80000, 0x0000000100000000)
  eden space 18432K, 100% used [0x00000000d5580000,0x00000000d6780000,0x00000000d6780000)
  from space 1536K, 100% used [0x00000000d6c80000,0x00000000d6e00000,0x00000000d6e00000)
  to   space 4096K, 0% used [0x00000000d6780000,0x00000000d6780000,0x00000000d6b80000)
 ParOldGen       total 68608K, used 51011K [0x0000000080000000, 0x0000000084300000, 0x00000000d5580000)
  object space 68608K, 74% used [0x0000000080000000,0x00000000831d0d20,0x0000000084300000)
 Metaspace       used 60620K, committed 61952K, reserved 1114112K
  class space    used 7117K, committed 7680K, reserved 1048576K
}
Event: 70.443 GC heap after
{Heap after GC invocations=38 (full 3):
 PSYoungGen      total 20480K, used 1992K [0x00000000d5580000, 0x00000000d6d80000, 0x0000000100000000)
  eden space 18432K, 0% used [0x00000000d5580000,0x00000000d5580000,0x00000000d6780000)
  from space 2048K, 97% used [0x00000000d6780000,0x00000000d6972220,0x00000000d6980000)
  to   space 3072K, 0% used [0x00000000d6a80000,0x00000000d6a80000,0x00000000d6d80000)
 ParOldGen       total 68608K, used 52561K [0x0000000080000000, 0x0000000084300000, 0x00000000d5580000)
  object space 68608K, 76% used [0x0000000080000000,0x00000000833544f0,0x0000000084300000)
 Metaspace       used 60620K, committed 61952K, reserved 1114112K
  class space    used 7117K, committed 7680K, reserved 1048576K
}
Event: 201.807 GC heap before
{Heap before GC invocations=39 (full 3):
 PSYoungGen      total 20480K, used 20424K [0x00000000d5580000, 0x00000000d6d80000, 0x0000000100000000)
  eden space 18432K, 100% used [0x00000000d5580000,0x00000000d6780000,0x00000000d6780000)
  from space 2048K, 97% used [0x00000000d6780000,0x00000000d6972220,0x00000000d6980000)
  to   space 3072K, 0% used [0x00000000d6a80000,0x00000000d6a80000,0x00000000d6d80000)
 ParOldGen       total 68608K, used 52561K [0x0000000080000000, 0x0000000084300000, 0x00000000d5580000)
  object space 68608K, 76% used [0x0000000080000000,0x00000000833544f0,0x0000000084300000)
 Metaspace       used 61499K, committed 62912K, reserved 1114112K
  class space    used 7210K, committed 7872K, reserved 1048576K
}
Event: 201.986 GC heap after
{Heap after GC invocations=39 (full 3):
 PSYoungGen      total 19968K, used 1376K [0x00000000d5580000, 0x00000000d6c00000, 0x0000000100000000)
  eden space 18432K, 0% used [0x00000000d5580000,0x00000000d5580000,0x00000000d6780000)
  from space 1536K, 89% used [0x00000000d6a80000,0x00000000d6bd8040,0x00000000d6c00000)
  to   space 2048K, 0% used [0x00000000d6800000,0x00000000d6800000,0x00000000d6a00000)
 ParOldGen       total 68608K, used 54513K [0x0000000080000000, 0x0000000084300000, 0x00000000d5580000)
  object space 68608K, 79% used [0x0000000080000000,0x000000008353c730,0x0000000084300000)
 Metaspace       used 61499K, committed 62912K, reserved 1114112K
  class space    used 7210K, committed 7872K, reserved 1048576K
}

