# JRE version: OpenJDK Runtime Environment Temurin-17.0.15+6 (17.0.15+6) (build 17.0.15+6)
# Java VM: OpenJDK 64-Bit Server VM Temurin-17.0.15+6 (17.0.15+6, mixed mode, sharing, tiered, compressed oops, compressed class ptrs, g1 gc, windows-amd64)
GC Precious Log:
 CPUs: 4 total, 4 available
 Memory: 3964M
 Large Page Support: Disabled
 NUMA Support: Disabled
 Compressed Oops: Enabled (32-bit)
 Heap Region Size: 1M
 Heap Min Capacity: 8M
 Heap Initial Capacity: 62M
 Heap Max Capacity: 992M
 Pre-touch: Disabled
 Parallel Workers: 4
 Concurrent Workers: 1
 Concurrent Refinement Workers: 4
 Periodic GC: Disabled
Heap:
 garbage-first heap   total 53248K, used 40148K [0x00000000c2000000, 0x0000000100000000)
  region size 1024K, 13 young (13312K), 1 survivors (1024K)
 Metaspace       used 50378K, committed 50688K, reserved 1114112K
  class space    used 6011K, committed 6144K, reserved 1048576K
GC Heap History (20 events):
Event: 24.475 GC heap before
{Heap before GC invocations=8 (full 0):
 garbage-first heap   total 46080K, used 32945K [0x00000000c2000000, 0x0000000100000000)
  region size 1024K, 15 young (15360K), 3 survivors (3072K)
 Metaspace       used 32574K, committed 32896K, reserved 1114112K
  class space    used 3685K, committed 3840K, reserved 1048576K
}
Event: 24.477 GC heap after
{Heap after GC invocations=9 (full 0):
 garbage-first heap   total 46080K, used 21104K [0x00000000c2000000, 0x0000000100000000)
  region size 1024K, 1 young (1024K), 1 survivors (1024K)
 Metaspace       used 32574K, committed 32896K, reserved 1114112K
  class space    used 3685K, committed 3840K, reserved 1048576K
}
Event: 27.448 GC heap before
{Heap before GC invocations=9 (full 0):
 garbage-first heap   total 46080K, used 32368K [0x00000000c2000000, 0x0000000100000000)
  region size 1024K, 13 young (13312K), 1 survivors (1024K)
 Metaspace       used 33530K, committed 33856K, reserved 1114112K
  class space    used 3753K, committed 3904K, reserved 1048576K
}
Event: 27.452 GC heap after
{Heap after GC invocations=10 (full 0):
 garbage-first heap   total 46080K, used 21918K [0x00000000c2000000, 0x0000000100000000)
  region size 1024K, 2 young (2048K), 2 survivors (2048K)
 Metaspace       used 33530K, committed 33856K, reserved 1114112K
  class space    used 3753K, committed 3904K, reserved 1048576K
}
Event: 29.045 GC heap before
{Heap before GC invocations=11 (full 0):
 garbage-first heap   total 46080K, used 33182K [0x00000000c2000000, 0x0000000100000000)
  region size 1024K, 14 young (14336K), 2 survivors (2048K)
 Metaspace       used 36205K, committed 36544K, reserved 1114112K
  class space    used 4388K, committed 4544K, reserved 1048576K
}
Event: 29.050 GC heap after
{Heap after GC invocations=12 (full 0):
 garbage-first heap   total 46080K, used 23864K [0x00000000c2000000, 0x0000000100000000)
  region size 1024K, 2 young (2048K), 2 survivors (2048K)
 Metaspace       used 36205K, committed 36544K, reserved 1114112K
  class space    used 4388K, committed 4544K, reserved 1048576K
}
Event: 31.054 GC heap before
{Heap before GC invocations=12 (full 0):
 garbage-first heap   total 46080K, used 34104K [0x00000000c2000000, 0x0000000100000000)
  region size 1024K, 13 young (13312K), 2 survivors (2048K)
 Metaspace       used 39097K, committed 39424K, reserved 1114112K
  class space    used 4868K, committed 4992K, reserved 1048576K
}
Event: 31.062 GC heap after
{Heap after GC invocations=13 (full 0):
 garbage-first heap   total 46080K, used 24841K [0x00000000c2000000, 0x0000000100000000)
  region size 1024K, 2 young (2048K), 2 survivors (2048K)
 Metaspace       used 39097K, committed 39424K, reserved 1114112K
  class space    used 4868K, committed 4992K, reserved 1048576K
}
Event: 31.988 GC heap before
{Heap before GC invocations=14 (full 0):
 garbage-first heap   total 46080K, used 34057K [0x00000000c2000000, 0x0000000100000000)
  region size 1024K, 12 young (12288K), 2 survivors (2048K)
 Metaspace       used 41619K, committed 41920K, reserved 1114112K
  class space    used 5192K, committed 5312K, reserved 1048576K
}
Event: 31.992 GC heap after
{Heap after GC invocations=15 (full 0):
 garbage-first heap   total 46080K, used 26282K [0x00000000c2000000, 0x0000000100000000)
  region size 1024K, 2 young (2048K), 2 survivors (2048K)
 Metaspace       used 41619K, committed 41920K, reserved 1114112K
  class space    used 5192K, committed 5312K, reserved 1048576K
}
Event: 33.079 GC heap before
{Heap before GC invocations=15 (full 0):
 garbage-first heap   total 46080K, used 35498K [0x00000000c2000000, 0x0000000100000000)
  region size 1024K, 11 young (11264K), 2 survivors (2048K)
 Metaspace       used 43628K, committed 43968K, reserved 1114112K
  class space    used 5405K, committed 5568K, reserved 1048576K
}
Event: 33.084 GC heap after
{Heap after GC invocations=16 (full 0):
 garbage-first heap   total 46080K, used 27370K [0x00000000c2000000, 0x0000000100000000)
  region size 1024K, 2 young (2048K), 2 survivors (2048K)
 Metaspace       used 43628K, committed 43968K, reserved 1114112K
  class space    used 5405K, committed 5568K, reserved 1048576K
}
Event: 33.909 GC heap before
{Heap before GC invocations=17 (full 0):
 garbage-first heap   total 51200K, used 35562K [0x00000000c2000000, 0x0000000100000000)
  region size 1024K, 10 young (10240K), 2 survivors (2048K)
 Metaspace       used 45118K, committed 45440K, reserved 1114112K
  class space    used 5553K, committed 5696K, reserved 1048576K
}
Event: 33.912 GC heap after
{Heap after GC invocations=18 (full 0):
 garbage-first heap   total 51200K, used 28404K [0x00000000c2000000, 0x0000000100000000)
  region size 1024K, 1 young (1024K), 1 survivors (1024K)
 Metaspace       used 45118K, committed 45440K, reserved 1114112K
  class space    used 5553K, committed 5696K, reserved 1048576K
}
Event: 34.312 GC heap before
{Heap before GC invocations=18 (full 0):
 garbage-first heap   total 51200K, used 29428K [0x00000000c2000000, 0x0000000100000000)
  region size 1024K, 2 young (2048K), 1 survivors (1024K)
 Metaspace       used 45267K, committed 45568K, reserved 1114112K
  class space    used 5568K, committed 5696K, reserved 1048576K
}
Event: 34.314 GC heap after
{Heap after GC invocations=19 (full 0):
 garbage-first heap   total 51200K, used 28233K [0x00000000c2000000, 0x0000000100000000)
  region size 1024K, 1 young (1024K), 1 survivors (1024K)
 Metaspace       used 45267K, committed 45568K, reserved 1114112K
  class space    used 5568K, committed 5696K, reserved 1048576K
}
Event: 35.714 GC heap before
{Heap before GC invocations=19 (full 0):
 garbage-first heap   total 51200K, used 38473K [0x00000000c2000000, 0x0000000100000000)
  region size 1024K, 12 young (12288K), 1 survivors (1024K)
 Metaspace       used 47677K, committed 48000K, reserved 1114112K
  class space    used 5742K, committed 5888K, reserved 1048576K
}
Event: 35.717 GC heap after
{Heap after GC invocations=20 (full 0):
 garbage-first heap   total 51200K, used 29365K [0x00000000c2000000, 0x0000000100000000)
  region size 1024K, 2 young (2048K), 2 survivors (2048K)
 Metaspace       used 47677K, committed 48000K, reserved 1114112K
  class space    used 5742K, committed 5888K, reserved 1048576K
}
Event: 37.373 GC heap before
{Heap before GC invocations=21 (full 0):
 garbage-first heap   total 53248K, used 39605K [0x00000000c2000000, 0x0000000100000000)
  region size 1024K, 12 young (12288K), 2 survivors (2048K)
 Metaspace       used 49595K, committed 49856K, reserved 1114112K
  class space    used 5962K, committed 6080K, reserved 1048576K
}
Event: 37.377 GC heap after
{Heap after GC invocations=22 (full 0):
 garbage-first heap   total 53248K, used 29908K [0x00000000c2000000, 0x0000000100000000)
  region size 1024K, 1 young (1024K), 1 survivors (1024K)
 Metaspace       used 49595K, committed 49856K, reserved 1114112K
  class space    used 5962K, committed 6080K, reserved 1048576K
}

