# JRE version: OpenJDK Runtime Environment Temurin-17.0.15+6 (17.0.15+6) (build 17.0.15+6)
# Java VM: OpenJDK 64-Bit Server VM Temurin-17.0.15+6 (17.0.15+6, mixed mode, sharing, tiered, compressed oops, compressed class ptrs, g1 gc, windows-amd64)
GC Precious Log:
 CPUs: 4 total, 4 available
 Memory: 3964M
 Large Page Support: Disabled
 NUMA Support: Disabled
 Compressed Oops: Enabled (32-bit)
 Heap Region Size: 1M
 Heap Min Capacity: 8M
 Heap Initial Capacity: 62M
 Heap Max Capacity: 2G
 Pre-touch: Disabled
 Parallel Workers: 4
 Concurrent Workers: 1
 Concurrent Refinement Workers: 4
 Periodic GC: Disabled
Heap:
 garbage-first heap   total 94208K, used 57696K [0x0000000080000000, 0x0000000100000000)
  region size 1024K, 3 young (3072K), 3 survivors (3072K)
 Metaspace       used 56937K, committed 57600K, reserved 1114112K
  class space    used 7854K, committed 8192K, reserved 1048576K
GC Heap History (20 events):
Event: 82.341 GC heap after
{Heap after GC invocations=37 (full 0):
 garbage-first heap   total 80896K, used 46661K [0x0000000080000000, 0x0000000100000000)
  region size 1024K, 1 young (1024K), 1 survivors (1024K)
 Metaspace       used 53147K, committed 53760K, reserved 1114112K
  class space    used 7397K, committed 7680K, reserved 1048576K
}
Event: 83.326 GC heap before
{Heap before GC invocations=37 (full 0):
 garbage-first heap   total 80896K, used 66117K [0x0000000080000000, 0x0000000100000000)
  region size 1024K, 20 young (20480K), 1 survivors (1024K)
 Metaspace       used 54861K, committed 55552K, reserved 1114112K
  class space    used 7672K, committed 8000K, reserved 1048576K
}
Event: 83.330 GC heap after
{Heap after GC invocations=38 (full 0):
 garbage-first heap   total 80896K, used 47679K [0x0000000080000000, 0x0000000100000000)
  region size 1024K, 2 young (2048K), 2 survivors (2048K)
 Metaspace       used 54861K, committed 55552K, reserved 1114112K
  class space    used 7672K, committed 8000K, reserved 1048576K
}
Event: 85.509 GC heap before
{Heap before GC invocations=39 (full 0):
 garbage-first heap   total 87040K, used 66111K [0x0000000080000000, 0x0000000100000000)
  region size 1024K, 20 young (20480K), 2 survivors (2048K)
 Metaspace       used 55775K, committed 56448K, reserved 1114112K
  class space    used 7762K, committed 8064K, reserved 1048576K
}
Event: 85.519 GC heap after
{Heap after GC invocations=40 (full 0):
 garbage-first heap   total 87040K, used 50615K [0x0000000080000000, 0x0000000100000000)
  region size 1024K, 3 young (3072K), 3 survivors (3072K)
 Metaspace       used 55775K, committed 56448K, reserved 1114112K
  class space    used 7762K, committed 8064K, reserved 1048576K
}
Event: 85.632 GC heap before
{Heap before GC invocations=40 (full 0):
 garbage-first heap   total 87040K, used 51639K [0x0000000080000000, 0x0000000100000000)
  region size 1024K, 4 young (4096K), 3 survivors (3072K)
 Metaspace       used 55807K, committed 56448K, reserved 1114112K
  class space    used 7763K, committed 8064K, reserved 1048576K
}
Event: 85.640 GC heap after
{Heap after GC invocations=41 (full 0):
 garbage-first heap   total 87040K, used 50565K [0x0000000080000000, 0x0000000100000000)
  region size 1024K, 1 young (1024K), 1 survivors (1024K)
 Metaspace       used 55807K, committed 56448K, reserved 1114112K
  class space    used 7763K, committed 8064K, reserved 1048576K
}
Event: 90.309 GC heap before
{Heap before GC invocations=41 (full 0):
 garbage-first heap   total 87040K, used 68997K [0x0000000080000000, 0x0000000100000000)
  region size 1024K, 20 young (20480K), 1 survivors (1024K)
 Metaspace       used 56330K, committed 57024K, reserved 1114112K
  class space    used 7827K, committed 8128K, reserved 1048576K
}
Event: 90.317 GC heap after
{Heap after GC invocations=42 (full 0):
 garbage-first heap   total 87040K, used 53943K [0x0000000080000000, 0x0000000100000000)
  region size 1024K, 3 young (3072K), 3 survivors (3072K)
 Metaspace       used 56330K, committed 57024K, reserved 1114112K
  class space    used 7827K, committed 8128K, reserved 1048576K
}
Event: 91.554 GC heap before
{Heap before GC invocations=43 (full 0):
 garbage-first heap   total 94208K, used 70327K [0x0000000080000000, 0x0000000100000000)
  region size 1024K, 19 young (19456K), 3 survivors (3072K)
 Metaspace       used 56475K, committed 57088K, reserved 1114112K
  class space    used 7827K, committed 8128K, reserved 1048576K
}
Event: 91.560 GC heap after
{Heap after GC invocations=44 (full 0):
 garbage-first heap   total 94208K, used 55314K [0x0000000080000000, 0x0000000100000000)
  region size 1024K, 3 young (3072K), 3 survivors (3072K)
 Metaspace       used 56475K, committed 57088K, reserved 1114112K
  class space    used 7827K, committed 8128K, reserved 1048576K
}
Event: 91.595 GC heap before
{Heap before GC invocations=44 (full 0):
 garbage-first heap   total 94208K, used 56338K [0x0000000080000000, 0x0000000100000000)
  region size 1024K, 4 young (4096K), 3 survivors (3072K)
 Metaspace       used 56479K, committed 57088K, reserved 1114112K
  class space    used 7827K, committed 8128K, reserved 1048576K
}
Event: 91.601 GC heap after
{Heap after GC invocations=45 (full 0):
 garbage-first heap   total 94208K, used 54164K [0x0000000080000000, 0x0000000100000000)
  region size 1024K, 1 young (1024K), 1 survivors (1024K)
 Metaspace       used 56479K, committed 57088K, reserved 1114112K
  class space    used 7827K, committed 8128K, reserved 1048576K
}
Event: 92.775 GC heap before
{Heap before GC invocations=45 (full 0):
 garbage-first heap   total 94208K, used 73620K [0x0000000080000000, 0x0000000100000000)
  region size 1024K, 21 young (21504K), 1 survivors (1024K)
 Metaspace       used 56738K, committed 57472K, reserved 1114112K
  class space    used 7854K, committed 8192K, reserved 1048576K
}
Event: 92.782 GC heap after
{Heap after GC invocations=46 (full 0):
 garbage-first heap   total 94208K, used 56527K [0x0000000080000000, 0x0000000100000000)
  region size 1024K, 3 young (3072K), 3 survivors (3072K)
 Metaspace       used 56738K, committed 57472K, reserved 1114112K
  class space    used 7854K, committed 8192K, reserved 1048576K
}
Event: 94.491 GC heap before
{Heap before GC invocations=46 (full 0):
 garbage-first heap   total 94208K, used 73935K [0x0000000080000000, 0x0000000100000000)
  region size 1024K, 21 young (21504K), 3 survivors (3072K)
 Metaspace       used 56867K, committed 57536K, reserved 1114112K
  class space    used 7854K, committed 8192K, reserved 1048576K
}
Event: 94.495 GC heap after
{Heap after GC invocations=47 (full 0):
 garbage-first heap   total 94208K, used 56951K [0x0000000080000000, 0x0000000100000000)
  region size 1024K, 3 young (3072K), 3 survivors (3072K)
 Metaspace       used 56867K, committed 57536K, reserved 1114112K
  class space    used 7854K, committed 8192K, reserved 1048576K
}
Event: 95.022 GC heap before
{Heap before GC invocations=47 (full 0):
 garbage-first heap   total 94208K, used 74359K [0x0000000080000000, 0x0000000100000000)
  region size 1024K, 21 young (21504K), 3 survivors (3072K)
 Metaspace       used 56915K, committed 57600K, reserved 1114112K
  class space    used 7854K, committed 8192K, reserved 1048576K
}
Event: 95.027 GC heap after
{Heap after GC invocations=48 (full 0):
 garbage-first heap   total 94208K, used 57272K [0x0000000080000000, 0x0000000100000000)
  region size 1024K, 3 young (3072K), 3 survivors (3072K)
 Metaspace       used 56915K, committed 57600K, reserved 1114112K
  class space    used 7854K, committed 8192K, reserved 1048576K
}
Event: 95.882 GC heap before
{Heap before GC invocations=48 (full 0):
 garbage-first heap   total 94208K, used 74680K [0x0000000080000000, 0x0000000100000000)
  region size 1024K, 20 young (20480K), 3 survivors (3072K)
 Metaspace       used 56937K, committed 57600K, reserved 1114112K
  class space    used 7854K, committed 8192K, reserved 1048576K
}

