# JRE version: OpenJDK Runtime Environment Temurin-21.0.9+10 (21.0.9+10) (build 21.0.9+10-LTS)
# Java VM: OpenJDK 64-Bit Server VM Temurin-21.0.9+10 (21.0.9+10-LTS, mixed mode, sharing, tiered, compressed oops, compressed class ptrs, parallel gc, windows-amd64)
GC Precious Log:
 CardTable entry size: 512
 CPUs: 4 total, 4 available
 Memory: 3964M
 Large Page Support: Disabled
 NUMA Support: Disabled
 Compressed Oops: Enabled (32-bit)
 Alignments: Space 512K, Generation 512K, Heap 2M
 Heap Min Capacity: 100M
 Heap Initial Capacity: 100M
 Heap Max Capacity: 2G
 Pre-touch: Disabled
 Parallel Workers: 4
Heap:
 PSYoungGen      total 22528K, used 9515K [0x00000000d5580000, 0x00000000d7200000, 0x0000000100000000)
  eden space 22016K, 41% used [0x00000000d5580000,0x00000000d5e52e98,0x00000000d6b00000)
  from space 512K, 93% used [0x00000000d7100000,0x00000000d7178010,0x00000000d7180000)
  to   space 512K, 0% used [0x00000000d7180000,0x00000000d7180000,0x00000000d7200000)
 ParOldGen       total 68608K, used 43450K [0x0000000080000000, 0x0000000084300000, 0x00000000d5580000)
  object space 68608K, 63% used [0x0000000080000000,0x0000000082a6eb48,0x0000000084300000)
 Metaspace       used 67515K, committed 68864K, reserved 1114112K
  class space    used 8508K, committed 9152K, reserved 1048576K
GC Heap History (20 events):
Event: 54.493 GC heap before
{Heap before GC invocations=35 (full 3):
 PSYoungGen      total 23040K, used 22679K [0x00000000d5580000, 0x00000000d7380000, 0x0000000100000000)
  eden space 22016K, 100% used [0x00000000d5580000,0x00000000d6b00000,0x00000000d6b00000)
  from space 1024K, 64% used [0x00000000d7180000,0x00000000d7225d88,0x00000000d7280000)
  to   space 1024K, 0% used [0x00000000d7280000,0x00000000d7280000,0x00000000d7380000)
 ParOldGen       total 68608K, used 40803K [0x0000000080000000, 0x0000000084300000, 0x00000000d5580000)
  object space 68608K, 59% used [0x0000000080000000,0x00000000827d8d60,0x0000000084300000)
 Metaspace       used 63949K, committed 65216K, reserved 1114112K
  class space    used 7989K, committed 8576K, reserved 1048576K
}
Event: 54.497 GC heap after
{Heap after GC invocations=35 (full 3):
 PSYoungGen      total 22528K, used 448K [0x00000000d5580000, 0x00000000d7300000, 0x0000000100000000)
  eden space 22016K, 0% used [0x00000000d5580000,0x00000000d5580000,0x00000000d6b00000)
  from space 512K, 87% used [0x00000000d7280000,0x00000000d72f0000,0x00000000d7300000)
  to   space 1024K, 0% used [0x00000000d7100000,0x00000000d7100000,0x00000000d7200000)
 ParOldGen       total 68608K, used 41001K [0x0000000080000000, 0x0000000084300000, 0x00000000d5580000)
  object space 68608K, 59% used [0x0000000080000000,0x000000008280a7e8,0x0000000084300000)
 Metaspace       used 63949K, committed 65216K, reserved 1114112K
  class space    used 7989K, committed 8576K, reserved 1048576K
}
Event: 55.268 GC heap before
{Heap before GC invocations=36 (full 3):
 PSYoungGen      total 22528K, used 22464K [0x00000000d5580000, 0x00000000d7300000, 0x0000000100000000)
  eden space 22016K, 100% used [0x00000000d5580000,0x00000000d6b00000,0x00000000d6b00000)
  from space 512K, 87% used [0x00000000d7280000,0x00000000d72f0000,0x00000000d7300000)
  to   space 1024K, 0% used [0x00000000d7100000,0x00000000d7100000,0x00000000d7200000)
 ParOldGen       total 68608K, used 41001K [0x0000000080000000, 0x0000000084300000, 0x00000000d5580000)
  object space 68608K, 59% used [0x0000000080000000,0x000000008280a7e8,0x0000000084300000)
 Metaspace       used 64201K, committed 65472K, reserved 1114112K
  class space    used 8025K, committed 8576K, reserved 1048576K
}
Event: 55.269 GC heap after
{Heap after GC invocations=36 (full 3):
 PSYoungGen      total 23040K, used 1008K [0x00000000d5580000, 0x00000000d7300000, 0x0000000100000000)
  eden space 22016K, 0% used [0x00000000d5580000,0x00000000d5580000,0x00000000d6b00000)
  from space 1024K, 98% used [0x00000000d7100000,0x00000000d71fc288,0x00000000d7200000)
  to   space 1024K, 0% used [0x00000000d7200000,0x00000000d7200000,0x00000000d7300000)
 ParOldGen       total 68608K, used 41164K [0x0000000080000000, 0x0000000084300000, 0x00000000d5580000)
  object space 68608K, 60% used [0x0000000080000000,0x0000000082833368,0x0000000084300000)
 Metaspace       used 64201K, committed 65472K, reserved 1114112K
  class space    used 8025K, committed 8576K, reserved 1048576K
}
Event: 56.569 GC heap before
{Heap before GC invocations=37 (full 3):
 PSYoungGen      total 23040K, used 23024K [0x00000000d5580000, 0x00000000d7300000, 0x0000000100000000)
  eden space 22016K, 100% used [0x00000000d5580000,0x00000000d6b00000,0x00000000d6b00000)
  from space 1024K, 98% used [0x00000000d7100000,0x00000000d71fc288,0x00000000d7200000)
  to   space 1024K, 0% used [0x00000000d7200000,0x00000000d7200000,0x00000000d7300000)
 ParOldGen       total 68608K, used 41164K [0x0000000080000000, 0x0000000084300000, 0x00000000d5580000)
  object space 68608K, 60% used [0x0000000080000000,0x0000000082833368,0x0000000084300000)
 Metaspace       used 64201K, committed 65472K, reserved 1114112K
  class space    used 8025K, committed 8576K, reserved 1048576K
}
Event: 56.571 GC heap after
{Heap after GC invocations=37 (full 3):
 PSYoungGen      total 23040K, used 908K [0x00000000d5580000, 0x00000000d7300000, 0x0000000100000000)
  eden space 22016K, 0% used [0x00000000d5580000,0x00000000d5580000,0x00000000d6b00000)
  from space 1024K, 88% used [0x00000000d7200000,0x00000000d72e30b8,0x00000000d7300000)
  to   space 1024K, 0% used [0x00000000d7100000,0x00000000d7100000,0x00000000d7200000)
 ParOldGen       total 68608K, used 41300K [0x0000000080000000, 0x0000000084300000, 0x00000000d5580000)
  object space 68608K, 60% used [0x0000000080000000,0x0000000082855368,0x0000000084300000)
 Metaspace       used 64201K, committed 65472K, reserved 1114112K
  class space    used 8025K, committed 8576K, reserved 1048576K
}
Event: 57.960 GC heap before
{Heap before GC invocations=38 (full 3):
 PSYoungGen      total 23040K, used 22924K [0x00000000d5580000, 0x00000000d7300000, 0x0000000100000000)
  eden space 22016K, 100% used [0x00000000d5580000,0x00000000d6b00000,0x00000000d6b00000)
  from space 1024K, 88% used [0x00000000d7200000,0x00000000d72e30b8,0x00000000d7300000)
  to   space 1024K, 0% used [0x00000000d7100000,0x00000000d7100000,0x00000000d7200000)
 ParOldGen       total 68608K, used 41300K [0x0000000080000000, 0x0000000084300000, 0x00000000d5580000)
  object space 68608K, 60% used [0x0000000080000000,0x0000000082855368,0x0000000084300000)
 Metaspace       used 64201K, committed 65472K, reserved 1114112K
  class space    used 8025K, committed 8576K, reserved 1048576K
}
Event: 57.961 GC heap after
{Heap after GC invocations=38 (full 3):
 PSYoungGen      total 23040K, used 1019K [0x00000000d5580000, 0x00000000d7280000, 0x0000000100000000)
  eden space 22016K, 0% used [0x00000000d5580000,0x00000000d5580000,0x00000000d6b00000)
  from space 1024K, 99% used [0x00000000d7100000,0x00000000d71fec30,0x00000000d7200000)
  to   space 512K, 0% used [0x00000000d7200000,0x00000000d7200000,0x00000000d7280000)
 ParOldGen       total 68608K, used 41372K [0x0000000080000000, 0x0000000084300000, 0x00000000d5580000)
  object space 68608K, 60% used [0x0000000080000000,0x0000000082867220,0x0000000084300000)
 Metaspace       used 64201K, committed 65472K, reserved 1114112K
  class space    used 8025K, committed 8576K, reserved 1048576K
}
Event: 59.075 GC heap before
{Heap before GC invocations=39 (full 3):
 PSYoungGen      total 23040K, used 23035K [0x00000000d5580000, 0x00000000d7280000, 0x0000000100000000)
  eden space 22016K, 100% used [0x00000000d5580000,0x00000000d6b00000,0x00000000d6b00000)
  from space 1024K, 99% used [0x00000000d7100000,0x00000000d71fec30,0x00000000d7200000)
  to   space 512K, 0% used [0x00000000d7200000,0x00000000d7200000,0x00000000d7280000)
 ParOldGen       total 68608K, used 41372K [0x0000000080000000, 0x0000000084300000, 0x00000000d5580000)
  object space 68608K, 60% used [0x0000000080000000,0x0000000082867220,0x0000000084300000)
 Metaspace       used 64201K, committed 65472K, reserved 1114112K
  class space    used 8025K, committed 8576K, reserved 1048576K
}
Event: 59.076 GC heap after
{Heap after GC invocations=39 (full 3):
 PSYoungGen      total 22528K, used 497K [0x00000000d5580000, 0x00000000d7280000, 0x0000000100000000)
  eden space 22016K, 0% used [0x00000000d5580000,0x00000000d5580000,0x00000000d6b00000)
  from space 512K, 97% used [0x00000000d7200000,0x00000000d727c478,0x00000000d7280000)
  to   space 1536K, 0% used [0x00000000d6f80000,0x00000000d6f80000,0x00000000d7100000)
 ParOldGen       total 68608K, used 41956K [0x0000000080000000, 0x0000000084300000, 0x00000000d5580000)
  object space 68608K, 61% used [0x0000000080000000,0x00000000828f91e0,0x0000000084300000)
 Metaspace       used 64201K, committed 65472K, reserved 1114112K
  class space    used 8025K, committed 8576K, reserved 1048576K
}
Event: 59.801 GC heap before
{Heap before GC invocations=40 (full 3):
 PSYoungGen      total 22528K, used 22513K [0x00000000d5580000, 0x00000000d7280000, 0x0000000100000000)
  eden space 22016K, 100% used [0x00000000d5580000,0x00000000d6b00000,0x00000000d6b00000)
  from space 512K, 97% used [0x00000000d7200000,0x00000000d727c478,0x00000000d7280000)
  to   space 1536K, 0% used [0x00000000d6f80000,0x00000000d6f80000,0x00000000d7100000)
 ParOldGen       total 68608K, used 41956K [0x0000000080000000, 0x0000000084300000, 0x00000000d5580000)
  object space 68608K, 61% used [0x0000000080000000,0x00000000828f91e0,0x0000000084300000)
 Metaspace       used 64201K, committed 65472K, reserved 1114112K
  class space    used 8025K, committed 8576K, reserved 1048576K
}
Event: 59.803 GC heap after
{Heap after GC invocations=40 (full 3):
 PSYoungGen      total 23552K, used 909K [0x00000000d5580000, 0x00000000d7280000, 0x0000000100000000)
  eden space 22016K, 0% used [0x00000000d5580000,0x00000000d5580000,0x00000000d6b00000)
  from space 1536K, 59% used [0x00000000d6f80000,0x00000000d7063468,0x00000000d7100000)
  to   space 1024K, 0% used [0x00000000d7180000,0x00000000d7180000,0x00000000d7280000)
 ParOldGen       total 68608K, used 41972K [0x0000000080000000, 0x0000000084300000, 0x00000000d5580000)
  object space 68608K, 61% used [0x0000000080000000,0x00000000828fd1e0,0x0000000084300000)
 Metaspace       used 64201K, committed 65472K, reserved 1114112K
  class space    used 8025K, committed 8576K, reserved 1048576K
}
Event: 60.168 GC heap before
{Heap before GC invocations=41 (full 3):
 PSYoungGen      total 23552K, used 22925K [0x00000000d5580000, 0x00000000d7280000, 0x0000000100000000)
  eden space 22016K, 100% used [0x00000000d5580000,0x00000000d6b00000,0x00000000d6b00000)
  from space 1536K, 59% used [0x00000000d6f80000,0x00000000d7063468,0x00000000d7100000)
  to   space 1024K, 0% used [0x00000000d7180000,0x00000000d7180000,0x00000000d7280000)
 ParOldGen       total 68608K, used 41972K [0x0000000080000000, 0x0000000084300000, 0x00000000d5580000)
  object space 68608K, 61% used [0x0000000080000000,0x00000000828fd1e0,0x0000000084300000)
 Metaspace       used 64201K, committed 65472K, reserved 1114112K
  class space    used 8025K, committed 8576K, reserved 1048576K
}
Event: 60.169 GC heap after
{Heap after GC invocations=41 (full 3):
 PSYoungGen      total 23040K, used 818K [0x00000000d5580000, 0x00000000d7280000, 0x0000000100000000)
  eden space 22016K, 0% used [0x00000000d5580000,0x00000000d5580000,0x00000000d6b00000)
  from space 1024K, 79% used [0x00000000d7180000,0x00000000d724c888,0x00000000d7280000)
  to   space 1024K, 0% used [0x00000000d7080000,0x00000000d7080000,0x00000000d7180000)
 ParOldGen       total 68608K, used 42004K [0x0000000080000000, 0x0000000084300000, 0x00000000d5580000)
  object space 68608K, 61% used [0x0000000080000000,0x00000000829051e0,0x0000000084300000)
 Metaspace       used 64201K, committed 65472K, reserved 1114112K
  class space    used 8025K, committed 8576K, reserved 1048576K
}
Event: 60.543 GC heap before
{Heap before GC invocations=42 (full 3):
 PSYoungGen      total 23040K, used 22834K [0x00000000d5580000, 0x00000000d7280000, 0x0000000100000000)
  eden space 22016K, 100% used [0x00000000d5580000,0x00000000d6b00000,0x00000000d6b00000)
  from space 1024K, 79% used [0x00000000d7180000,0x00000000d724c888,0x00000000d7280000)
  to   space 1024K, 0% used [0x00000000d7080000,0x00000000d7080000,0x00000000d7180000)
 ParOldGen       total 68608K, used 42004K [0x0000000080000000, 0x0000000084300000, 0x00000000d5580000)
  object space 68608K, 61% used [0x0000000080000000,0x00000000829051e0,0x0000000084300000)
 Metaspace       used 64201K, committed 65472K, reserved 1114112K
  class space    used 8025K, committed 8576K, reserved 1048576K
}
Event: 60.545 GC heap after
{Heap after GC invocations=42 (full 3):
 PSYoungGen      total 23040K, used 718K [0x00000000d5580000, 0x00000000d7200000, 0x0000000100000000)
  eden space 22016K, 0% used [0x00000000d5580000,0x00000000d5580000,0x00000000d6b00000)
  from space 1024K, 70% used [0x00000000d7080000,0x00000000d71339c0,0x00000000d7180000)
  to   space 512K, 0% used [0x00000000d7180000,0x00000000d7180000,0x00000000d7200000)
 ParOldGen       total 68608K, used 42028K [0x0000000080000000, 0x0000000084300000, 0x00000000d5580000)
  object space 68608K, 61% used [0x0000000080000000,0x000000008290b1e0,0x0000000084300000)
 Metaspace       used 64201K, committed 65472K, reserved 1114112K
  class space    used 8025K, committed 8576K, reserved 1048576K
}
Event: 61.050 GC heap before
{Heap before GC invocations=43 (full 3):
 PSYoungGen      total 23040K, used 22734K [0x00000000d5580000, 0x00000000d7200000, 0x0000000100000000)
  eden space 22016K, 100% used [0x00000000d5580000,0x00000000d6b00000,0x00000000d6b00000)
  from space 1024K, 70% used [0x00000000d7080000,0x00000000d71339c0,0x00000000d7180000)
  to   space 512K, 0% used [0x00000000d7180000,0x00000000d7180000,0x00000000d7200000)
 ParOldGen       total 68608K, used 42028K [0x0000000080000000, 0x0000000084300000, 0x00000000d5580000)
  object space 68608K, 61% used [0x0000000080000000,0x000000008290b1e0,0x0000000084300000)
 Metaspace       used 65210K, committed 66432K, reserved 1114112K
  class space    used 8171K, committed 8704K, reserved 1048576K
}
Event: 61.051 GC heap after
{Heap after GC invocations=43 (full 3):
 PSYoungGen      total 22528K, used 352K [0x00000000d5580000, 0x00000000d7200000, 0x0000000100000000)
  eden space 22016K, 0% used [0x00000000d5580000,0x00000000d5580000,0x00000000d6b00000)
  from space 512K, 68% used [0x00000000d7180000,0x00000000d71d8000,0x00000000d7200000)
  to   space 512K, 0% used [0x00000000d7100000,0x00000000d7100000,0x00000000d7180000)
 ParOldGen       total 68608K, used 42052K [0x0000000080000000, 0x0000000084300000, 0x00000000d5580000)
  object space 68608K, 61% used [0x0000000080000000,0x00000000829111e0,0x0000000084300000)
 Metaspace       used 65210K, committed 66432K, reserved 1114112K
  class space    used 8171K, committed 8704K, reserved 1048576K
}
Event: 62.947 GC heap before
{Heap before GC invocations=44 (full 3):
 PSYoungGen      total 22528K, used 22368K [0x00000000d5580000, 0x00000000d7200000, 0x0000000100000000)
  eden space 22016K, 100% used [0x00000000d5580000,0x00000000d6b00000,0x00000000d6b00000)
  from space 512K, 68% used [0x00000000d7180000,0x00000000d71d8000,0x00000000d7200000)
  to   space 512K, 0% used [0x00000000d7100000,0x00000000d7100000,0x00000000d7180000)
 ParOldGen       total 68608K, used 42052K [0x0000000080000000, 0x0000000084300000, 0x00000000d5580000)
  object space 68608K, 61% used [0x0000000080000000,0x00000000829111e0,0x0000000084300000)
 Metaspace       used 67218K, committed 68544K, reserved 1114112K
  class space    used 8481K, committed 9088K, reserved 1048576K
}
Event: 62.951 GC heap after
{Heap after GC invocations=44 (full 3):
 PSYoungGen      total 22528K, used 480K [0x00000000d5580000, 0x00000000d7200000, 0x0000000100000000)
  eden space 22016K, 0% used [0x00000000d5580000,0x00000000d5580000,0x00000000d6b00000)
  from space 512K, 93% used [0x00000000d7100000,0x00000000d7178010,0x00000000d7180000)
  to   space 512K, 0% used [0x00000000d7180000,0x00000000d7180000,0x00000000d7200000)
 ParOldGen       total 68608K, used 43450K [0x0000000080000000, 0x0000000084300000, 0x00000000d5580000)
  object space 68608K, 63% used [0x0000000080000000,0x0000000082a6eb48,0x0000000084300000)
 Metaspace       used 67218K, committed 68544K, reserved 1114112K
  class space    used 8481K, committed 9088K, reserved 1048576K
}

