# JRE version: OpenJDK Runtime Environment Temurin-17.0.15+6 (17.0.15+6) (build 17.0.15+6)
# Java VM: OpenJDK 64-Bit Server VM Temurin-17.0.15+6 (17.0.15+6, mixed mode, sharing, tiered, compressed oops, compressed class ptrs, g1 gc, windows-amd64)
GC Precious Log:
 CPUs: 4 total, 4 available
 Memory: 3964M
 Large Page Support: Disabled
 NUMA Support: Disabled
 Compressed Oops: Enabled (32-bit)
 Heap Region Size: 1M
 Heap Min Capacity: 8M
 Heap Initial Capacity: 62M
 Heap Max Capacity: 2G
 Pre-touch: Disabled
 Parallel Workers: 4
 Concurrent Workers: 1
 Concurrent Refinement Workers: 4
 Periodic GC: Disabled
Heap:
 garbage-first heap   total 63488K, used 33853K [0x0000000080000000, 0x0000000100000000)
  region size 1024K, 7 young (7168K), 3 survivors (3072K)
 Metaspace       used 31157K, committed 31552K, reserved 1114112K
  class space    used 4347K, committed 4544K, reserved 1048576K
GC Heap History (20 events):
Event: 8.131 GC heap before
{Heap before GC invocations=2 (full 0):
 garbage-first heap   total 63488K, used 44433K [0x0000000080000000, 0x0000000100000000)
  region size 1024K, 37 young (37888K), 3 survivors (3072K)
 Metaspace       used 4444K, committed 4608K, reserved 1114112K
  class space    used 549K, committed 640K, reserved 1048576K
}
Event: 8.141 GC heap after
{Heap after GC invocations=3 (full 0):
 garbage-first heap   total 63488K, used 11142K [0x0000000080000000, 0x0000000100000000)
  region size 1024K, 2 young (2048K), 2 survivors (2048K)
 Metaspace       used 4444K, committed 4608K, reserved 1114112K
  class space    used 549K, committed 640K, reserved 1048576K
}
Event: 9.766 GC heap before
{Heap before GC invocations=3 (full 0):
 garbage-first heap   total 63488K, used 45958K [0x0000000080000000, 0x0000000100000000)
  region size 1024K, 34 young (34816K), 2 survivors (2048K)
 Metaspace       used 4617K, committed 4864K, reserved 1114112K
  class space    used 569K, committed 704K, reserved 1048576K
}
Event: 9.771 GC heap after
{Heap after GC invocations=4 (full 0):
 garbage-first heap   total 63488K, used 15802K [0x0000000080000000, 0x0000000100000000)
  region size 1024K, 5 young (5120K), 5 survivors (5120K)
 Metaspace       used 4617K, committed 4864K, reserved 1114112K
  class space    used 569K, committed 704K, reserved 1048576K
}
Event: 21.079 GC heap before
{Heap before GC invocations=4 (full 0):
 garbage-first heap   total 63488K, used 45498K [0x0000000080000000, 0x0000000100000000)
  region size 1024K, 34 young (34816K), 5 survivors (5120K)
 Metaspace       used 10521K, committed 10752K, reserved 1114112K
  class space    used 1413K, committed 1536K, reserved 1048576K
}
Event: 21.091 GC heap after
{Heap after GC invocations=5 (full 0):
 garbage-first heap   total 63488K, used 19636K [0x0000000080000000, 0x0000000100000000)
  region size 1024K, 4 young (4096K), 4 survivors (4096K)
 Metaspace       used 10521K, committed 10752K, reserved 1114112K
  class space    used 1413K, committed 1536K, reserved 1048576K
}
Event: 26.516 GC heap before
{Heap before GC invocations=5 (full 0):
 garbage-first heap   total 63488K, used 44212K [0x0000000080000000, 0x0000000100000000)
  region size 1024K, 29 young (29696K), 4 survivors (4096K)
 Metaspace       used 14775K, committed 15104K, reserved 1114112K
  class space    used 2015K, committed 2176K, reserved 1048576K
}
Event: 26.532 GC heap after
{Heap after GC invocations=6 (full 0):
 garbage-first heap   total 63488K, used 20999K [0x0000000080000000, 0x0000000100000000)
  region size 1024K, 2 young (2048K), 2 survivors (2048K)
 Metaspace       used 14775K, committed 15104K, reserved 1114112K
  class space    used 2015K, committed 2176K, reserved 1048576K
}
Event: 33.180 GC heap before
{Heap before GC invocations=6 (full 0):
 garbage-first heap   total 63488K, used 46599K [0x0000000080000000, 0x0000000100000000)
  region size 1024K, 27 young (27648K), 2 survivors (2048K)
 Metaspace       used 18064K, committed 18304K, reserved 1114112K
  class space    used 2572K, committed 2688K, reserved 1048576K
}
Event: 33.186 GC heap after
{Heap after GC invocations=7 (full 0):
 garbage-first heap   total 63488K, used 22235K [0x0000000080000000, 0x0000000100000000)
  region size 1024K, 3 young (3072K), 3 survivors (3072K)
 Metaspace       used 18064K, committed 18304K, reserved 1114112K
  class space    used 2572K, committed 2688K, reserved 1048576K
}
Event: 36.741 GC heap before
{Heap before GC invocations=7 (full 0):
 garbage-first heap   total 63488K, used 47835K [0x0000000080000000, 0x0000000100000000)
  region size 1024K, 28 young (28672K), 3 survivors (3072K)
 Metaspace       used 20824K, committed 21184K, reserved 1114112K
  class space    used 3009K, committed 3200K, reserved 1048576K
}
Event: 36.753 GC heap after
{Heap after GC invocations=8 (full 0):
 garbage-first heap   total 63488K, used 23796K [0x0000000080000000, 0x0000000100000000)
  region size 1024K, 3 young (3072K), 3 survivors (3072K)
 Metaspace       used 20824K, committed 21184K, reserved 1114112K
  class space    used 3009K, committed 3200K, reserved 1048576K
}
Event: 36.960 GC heap before
{Heap before GC invocations=8 (full 0):
 garbage-first heap   total 63488K, used 25844K [0x0000000080000000, 0x0000000100000000)
  region size 1024K, 6 young (6144K), 3 survivors (3072K)
 Metaspace       used 21178K, committed 21504K, reserved 1114112K
  class space    used 3067K, committed 3200K, reserved 1048576K
}
Event: 36.968 GC heap after
{Heap after GC invocations=9 (full 0):
 garbage-first heap   total 63488K, used 24142K [0x0000000080000000, 0x0000000100000000)
  region size 1024K, 2 young (2048K), 2 survivors (2048K)
 Metaspace       used 21178K, committed 21504K, reserved 1114112K
  class space    used 3067K, committed 3200K, reserved 1048576K
}
Event: 39.619 GC heap before
{Heap before GC invocations=10 (full 0):
 garbage-first heap   total 63488K, used 48718K [0x0000000080000000, 0x0000000100000000)
  region size 1024K, 27 young (27648K), 2 survivors (2048K)
 Metaspace       used 24692K, committed 25024K, reserved 1114112K
  class space    used 3650K, committed 3776K, reserved 1048576K
}
Event: 39.627 GC heap after
{Heap after GC invocations=11 (full 0):
 garbage-first heap   total 63488K, used 24931K [0x0000000080000000, 0x0000000100000000)
  region size 1024K, 3 young (3072K), 3 survivors (3072K)
 Metaspace       used 24692K, committed 25024K, reserved 1114112K
  class space    used 3650K, committed 3776K, reserved 1048576K
}
Event: 43.651 GC heap before
{Heap before GC invocations=11 (full 0):
 garbage-first heap   total 63488K, used 49507K [0x0000000080000000, 0x0000000100000000)
  region size 1024K, 28 young (28672K), 3 survivors (3072K)
 Metaspace       used 29408K, committed 29824K, reserved 1114112K
  class space    used 4168K, committed 4352K, reserved 1048576K
}
Event: 43.666 GC heap after
{Heap after GC invocations=12 (full 0):
 garbage-first heap   total 63488K, used 27891K [0x0000000080000000, 0x0000000100000000)
  region size 1024K, 4 young (4096K), 4 survivors (4096K)
 Metaspace       used 29408K, committed 29824K, reserved 1114112K
  class space    used 4168K, committed 4352K, reserved 1048576K
}
Event: 45.032 GC heap before
{Heap before GC invocations=12 (full 0):
 garbage-first heap   total 63488K, used 48371K [0x0000000080000000, 0x0000000100000000)
  region size 1024K, 25 young (25600K), 4 survivors (4096K)
 Metaspace       used 31125K, committed 31552K, reserved 1114112K
  class space    used 4345K, committed 4544K, reserved 1048576K
}
Event: 45.052 GC heap after
{Heap after GC invocations=13 (full 0):
 garbage-first heap   total 63488K, used 30781K [0x0000000080000000, 0x0000000100000000)
  region size 1024K, 3 young (3072K), 3 survivors (3072K)
 Metaspace       used 31125K, committed 31552K, reserved 1114112K
  class space    used 4345K, committed 4544K, reserved 1048576K
}

